#
# There is insufficient memory for the Java Runtime Environment to continue.
# Native memory allocation (malloc) failed to allocate 2260016 bytes for Chunk::new
# Possible reasons:
#   The system is out of physical RAM or swap space
#   The process is running with CompressedOops enabled, and the Java Heap may be blocking the growth of the native heap
# Possible solutions:
#   Reduce memory load on the system
#   Increase physical memory or swap space
#   Check if swap backing store is full
#   Decrease Java heap size (-Xmx/-Xms)
#   Decrease number of Java threads
#   Decrease Java thread stack sizes (-Xss)
#   Set larger code cache with -XX:ReservedCodeCacheSize=
#   JVM is running with Unscaled Compressed Oops mode in which the Java heap is
#     placed in the first 4GB address space. The Java Heap base address is the
#     maximum limit for the native heap growth. Please use -XX:HeapBaseMinAddress
#     to set the Java Heap base and to place the Java Heap above 4GB virtual address.
# This output file may be truncated or incomplete.
#
#  Out of Memory Error (arena.cpp:168), pid=5000, tid=3900
#
# JRE version: OpenJDK Runtime Environment (21.0.2+13) (build 21.0.2+13-58)
# Java VM: OpenJDK 64-Bit Server VM (21.0.2+13-58, mixed mode, sharing, tiered, compressed oops, compressed class ptrs, g1 gc, windows-amd64)
# No core dump will be written. Minidumps are not enabled by default on client versions of Windows
#

---------------  S U M M A R Y ------------

Command Line: --add-opens=java.base/java.util=ALL-UNNAMED --add-opens=java.base/java.lang=ALL-UNNAMED --add-opens=java.base/java.lang.invoke=ALL-UNNAMED --add-opens=java.prefs/java.util.prefs=ALL-UNNAMED --add-opens=java.base/java.nio.charset=ALL-UNNAMED --add-opens=java.base/java.net=ALL-UNNAMED --add-opens=java.base/java.util.concurrent.atomic=ALL-UNNAMED -XX:MaxMetaspaceSize=384m -XX:+HeapDumpOnOutOfMemoryError -Xms256m -Xmx512m -Dfile.encoding=x-windows-949 -Duser.country=KR -Duser.language=ko -Duser.variant -javaagent:C:\Users\Administrator\.gradle\wrapper\dists\gradle-8.7-bin\bhs2wmbdwecv87pi65oeuq5iu\gradle-8.7\lib\agents\gradle-instrumentation-agent-8.7.jar org.gradle.launcher.daemon.bootstrap.GradleDaemon 8.7

Host: Intel(R) Core(TM) i5-4260U CPU @ 1.40GHz, 4 cores, 3G,  Windows 10 , 64 bit Build 19041 (10.0.19041.3636)
Time: Tue May 14 15:00:23 2024  Windows 10 , 64 bit Build 19041 (10.0.19041.3636) elapsed time: 126.172719 seconds (0d 0h 2m 6s)

---------------  T H R E A D  ---------------

Current thread (0x000001e457162330):  JavaThread "C2 CompilerThread0" daemon [_thread_in_native, id=3900, stack(0x00000042a9400000,0x00000042a9500000) (1024K)]


Current CompileTask:
C2: 126172 6494       4       java.beans.Introspector::addMethod (196 bytes)

Stack: [0x00000042a9400000,0x00000042a9500000]
Native frames: (J=compiled Java code, j=interpreted, Vv=VM code, C=native code)
V  [jvm.dll+0x6cade9]
V  [jvm.dll+0x8569c1]
V  [jvm.dll+0x858d2e]
V  [jvm.dll+0x859413]
V  [jvm.dll+0x280e56]
V  [jvm.dll+0xc3f3d]
V  [jvm.dll+0xc4473]
V  [jvm.dll+0x3b5bf2]
V  [jvm.dll+0x382855]
V  [jvm.dll+0x381cca]
V  [jvm.dll+0x249bd0]
V  [jvm.dll+0x2491b1]
V  [jvm.dll+0x1c9634]
V  [jvm.dll+0x258859]
V  [jvm.dll+0x256e3a]
V  [jvm.dll+0x3ef6c6]
V  [jvm.dll+0x7ff568]
V  [jvm.dll+0x6c953d]
C  [ucrtbase.dll+0x21bb2]
C  [KERNEL32.DLL+0x17344]
C  [ntdll.dll+0x526b1]


---------------  P R O C E S S  ---------------

Threads class SMR info:
_java_thread_list=0x000001e473e20f80, length=43, elements={
0x000001e43ace0020, 0x000001e45715a0d0, 0x000001e45715c050, 0x000001e45715ce60,
0x000001e4571600e0, 0x000001e457160b40, 0x000001e4571615a0, 0x000001e457162330,
0x000001e4571c86f0, 0x000001e45723dbc0, 0x000001e4573e1f70, 0x000001e471ddd6b0,
0x000001e471b065e0, 0x000001e471b498b0, 0x000001e457313af0, 0x000001e471079160,
0x000001e45750c710, 0x000001e471253fd0, 0x000001e457663860, 0x000001e457660a70,
0x000001e457661790, 0x000001e4576624b0, 0x000001e457661e20, 0x000001e457661100,
0x000001e472aa7470, 0x000001e472aa7b00, 0x000001e472aa8190, 0x000001e472aa8eb0,
0x000001e472aaaf80, 0x000001e472aa6750, 0x000001e472aaa8f0, 0x000001e472aaa260,
0x000001e472aab610, 0x000001e472aabca0, 0x000001e472aa9bd0, 0x000001e472aa53a0,
0x000001e4728d27d0, 0x000001e4728d4f30, 0x000001e4728ce630, 0x000001e4728d4210,
0x000001e4728d0070, 0x000001e4728d0700, 0x000001e4728d3b80
}

Java Threads: ( => current thread )
  0x000001e43ace0020 JavaThread "main"                              [_thread_blocked, id=8588, stack(0x00000042a8600000,0x00000042a8700000) (1024K)]
  0x000001e45715a0d0 JavaThread "Reference Handler"          daemon [_thread_blocked, id=13264, stack(0x00000042a8e00000,0x00000042a8f00000) (1024K)]
  0x000001e45715c050 JavaThread "Finalizer"                  daemon [_thread_blocked, id=8916, stack(0x00000042a8f00000,0x00000042a9000000) (1024K)]
  0x000001e45715ce60 JavaThread "Signal Dispatcher"          daemon [_thread_blocked, id=5736, stack(0x00000042a9000000,0x00000042a9100000) (1024K)]
  0x000001e4571600e0 JavaThread "Attach Listener"            daemon [_thread_blocked, id=7860, stack(0x00000042a9100000,0x00000042a9200000) (1024K)]
  0x000001e457160b40 JavaThread "Service Thread"             daemon [_thread_blocked, id=10336, stack(0x00000042a9200000,0x00000042a9300000) (1024K)]
  0x000001e4571615a0 JavaThread "Monitor Deflation Thread"   daemon [_thread_blocked, id=9564, stack(0x00000042a9300000,0x00000042a9400000) (1024K)]
=>0x000001e457162330 JavaThread "C2 CompilerThread0"         daemon [_thread_in_native, id=3900, stack(0x00000042a9400000,0x00000042a9500000) (1024K)]
  0x000001e4571c86f0 JavaThread "C1 CompilerThread0"         daemon [_thread_blocked, id=12960, stack(0x00000042a9500000,0x00000042a9600000) (1024K)]
  0x000001e45723dbc0 JavaThread "Common-Cleaner"             daemon [_thread_blocked, id=724, stack(0x00000042a9600000,0x00000042a9700000) (1024K)]
  0x000001e4573e1f70 JavaThread "Notification Thread"        daemon [_thread_blocked, id=10248, stack(0x00000042a9700000,0x00000042a9800000) (1024K)]
  0x000001e471ddd6b0 JavaThread "Daemon health stats"               [_thread_blocked, id=13316, stack(0x00000042a9b00000,0x00000042a9c00000) (1024K)]
  0x000001e471b065e0 JavaThread "Incoming local TCP Connector on port 56080"        [_thread_in_native, id=13324, stack(0x00000042a9c00000,0x00000042a9d00000) (1024K)]
  0x000001e471b498b0 JavaThread "Daemon periodic checks"            [_thread_blocked, id=13364, stack(0x00000042a9d00000,0x00000042a9e00000) (1024K)]
  0x000001e457313af0 JavaThread "Daemon"                            [_thread_blocked, id=13348, stack(0x00000042a9e00000,0x00000042a9f00000) (1024K)]
  0x000001e471079160 JavaThread "Handler for socket connection from /127.0.0.1:56080 to /127.0.0.1:56081"        [_thread_in_native, id=13356, stack(0x00000042a9f00000,0x00000042aa000000) (1024K)]
  0x000001e45750c710 JavaThread "Cancel handler"                    [_thread_blocked, id=13496, stack(0x00000042aa000000,0x00000042aa100000) (1024K)]
  0x000001e471253fd0 JavaThread "Daemon worker"                     [_thread_in_Java, id=12104, stack(0x00000042aa100000,0x00000042aa200000) (1024K)]
  0x000001e457663860 JavaThread "Asynchronous log dispatcher for DefaultDaemonConnection: socket connection from /127.0.0.1:56080 to /127.0.0.1:56081"        [_thread_blocked, id=5172, stack(0x00000042aa200000,0x00000042aa300000) (1024K)]
  0x000001e457660a70 JavaThread "Daemon client event forwarder"        [_thread_blocked, id=13776, stack(0x00000042aa400000,0x00000042aa500000) (1024K)]
  0x000001e457661790 JavaThread "Cache worker for journal cache (C:\Users\Administrator\.gradle\caches\journal-1)"        [_thread_blocked, id=8324, stack(0x00000042aa500000,0x00000042aa600000) (1024K)]
  0x000001e4576624b0 JavaThread "File lock request listener"        [_thread_in_native, id=9808, stack(0x00000042aa600000,0x00000042aa700000) (1024K)]
  0x000001e457661e20 JavaThread "File lock release action executor"        [_thread_blocked, id=4672, stack(0x00000042aa700000,0x00000042aa800000) (1024K)]
  0x000001e457661100 JavaThread "Cache worker for file hash cache (C:\Users\Administrator\.gradle\caches\8.7\fileHashes)"        [_thread_blocked, id=8348, stack(0x00000042aa800000,0x00000042aa900000) (1024K)]
  0x000001e472aa7470 JavaThread "Cache worker for file hash cache (C:\Users\Administrator\Desktop\todaybook\.gradle\8.7\fileHashes)"        [_thread_blocked, id=14620, stack(0x00000042aa900000,0x00000042aaa00000) (1024K)]
  0x000001e472aa7b00 JavaThread "File watcher server"        daemon [_thread_in_native, id=14832, stack(0x00000042aaa00000,0x00000042aab00000) (1024K)]
  0x000001e472aa8190 JavaThread "File watcher consumer"      daemon [_thread_blocked, id=14844, stack(0x00000042aab00000,0x00000042aac00000) (1024K)]
  0x000001e472aa8eb0 JavaThread "Cache worker for checksums cache (C:\Users\Administrator\Desktop\todaybook\.gradle\8.7\checksums)"        [_thread_blocked, id=14928, stack(0x00000042aac00000,0x00000042aad00000) (1024K)]
  0x000001e472aaaf80 JavaThread "Cache worker for cache directory md-supplier (C:\Users\Administrator\.gradle\caches\8.7\md-supplier)"        [_thread_blocked, id=14984, stack(0x00000042aad00000,0x00000042aae00000) (1024K)]
  0x000001e472aa6750 JavaThread "Cache worker for cache directory md-rule (C:\Users\Administrator\.gradle\caches\8.7\md-rule)"        [_thread_blocked, id=14988, stack(0x00000042aae00000,0x00000042aaf00000) (1024K)]
  0x000001e472aaa8f0 JavaThread "Cache worker for file content cache (C:\Users\Administrator\.gradle\caches\8.7\fileContent)"        [_thread_blocked, id=15012, stack(0x00000042aaf00000,0x00000042ab000000) (1024K)]
  0x000001e472aaa260 JavaThread "jar transforms"                    [_thread_blocked, id=15280, stack(0x00000042ab000000,0x00000042ab100000) (1024K)]
  0x000001e472aab610 JavaThread "jar transforms Thread 2"           [_thread_blocked, id=14544, stack(0x00000042ab100000,0x00000042ab200000) (1024K)]
  0x000001e472aabca0 JavaThread "jar transforms Thread 3"           [_thread_blocked, id=14740, stack(0x00000042a8400000,0x00000042a8500000) (1024K)]
  0x000001e472aa9bd0 JavaThread "jar transforms Thread 4"           [_thread_blocked, id=14704, stack(0x00000042a8500000,0x00000042a8600000) (1024K)]
  0x000001e472aa53a0 JavaThread "Cache worker for Build Output Cleanup Cache (C:\Users\Administrator\Desktop\todaybook\.gradle\buildOutputCleanup)"        [_thread_blocked, id=14752, stack(0x00000042aa300000,0x00000042aa400000) (1024K)]
  0x000001e4728d27d0 JavaThread "Unconstrained build operations"        [_thread_blocked, id=15608, stack(0x00000042ab200000,0x00000042ab300000) (1024K)]
  0x000001e4728d4f30 JavaThread "Unconstrained build operations Thread 2"        [_thread_blocked, id=15612, stack(0x00000042ab300000,0x00000042ab400000) (1024K)]
  0x000001e4728ce630 JavaThread "Unconstrained build operations Thread 3"        [_thread_blocked, id=15616, stack(0x00000042ab400000,0x00000042ab500000) (1024K)]
  0x000001e4728d4210 JavaThread "Unconstrained build operations Thread 4"        [_thread_blocked, id=15656, stack(0x00000042ab500000,0x00000042ab600000) (1024K)]
  0x000001e4728d0070 JavaThread "Unconstrained build operations Thread 5"        [_thread_blocked, id=15660, stack(0x00000042ab600000,0x00000042ab700000) (1024K)]
  0x000001e4728d0700 JavaThread "Unconstrained build operations Thread 6"        [_thread_blocked, id=15664, stack(0x00000042ab700000,0x00000042ab800000) (1024K)]
  0x000001e4728d3b80 JavaThread "Memory manager"                    [_thread_blocked, id=15784, stack(0x00000042ab800000,0x00000042ab900000) (1024K)]
Total: 43

Other Threads:
  0x000001e457139290 VMThread "VM Thread"                           [id=7572, stack(0x00000042a8d00000,0x00000042a8e00000) (1024K)]
  0x000001e457121dc0 WatcherThread "VM Periodic Task Thread"        [id=10416, stack(0x00000042a8c00000,0x00000042a8d00000) (1024K)]
  0x000001e43ce14680 WorkerThread "GC Thread#0"                     [id=12604, stack(0x00000042a8700000,0x00000042a8800000) (1024K)]
  0x000001e45747b590 WorkerThread "GC Thread#1"                     [id=1916, stack(0x00000042a9800000,0x00000042a9900000) (1024K)]
  0x000001e45747b930 WorkerThread "GC Thread#2"                     [id=4828, stack(0x00000042a9900000,0x00000042a9a00000) (1024K)]
  0x000001e45759e640 WorkerThread "GC Thread#3"                     [id=3840, stack(0x00000042a9a00000,0x00000042a9b00000) (1024K)]
  0x000001e43ce19570 ConcurrentGCThread "G1 Main Marker"            [id=1424, stack(0x00000042a8800000,0x00000042a8900000) (1024K)]
  0x000001e43ce19f80 WorkerThread "G1 Conc#0"                       [id=2096, stack(0x00000042a8900000,0x00000042a8a00000) (1024K)]
  0x000001e43cebd700 ConcurrentGCThread "G1 Refine#0"               [id=224, stack(0x00000042a8a00000,0x00000042a8b00000) (1024K)]
  0x000001e43cebe180 ConcurrentGCThread "G1 Service"                [id=608, stack(0x00000042a8b00000,0x00000042a8c00000) (1024K)]
Total: 10

Threads with active compile tasks:
C2 CompilerThread0   126223 6494       4       java.beans.Introspector::addMethod (196 bytes)
Total: 1

VM state: not at safepoint (normal execution)

VM Mutex/Monitor currently owned by a thread: None

Heap address: 0x00000000e0000000, size: 512 MB, Compressed Oops mode: 32-bit

CDS archive(s) mapped at: [0x000001e458000000-0x000001e458c90000-0x000001e458c90000), size 13172736, SharedBaseAddress: 0x000001e458000000, ArchiveRelocationMode: 1.
Compressed class space mapped at: 0x000001e459000000-0x000001e46d000000, reserved size: 335544320
Narrow klass base: 0x000001e458000000, Narrow klass shift: 0, Narrow klass range: 0x100000000

GC Precious Log:
 CardTable entry size: 512
 Card Set container configuration: InlinePtr #cards 5 size 8 Array Of Cards #cards 12 size 40 Howl #buckets 4 coarsen threshold 1843 Howl Bitmap #cards 512 size 80 coarsen threshold 460 Card regions per heap region 1 cards per card region 2048
 CPUs: 4 total, 4 available
 Memory: 4036M
 Large Page Support: Disabled
 NUMA Support: Disabled
 Compressed Oops: Enabled (32-bit)
 Heap Region Size: 1M
 Heap Min Capacity: 256M
 Heap Initial Capacity: 256M
 Heap Max Capacity: 512M
 Pre-touch: Disabled
 Parallel Workers: 4
 Concurrent Workers: 1
 Concurrent Refinement Workers: 4
 Periodic GC: Disabled

Heap:
 garbage-first heap   total 262144K, used 71877K [0x00000000e0000000, 0x0000000100000000)
  region size 1024K, 36 young (36864K), 5 survivors (5120K)
 Metaspace       used 52545K, committed 54400K, reserved 393216K
  class space    used 7601K, committed 8512K, reserved 327680K

Heap Regions: E=young(eden), S=young(survivor), O=old, HS=humongous(starts), HC=humongous(continues), CS=collection set, F=free, TAMS=top-at-mark-start, PB=parsable bottom
|   0|0x00000000e0000000, 0x00000000e0100000, 0x00000000e0100000|100%|HS|  |TAMS 0x00000000e0000000| PB 0x00000000e0000000| Complete 
|   1|0x00000000e0100000, 0x00000000e0200000, 0x00000000e0200000|100%|HC|  |TAMS 0x00000000e0100000| PB 0x00000000e0100000| Complete 
|   2|0x00000000e0200000, 0x00000000e0300000, 0x00000000e0300000|100%|HC|  |TAMS 0x00000000e0200000| PB 0x00000000e0200000| Complete 
|   3|0x00000000e0300000, 0x00000000e0400000, 0x00000000e0400000|100%|HC|  |TAMS 0x00000000e0300000| PB 0x00000000e0300000| Complete 
|   4|0x00000000e0400000, 0x00000000e0500000, 0x00000000e0500000|100%| O|  |TAMS 0x00000000e0400000| PB 0x00000000e0400000| Untracked 
|   5|0x00000000e0500000, 0x00000000e0600000, 0x00000000e0600000|100%| O|  |TAMS 0x00000000e0500000| PB 0x00000000e0500000| Untracked 
|   6|0x00000000e0600000, 0x00000000e0700000, 0x00000000e0700000|100%| O|  |TAMS 0x00000000e0600000| PB 0x00000000e0600000| Untracked 
|   7|0x00000000e0700000, 0x00000000e0800000, 0x00000000e0800000|100%| O|  |TAMS 0x00000000e0700000| PB 0x00000000e0700000| Untracked 
|   8|0x00000000e0800000, 0x00000000e0900000, 0x00000000e0900000|100%| O|  |TAMS 0x00000000e0800000| PB 0x00000000e0800000| Untracked 
|   9|0x00000000e0900000, 0x00000000e0a00000, 0x00000000e0a00000|100%| O|  |TAMS 0x00000000e0900000| PB 0x00000000e0900000| Untracked 
|  10|0x00000000e0a00000, 0x00000000e0a00000, 0x00000000e0b00000|  0%| F|  |TAMS 0x00000000e0a00000| PB 0x00000000e0a00000| Untracked 
|  11|0x00000000e0b00000, 0x00000000e0c00000, 0x00000000e0c00000|100%| O|  |TAMS 0x00000000e0b00000| PB 0x00000000e0b00000| Untracked 
|  12|0x00000000e0c00000, 0x00000000e0d00000, 0x00000000e0d00000|100%| O|  |TAMS 0x00000000e0c00000| PB 0x00000000e0c00000| Untracked 
|  13|0x00000000e0d00000, 0x00000000e0e00000, 0x00000000e0e00000|100%| O|  |TAMS 0x00000000e0d00000| PB 0x00000000e0d00000| Untracked 
|  14|0x00000000e0e00000, 0x00000000e0f00000, 0x00000000e0f00000|100%| O|  |TAMS 0x00000000e0e00000| PB 0x00000000e0e00000| Untracked 
|  15|0x00000000e0f00000, 0x00000000e1000000, 0x00000000e1000000|100%| O|  |TAMS 0x00000000e0f00000| PB 0x00000000e0f00000| Untracked 
|  16|0x00000000e1000000, 0x00000000e1100000, 0x00000000e1100000|100%| O|  |TAMS 0x00000000e1000000| PB 0x00000000e1000000| Untracked 
|  17|0x00000000e1100000, 0x00000000e1200000, 0x00000000e1200000|100%| O|  |TAMS 0x00000000e1100000| PB 0x00000000e1100000| Untracked 
|  18|0x00000000e1200000, 0x00000000e1300000, 0x00000000e1300000|100%| O|  |TAMS 0x00000000e1200000| PB 0x00000000e1200000| Untracked 
|  19|0x00000000e1300000, 0x00000000e1400000, 0x00000000e1400000|100%| O|  |TAMS 0x00000000e1300000| PB 0x00000000e1300000| Untracked 
|  20|0x00000000e1400000, 0x00000000e1500000, 0x00000000e1500000|100%| O|  |TAMS 0x00000000e1400000| PB 0x00000000e1400000| Untracked 
|  21|0x00000000e1500000, 0x00000000e1600000, 0x00000000e1600000|100%| O|  |TAMS 0x00000000e1500000| PB 0x00000000e1500000| Untracked 
|  22|0x00000000e1600000, 0x00000000e1700000, 0x00000000e1700000|100%| O|  |TAMS 0x00000000e1600000| PB 0x00000000e1600000| Untracked 
|  23|0x00000000e1700000, 0x00000000e1800000, 0x00000000e1800000|100%| O|  |TAMS 0x00000000e1700000| PB 0x00000000e1700000| Untracked 
|  24|0x00000000e1800000, 0x00000000e1900000, 0x00000000e1900000|100%| O|  |TAMS 0x00000000e1800000| PB 0x00000000e1800000| Untracked 
|  25|0x00000000e1900000, 0x00000000e1a00000, 0x00000000e1a00000|100%| O|  |TAMS 0x00000000e1900000| PB 0x00000000e1900000| Untracked 
|  26|0x00000000e1a00000, 0x00000000e1b00000, 0x00000000e1b00000|100%| O|  |TAMS 0x00000000e1a00000| PB 0x00000000e1a00000| Untracked 
|  27|0x00000000e1b00000, 0x00000000e1c00000, 0x00000000e1c00000|100%| O|  |TAMS 0x00000000e1b00000| PB 0x00000000e1b00000| Untracked 
|  28|0x00000000e1c00000, 0x00000000e1d00000, 0x00000000e1d00000|100%| O|  |TAMS 0x00000000e1c00000| PB 0x00000000e1c00000| Untracked 
|  29|0x00000000e1d00000, 0x00000000e1e00000, 0x00000000e1e00000|100%| O|  |TAMS 0x00000000e1d00000| PB 0x00000000e1d00000| Untracked 
|  30|0x00000000e1e00000, 0x00000000e1f00000, 0x00000000e1f00000|100%| O|  |TAMS 0x00000000e1e00000| PB 0x00000000e1e00000| Untracked 
|  31|0x00000000e1f00000, 0x00000000e2000000, 0x00000000e2000000|100%| O|  |TAMS 0x00000000e1f00000| PB 0x00000000e1f00000| Untracked 
|  32|0x00000000e2000000, 0x00000000e2100000, 0x00000000e2100000|100%| O|  |TAMS 0x00000000e2000000| PB 0x00000000e2000000| Untracked 
|  33|0x00000000e2100000, 0x00000000e2200000, 0x00000000e2200000|100%| O|  |TAMS 0x00000000e2100000| PB 0x00000000e2100000| Untracked 
|  34|0x00000000e2200000, 0x00000000e2300000, 0x00000000e2300000|100%| O|  |TAMS 0x00000000e2200000| PB 0x00000000e2200000| Untracked 
|  35|0x00000000e2300000, 0x00000000e2400000, 0x00000000e2400000|100%| O|  |TAMS 0x00000000e2300000| PB 0x00000000e2300000| Untracked 
|  36|0x00000000e2400000, 0x00000000e2431750, 0x00000000e2500000| 19%| O|  |TAMS 0x00000000e2400000| PB 0x00000000e2400000| Untracked 
|  37|0x00000000e2500000, 0x00000000e2500000, 0x00000000e2600000|  0%| F|  |TAMS 0x00000000e2500000| PB 0x00000000e2500000| Untracked 
|  38|0x00000000e2600000, 0x00000000e2600000, 0x00000000e2700000|  0%| F|  |TAMS 0x00000000e2600000| PB 0x00000000e2600000| Untracked 
|  39|0x00000000e2700000, 0x00000000e2700000, 0x00000000e2800000|  0%| F|  |TAMS 0x00000000e2700000| PB 0x00000000e2700000| Untracked 
|  40|0x00000000e2800000, 0x00000000e2800000, 0x00000000e2900000|  0%| F|  |TAMS 0x00000000e2800000| PB 0x00000000e2800000| Untracked 
|  41|0x00000000e2900000, 0x00000000e2900000, 0x00000000e2a00000|  0%| F|  |TAMS 0x00000000e2900000| PB 0x00000000e2900000| Untracked 
|  42|0x00000000e2a00000, 0x00000000e2a00000, 0x00000000e2b00000|  0%| F|  |TAMS 0x00000000e2a00000| PB 0x00000000e2a00000| Untracked 
|  43|0x00000000e2b00000, 0x00000000e2b00000, 0x00000000e2c00000|  0%| F|  |TAMS 0x00000000e2b00000| PB 0x00000000e2b00000| Untracked 
|  44|0x00000000e2c00000, 0x00000000e2c00000, 0x00000000e2d00000|  0%| F|  |TAMS 0x00000000e2c00000| PB 0x00000000e2c00000| Untracked 
|  45|0x00000000e2d00000, 0x00000000e2d00000, 0x00000000e2e00000|  0%| F|  |TAMS 0x00000000e2d00000| PB 0x00000000e2d00000| Untracked 
|  46|0x00000000e2e00000, 0x00000000e2e00000, 0x00000000e2f00000|  0%| F|  |TAMS 0x00000000e2e00000| PB 0x00000000e2e00000| Untracked 
|  47|0x00000000e2f00000, 0x00000000e2f00000, 0x00000000e3000000|  0%| F|  |TAMS 0x00000000e2f00000| PB 0x00000000e2f00000| Untracked 
|  48|0x00000000e3000000, 0x00000000e3000000, 0x00000000e3100000|  0%| F|  |TAMS 0x00000000e3000000| PB 0x00000000e3000000| Untracked 
|  49|0x00000000e3100000, 0x00000000e3100000, 0x00000000e3200000|  0%| F|  |TAMS 0x00000000e3100000| PB 0x00000000e3100000| Untracked 
|  50|0x00000000e3200000, 0x00000000e3200000, 0x00000000e3300000|  0%| F|  |TAMS 0x00000000e3200000| PB 0x00000000e3200000| Untracked 
|  51|0x00000000e3300000, 0x00000000e3300000, 0x00000000e3400000|  0%| F|  |TAMS 0x00000000e3300000| PB 0x00000000e3300000| Untracked 
|  52|0x00000000e3400000, 0x00000000e3400000, 0x00000000e3500000|  0%| F|  |TAMS 0x00000000e3400000| PB 0x00000000e3400000| Untracked 
|  53|0x00000000e3500000, 0x00000000e3500000, 0x00000000e3600000|  0%| F|  |TAMS 0x00000000e3500000| PB 0x00000000e3500000| Untracked 
|  54|0x00000000e3600000, 0x00000000e3600000, 0x00000000e3700000|  0%| F|  |TAMS 0x00000000e3600000| PB 0x00000000e3600000| Untracked 
|  55|0x00000000e3700000, 0x00000000e3700000, 0x00000000e3800000|  0%| F|  |TAMS 0x00000000e3700000| PB 0x00000000e3700000| Untracked 
|  56|0x00000000e3800000, 0x00000000e3800000, 0x00000000e3900000|  0%| F|  |TAMS 0x00000000e3800000| PB 0x00000000e3800000| Untracked 
|  57|0x00000000e3900000, 0x00000000e3900000, 0x00000000e3a00000|  0%| F|  |TAMS 0x00000000e3900000| PB 0x00000000e3900000| Untracked 
|  58|0x00000000e3a00000, 0x00000000e3a00000, 0x00000000e3b00000|  0%| F|  |TAMS 0x00000000e3a00000| PB 0x00000000e3a00000| Untracked 
|  59|0x00000000e3b00000, 0x00000000e3b00000, 0x00000000e3c00000|  0%| F|  |TAMS 0x00000000e3b00000| PB 0x00000000e3b00000| Untracked 
|  60|0x00000000e3c00000, 0x00000000e3c00000, 0x00000000e3d00000|  0%| F|  |TAMS 0x00000000e3c00000| PB 0x00000000e3c00000| Untracked 
|  61|0x00000000e3d00000, 0x00000000e3d00000, 0x00000000e3e00000|  0%| F|  |TAMS 0x00000000e3d00000| PB 0x00000000e3d00000| Untracked 
|  62|0x00000000e3e00000, 0x00000000e3e00000, 0x00000000e3f00000|  0%| F|  |TAMS 0x00000000e3e00000| PB 0x00000000e3e00000| Untracked 
|  63|0x00000000e3f00000, 0x00000000e3f00000, 0x00000000e4000000|  0%| F|  |TAMS 0x00000000e3f00000| PB 0x00000000e3f00000| Untracked 
|  64|0x00000000e4000000, 0x00000000e4000000, 0x00000000e4100000|  0%| F|  |TAMS 0x00000000e4000000| PB 0x00000000e4000000| Untracked 
|  65|0x00000000e4100000, 0x00000000e4100000, 0x00000000e4200000|  0%| F|  |TAMS 0x00000000e4100000| PB 0x00000000e4100000| Untracked 
|  66|0x00000000e4200000, 0x00000000e4200000, 0x00000000e4300000|  0%| F|  |TAMS 0x00000000e4200000| PB 0x00000000e4200000| Untracked 
|  67|0x00000000e4300000, 0x00000000e4300000, 0x00000000e4400000|  0%| F|  |TAMS 0x00000000e4300000| PB 0x00000000e4300000| Untracked 
|  68|0x00000000e4400000, 0x00000000e4400000, 0x00000000e4500000|  0%| F|  |TAMS 0x00000000e4400000| PB 0x00000000e4400000| Untracked 
|  69|0x00000000e4500000, 0x00000000e4500000, 0x00000000e4600000|  0%| F|  |TAMS 0x00000000e4500000| PB 0x00000000e4500000| Untracked 
|  70|0x00000000e4600000, 0x00000000e4600000, 0x00000000e4700000|  0%| F|  |TAMS 0x00000000e4600000| PB 0x00000000e4600000| Untracked 
|  71|0x00000000e4700000, 0x00000000e4700000, 0x00000000e4800000|  0%| F|  |TAMS 0x00000000e4700000| PB 0x00000000e4700000| Untracked 
|  72|0x00000000e4800000, 0x00000000e4800000, 0x00000000e4900000|  0%| F|  |TAMS 0x00000000e4800000| PB 0x00000000e4800000| Untracked 
|  73|0x00000000e4900000, 0x00000000e4900000, 0x00000000e4a00000|  0%| F|  |TAMS 0x00000000e4900000| PB 0x00000000e4900000| Untracked 
|  74|0x00000000e4a00000, 0x00000000e4a00000, 0x00000000e4b00000|  0%| F|  |TAMS 0x00000000e4a00000| PB 0x00000000e4a00000| Untracked 
|  75|0x00000000e4b00000, 0x00000000e4b00000, 0x00000000e4c00000|  0%| F|  |TAMS 0x00000000e4b00000| PB 0x00000000e4b00000| Untracked 
|  76|0x00000000e4c00000, 0x00000000e4c00000, 0x00000000e4d00000|  0%| F|  |TAMS 0x00000000e4c00000| PB 0x00000000e4c00000| Untracked 
|  77|0x00000000e4d00000, 0x00000000e4d00000, 0x00000000e4e00000|  0%| F|  |TAMS 0x00000000e4d00000| PB 0x00000000e4d00000| Untracked 
|  78|0x00000000e4e00000, 0x00000000e4e00000, 0x00000000e4f00000|  0%| F|  |TAMS 0x00000000e4e00000| PB 0x00000000e4e00000| Untracked 
|  79|0x00000000e4f00000, 0x00000000e4f00000, 0x00000000e5000000|  0%| F|  |TAMS 0x00000000e4f00000| PB 0x00000000e4f00000| Untracked 
|  80|0x00000000e5000000, 0x00000000e5000000, 0x00000000e5100000|  0%| F|  |TAMS 0x00000000e5000000| PB 0x00000000e5000000| Untracked 
|  81|0x00000000e5100000, 0x00000000e5100000, 0x00000000e5200000|  0%| F|  |TAMS 0x00000000e5100000| PB 0x00000000e5100000| Untracked 
|  82|0x00000000e5200000, 0x00000000e5200000, 0x00000000e5300000|  0%| F|  |TAMS 0x00000000e5200000| PB 0x00000000e5200000| Untracked 
|  83|0x00000000e5300000, 0x00000000e5300000, 0x00000000e5400000|  0%| F|  |TAMS 0x00000000e5300000| PB 0x00000000e5300000| Untracked 
|  84|0x00000000e5400000, 0x00000000e5400000, 0x00000000e5500000|  0%| F|  |TAMS 0x00000000e5400000| PB 0x00000000e5400000| Untracked 
|  85|0x00000000e5500000, 0x00000000e5500000, 0x00000000e5600000|  0%| F|  |TAMS 0x00000000e5500000| PB 0x00000000e5500000| Untracked 
|  86|0x00000000e5600000, 0x00000000e5600000, 0x00000000e5700000|  0%| F|  |TAMS 0x00000000e5600000| PB 0x00000000e5600000| Untracked 
|  87|0x00000000e5700000, 0x00000000e5700000, 0x00000000e5800000|  0%| F|  |TAMS 0x00000000e5700000| PB 0x00000000e5700000| Untracked 
|  88|0x00000000e5800000, 0x00000000e5800000, 0x00000000e5900000|  0%| F|  |TAMS 0x00000000e5800000| PB 0x00000000e5800000| Untracked 
|  89|0x00000000e5900000, 0x00000000e5900000, 0x00000000e5a00000|  0%| F|  |TAMS 0x00000000e5900000| PB 0x00000000e5900000| Untracked 
|  90|0x00000000e5a00000, 0x00000000e5a00000, 0x00000000e5b00000|  0%| F|  |TAMS 0x00000000e5a00000| PB 0x00000000e5a00000| Untracked 
|  91|0x00000000e5b00000, 0x00000000e5b00000, 0x00000000e5c00000|  0%| F|  |TAMS 0x00000000e5b00000| PB 0x00000000e5b00000| Untracked 
|  92|0x00000000e5c00000, 0x00000000e5c00000, 0x00000000e5d00000|  0%| F|  |TAMS 0x00000000e5c00000| PB 0x00000000e5c00000| Untracked 
|  93|0x00000000e5d00000, 0x00000000e5d00000, 0x00000000e5e00000|  0%| F|  |TAMS 0x00000000e5d00000| PB 0x00000000e5d00000| Untracked 
|  94|0x00000000e5e00000, 0x00000000e5e00000, 0x00000000e5f00000|  0%| F|  |TAMS 0x00000000e5e00000| PB 0x00000000e5e00000| Untracked 
|  95|0x00000000e5f00000, 0x00000000e5f00000, 0x00000000e6000000|  0%| F|  |TAMS 0x00000000e5f00000| PB 0x00000000e5f00000| Untracked 
|  96|0x00000000e6000000, 0x00000000e6000000, 0x00000000e6100000|  0%| F|  |TAMS 0x00000000e6000000| PB 0x00000000e6000000| Untracked 
|  97|0x00000000e6100000, 0x00000000e6100000, 0x00000000e6200000|  0%| F|  |TAMS 0x00000000e6100000| PB 0x00000000e6100000| Untracked 
|  98|0x00000000e6200000, 0x00000000e6200000, 0x00000000e6300000|  0%| F|  |TAMS 0x00000000e6200000| PB 0x00000000e6200000| Untracked 
|  99|0x00000000e6300000, 0x00000000e6300000, 0x00000000e6400000|  0%| F|  |TAMS 0x00000000e6300000| PB 0x00000000e6300000| Untracked 
| 100|0x00000000e6400000, 0x00000000e6400000, 0x00000000e6500000|  0%| F|  |TAMS 0x00000000e6400000| PB 0x00000000e6400000| Untracked 
| 101|0x00000000e6500000, 0x00000000e6500000, 0x00000000e6600000|  0%| F|  |TAMS 0x00000000e6500000| PB 0x00000000e6500000| Untracked 
| 102|0x00000000e6600000, 0x00000000e6600000, 0x00000000e6700000|  0%| F|  |TAMS 0x00000000e6600000| PB 0x00000000e6600000| Untracked 
| 103|0x00000000e6700000, 0x00000000e6700000, 0x00000000e6800000|  0%| F|  |TAMS 0x00000000e6700000| PB 0x00000000e6700000| Untracked 
| 104|0x00000000e6800000, 0x00000000e6800000, 0x00000000e6900000|  0%| F|  |TAMS 0x00000000e6800000| PB 0x00000000e6800000| Untracked 
| 105|0x00000000e6900000, 0x00000000e6900000, 0x00000000e6a00000|  0%| F|  |TAMS 0x00000000e6900000| PB 0x00000000e6900000| Untracked 
| 106|0x00000000e6a00000, 0x00000000e6a00000, 0x00000000e6b00000|  0%| F|  |TAMS 0x00000000e6a00000| PB 0x00000000e6a00000| Untracked 
| 107|0x00000000e6b00000, 0x00000000e6b00000, 0x00000000e6c00000|  0%| F|  |TAMS 0x00000000e6b00000| PB 0x00000000e6b00000| Untracked 
| 108|0x00000000e6c00000, 0x00000000e6c00000, 0x00000000e6d00000|  0%| F|  |TAMS 0x00000000e6c00000| PB 0x00000000e6c00000| Untracked 
| 109|0x00000000e6d00000, 0x00000000e6d00000, 0x00000000e6e00000|  0%| F|  |TAMS 0x00000000e6d00000| PB 0x00000000e6d00000| Untracked 
| 110|0x00000000e6e00000, 0x00000000e6e00000, 0x00000000e6f00000|  0%| F|  |TAMS 0x00000000e6e00000| PB 0x00000000e6e00000| Untracked 
| 111|0x00000000e6f00000, 0x00000000e6f00000, 0x00000000e7000000|  0%| F|  |TAMS 0x00000000e6f00000| PB 0x00000000e6f00000| Untracked 
| 112|0x00000000e7000000, 0x00000000e7000000, 0x00000000e7100000|  0%| F|  |TAMS 0x00000000e7000000| PB 0x00000000e7000000| Untracked 
| 113|0x00000000e7100000, 0x00000000e7100000, 0x00000000e7200000|  0%| F|  |TAMS 0x00000000e7100000| PB 0x00000000e7100000| Untracked 
| 114|0x00000000e7200000, 0x00000000e7200000, 0x00000000e7300000|  0%| F|  |TAMS 0x00000000e7200000| PB 0x00000000e7200000| Untracked 
| 115|0x00000000e7300000, 0x00000000e7300000, 0x00000000e7400000|  0%| F|  |TAMS 0x00000000e7300000| PB 0x00000000e7300000| Untracked 
| 116|0x00000000e7400000, 0x00000000e7400000, 0x00000000e7500000|  0%| F|  |TAMS 0x00000000e7400000| PB 0x00000000e7400000| Untracked 
| 117|0x00000000e7500000, 0x00000000e7500000, 0x00000000e7600000|  0%| F|  |TAMS 0x00000000e7500000| PB 0x00000000e7500000| Untracked 
| 118|0x00000000e7600000, 0x00000000e7600000, 0x00000000e7700000|  0%| F|  |TAMS 0x00000000e7600000| PB 0x00000000e7600000| Untracked 
| 119|0x00000000e7700000, 0x00000000e7700000, 0x00000000e7800000|  0%| F|  |TAMS 0x00000000e7700000| PB 0x00000000e7700000| Untracked 
| 120|0x00000000e7800000, 0x00000000e7800000, 0x00000000e7900000|  0%| F|  |TAMS 0x00000000e7800000| PB 0x00000000e7800000| Untracked 
| 121|0x00000000e7900000, 0x00000000e7900000, 0x00000000e7a00000|  0%| F|  |TAMS 0x00000000e7900000| PB 0x00000000e7900000| Untracked 
| 122|0x00000000e7a00000, 0x00000000e7a00000, 0x00000000e7b00000|  0%| F|  |TAMS 0x00000000e7a00000| PB 0x00000000e7a00000| Untracked 
| 123|0x00000000e7b00000, 0x00000000e7b00000, 0x00000000e7c00000|  0%| F|  |TAMS 0x00000000e7b00000| PB 0x00000000e7b00000| Untracked 
| 124|0x00000000e7c00000, 0x00000000e7c00000, 0x00000000e7d00000|  0%| F|  |TAMS 0x00000000e7c00000| PB 0x00000000e7c00000| Untracked 
| 125|0x00000000e7d00000, 0x00000000e7d00000, 0x00000000e7e00000|  0%| F|  |TAMS 0x00000000e7d00000| PB 0x00000000e7d00000| Untracked 
| 126|0x00000000e7e00000, 0x00000000e7e00000, 0x00000000e7f00000|  0%| F|  |TAMS 0x00000000e7e00000| PB 0x00000000e7e00000| Untracked 
| 127|0x00000000e7f00000, 0x00000000e7f00000, 0x00000000e8000000|  0%| F|  |TAMS 0x00000000e7f00000| PB 0x00000000e7f00000| Untracked 
| 128|0x00000000e8000000, 0x00000000e8000000, 0x00000000e8100000|  0%| F|  |TAMS 0x00000000e8000000| PB 0x00000000e8000000| Untracked 
| 129|0x00000000e8100000, 0x00000000e8100000, 0x00000000e8200000|  0%| F|  |TAMS 0x00000000e8100000| PB 0x00000000e8100000| Untracked 
| 130|0x00000000e8200000, 0x00000000e8200000, 0x00000000e8300000|  0%| F|  |TAMS 0x00000000e8200000| PB 0x00000000e8200000| Untracked 
| 131|0x00000000e8300000, 0x00000000e8300000, 0x00000000e8400000|  0%| F|  |TAMS 0x00000000e8300000| PB 0x00000000e8300000| Untracked 
| 132|0x00000000e8400000, 0x00000000e8400000, 0x00000000e8500000|  0%| F|  |TAMS 0x00000000e8400000| PB 0x00000000e8400000| Untracked 
| 133|0x00000000e8500000, 0x00000000e8500000, 0x00000000e8600000|  0%| F|  |TAMS 0x00000000e8500000| PB 0x00000000e8500000| Untracked 
| 134|0x00000000e8600000, 0x00000000e8600000, 0x00000000e8700000|  0%| F|  |TAMS 0x00000000e8600000| PB 0x00000000e8600000| Untracked 
| 135|0x00000000e8700000, 0x00000000e8700000, 0x00000000e8800000|  0%| F|  |TAMS 0x00000000e8700000| PB 0x00000000e8700000| Untracked 
| 136|0x00000000e8800000, 0x00000000e8800000, 0x00000000e8900000|  0%| F|  |TAMS 0x00000000e8800000| PB 0x00000000e8800000| Untracked 
| 137|0x00000000e8900000, 0x00000000e8900000, 0x00000000e8a00000|  0%| F|  |TAMS 0x00000000e8900000| PB 0x00000000e8900000| Untracked 
| 138|0x00000000e8a00000, 0x00000000e8a00000, 0x00000000e8b00000|  0%| F|  |TAMS 0x00000000e8a00000| PB 0x00000000e8a00000| Untracked 
| 139|0x00000000e8b00000, 0x00000000e8b00000, 0x00000000e8c00000|  0%| F|  |TAMS 0x00000000e8b00000| PB 0x00000000e8b00000| Untracked 
| 140|0x00000000e8c00000, 0x00000000e8c00000, 0x00000000e8d00000|  0%| F|  |TAMS 0x00000000e8c00000| PB 0x00000000e8c00000| Untracked 
| 141|0x00000000e8d00000, 0x00000000e8d00000, 0x00000000e8e00000|  0%| F|  |TAMS 0x00000000e8d00000| PB 0x00000000e8d00000| Untracked 
| 142|0x00000000e8e00000, 0x00000000e8e00000, 0x00000000e8f00000|  0%| F|  |TAMS 0x00000000e8e00000| PB 0x00000000e8e00000| Untracked 
| 143|0x00000000e8f00000, 0x00000000e8f00000, 0x00000000e9000000|  0%| F|  |TAMS 0x00000000e8f00000| PB 0x00000000e8f00000| Untracked 
| 144|0x00000000e9000000, 0x00000000e9000000, 0x00000000e9100000|  0%| F|  |TAMS 0x00000000e9000000| PB 0x00000000e9000000| Untracked 
| 145|0x00000000e9100000, 0x00000000e9100000, 0x00000000e9200000|  0%| F|  |TAMS 0x00000000e9100000| PB 0x00000000e9100000| Untracked 
| 146|0x00000000e9200000, 0x00000000e9200000, 0x00000000e9300000|  0%| F|  |TAMS 0x00000000e9200000| PB 0x00000000e9200000| Untracked 
| 147|0x00000000e9300000, 0x00000000e9300000, 0x00000000e9400000|  0%| F|  |TAMS 0x00000000e9300000| PB 0x00000000e9300000| Untracked 
| 148|0x00000000e9400000, 0x00000000e9400000, 0x00000000e9500000|  0%| F|  |TAMS 0x00000000e9400000| PB 0x00000000e9400000| Untracked 
| 149|0x00000000e9500000, 0x00000000e9500000, 0x00000000e9600000|  0%| F|  |TAMS 0x00000000e9500000| PB 0x00000000e9500000| Untracked 
| 150|0x00000000e9600000, 0x00000000e9600000, 0x00000000e9700000|  0%| F|  |TAMS 0x00000000e9600000| PB 0x00000000e9600000| Untracked 
| 151|0x00000000e9700000, 0x00000000e9700000, 0x00000000e9800000|  0%| F|  |TAMS 0x00000000e9700000| PB 0x00000000e9700000| Untracked 
| 152|0x00000000e9800000, 0x00000000e9800000, 0x00000000e9900000|  0%| F|  |TAMS 0x00000000e9800000| PB 0x00000000e9800000| Untracked 
| 153|0x00000000e9900000, 0x00000000e9900000, 0x00000000e9a00000|  0%| F|  |TAMS 0x00000000e9900000| PB 0x00000000e9900000| Untracked 
| 154|0x00000000e9a00000, 0x00000000e9a00000, 0x00000000e9b00000|  0%| F|  |TAMS 0x00000000e9a00000| PB 0x00000000e9a00000| Untracked 
| 155|0x00000000e9b00000, 0x00000000e9b00000, 0x00000000e9c00000|  0%| F|  |TAMS 0x00000000e9b00000| PB 0x00000000e9b00000| Untracked 
| 156|0x00000000e9c00000, 0x00000000e9c00000, 0x00000000e9d00000|  0%| F|  |TAMS 0x00000000e9c00000| PB 0x00000000e9c00000| Untracked 
| 157|0x00000000e9d00000, 0x00000000e9d00000, 0x00000000e9e00000|  0%| F|  |TAMS 0x00000000e9d00000| PB 0x00000000e9d00000| Untracked 
| 158|0x00000000e9e00000, 0x00000000e9e00000, 0x00000000e9f00000|  0%| F|  |TAMS 0x00000000e9e00000| PB 0x00000000e9e00000| Untracked 
| 159|0x00000000e9f00000, 0x00000000e9f00000, 0x00000000ea000000|  0%| F|  |TAMS 0x00000000e9f00000| PB 0x00000000e9f00000| Untracked 
| 160|0x00000000ea000000, 0x00000000ea000000, 0x00000000ea100000|  0%| F|  |TAMS 0x00000000ea000000| PB 0x00000000ea000000| Untracked 
| 161|0x00000000ea100000, 0x00000000ea100000, 0x00000000ea200000|  0%| F|  |TAMS 0x00000000ea100000| PB 0x00000000ea100000| Untracked 
| 162|0x00000000ea200000, 0x00000000ea200000, 0x00000000ea300000|  0%| F|  |TAMS 0x00000000ea200000| PB 0x00000000ea200000| Untracked 
| 163|0x00000000ea300000, 0x00000000ea300000, 0x00000000ea400000|  0%| F|  |TAMS 0x00000000ea300000| PB 0x00000000ea300000| Untracked 
| 164|0x00000000ea400000, 0x00000000ea400000, 0x00000000ea500000|  0%| F|  |TAMS 0x00000000ea400000| PB 0x00000000ea400000| Untracked 
| 165|0x00000000ea500000, 0x00000000ea500000, 0x00000000ea600000|  0%| F|  |TAMS 0x00000000ea500000| PB 0x00000000ea500000| Untracked 
| 166|0x00000000ea600000, 0x00000000ea600000, 0x00000000ea700000|  0%| F|  |TAMS 0x00000000ea600000| PB 0x00000000ea600000| Untracked 
| 167|0x00000000ea700000, 0x00000000ea700000, 0x00000000ea800000|  0%| F|  |TAMS 0x00000000ea700000| PB 0x00000000ea700000| Untracked 
| 168|0x00000000ea800000, 0x00000000ea800000, 0x00000000ea900000|  0%| F|  |TAMS 0x00000000ea800000| PB 0x00000000ea800000| Untracked 
| 169|0x00000000ea900000, 0x00000000ea900000, 0x00000000eaa00000|  0%| F|  |TAMS 0x00000000ea900000| PB 0x00000000ea900000| Untracked 
| 170|0x00000000eaa00000, 0x00000000eaa00000, 0x00000000eab00000|  0%| F|  |TAMS 0x00000000eaa00000| PB 0x00000000eaa00000| Untracked 
| 171|0x00000000eab00000, 0x00000000eab00000, 0x00000000eac00000|  0%| F|  |TAMS 0x00000000eab00000| PB 0x00000000eab00000| Untracked 
| 172|0x00000000eac00000, 0x00000000eac00000, 0x00000000ead00000|  0%| F|  |TAMS 0x00000000eac00000| PB 0x00000000eac00000| Untracked 
| 173|0x00000000ead00000, 0x00000000ead00000, 0x00000000eae00000|  0%| F|  |TAMS 0x00000000ead00000| PB 0x00000000ead00000| Untracked 
| 174|0x00000000eae00000, 0x00000000eae00000, 0x00000000eaf00000|  0%| F|  |TAMS 0x00000000eae00000| PB 0x00000000eae00000| Untracked 
| 175|0x00000000eaf00000, 0x00000000eaf00000, 0x00000000eb000000|  0%| F|  |TAMS 0x00000000eaf00000| PB 0x00000000eaf00000| Untracked 
| 176|0x00000000eb000000, 0x00000000eb000000, 0x00000000eb100000|  0%| F|  |TAMS 0x00000000eb000000| PB 0x00000000eb000000| Untracked 
| 177|0x00000000eb100000, 0x00000000eb100000, 0x00000000eb200000|  0%| F|  |TAMS 0x00000000eb100000| PB 0x00000000eb100000| Untracked 
| 178|0x00000000eb200000, 0x00000000eb300000, 0x00000000eb300000|100%| S|CS|TAMS 0x00000000eb200000| PB 0x00000000eb200000| Complete 
| 179|0x00000000eb300000, 0x00000000eb400000, 0x00000000eb400000|100%| S|CS|TAMS 0x00000000eb300000| PB 0x00000000eb300000| Complete 
| 180|0x00000000eb400000, 0x00000000eb500000, 0x00000000eb500000|100%| S|CS|TAMS 0x00000000eb400000| PB 0x00000000eb400000| Complete 
| 181|0x00000000eb500000, 0x00000000eb600000, 0x00000000eb600000|100%| S|CS|TAMS 0x00000000eb500000| PB 0x00000000eb500000| Complete 
| 182|0x00000000eb600000, 0x00000000eb700000, 0x00000000eb700000|100%| S|CS|TAMS 0x00000000eb600000| PB 0x00000000eb600000| Complete 
| 183|0x00000000eb700000, 0x00000000eb700000, 0x00000000eb800000|  0%| F|  |TAMS 0x00000000eb700000| PB 0x00000000eb700000| Untracked 
| 184|0x00000000eb800000, 0x00000000eb800000, 0x00000000eb900000|  0%| F|  |TAMS 0x00000000eb800000| PB 0x00000000eb800000| Untracked 
| 185|0x00000000eb900000, 0x00000000eb900000, 0x00000000eba00000|  0%| F|  |TAMS 0x00000000eb900000| PB 0x00000000eb900000| Untracked 
| 186|0x00000000eba00000, 0x00000000eba00000, 0x00000000ebb00000|  0%| F|  |TAMS 0x00000000eba00000| PB 0x00000000eba00000| Untracked 
| 187|0x00000000ebb00000, 0x00000000ebb00000, 0x00000000ebc00000|  0%| F|  |TAMS 0x00000000ebb00000| PB 0x00000000ebb00000| Untracked 
| 188|0x00000000ebc00000, 0x00000000ebc00000, 0x00000000ebd00000|  0%| F|  |TAMS 0x00000000ebc00000| PB 0x00000000ebc00000| Untracked 
| 189|0x00000000ebd00000, 0x00000000ebd00000, 0x00000000ebe00000|  0%| F|  |TAMS 0x00000000ebd00000| PB 0x00000000ebd00000| Untracked 
| 190|0x00000000ebe00000, 0x00000000ebe00000, 0x00000000ebf00000|  0%| F|  |TAMS 0x00000000ebe00000| PB 0x00000000ebe00000| Untracked 
| 191|0x00000000ebf00000, 0x00000000ebf00000, 0x00000000ec000000|  0%| F|  |TAMS 0x00000000ebf00000| PB 0x00000000ebf00000| Untracked 
| 192|0x00000000ec000000, 0x00000000ec000000, 0x00000000ec100000|  0%| F|  |TAMS 0x00000000ec000000| PB 0x00000000ec000000| Untracked 
| 193|0x00000000ec100000, 0x00000000ec100000, 0x00000000ec200000|  0%| F|  |TAMS 0x00000000ec100000| PB 0x00000000ec100000| Untracked 
| 194|0x00000000ec200000, 0x00000000ec200000, 0x00000000ec300000|  0%| F|  |TAMS 0x00000000ec200000| PB 0x00000000ec200000| Untracked 
| 195|0x00000000ec300000, 0x00000000ec300000, 0x00000000ec400000|  0%| F|  |TAMS 0x00000000ec300000| PB 0x00000000ec300000| Untracked 
| 196|0x00000000ec400000, 0x00000000ec400000, 0x00000000ec500000|  0%| F|  |TAMS 0x00000000ec400000| PB 0x00000000ec400000| Untracked 
| 197|0x00000000ec500000, 0x00000000ec500000, 0x00000000ec600000|  0%| F|  |TAMS 0x00000000ec500000| PB 0x00000000ec500000| Untracked 
| 198|0x00000000ec600000, 0x00000000ec600000, 0x00000000ec700000|  0%| F|  |TAMS 0x00000000ec600000| PB 0x00000000ec600000| Untracked 
| 199|0x00000000ec700000, 0x00000000ec700000, 0x00000000ec800000|  0%| F|  |TAMS 0x00000000ec700000| PB 0x00000000ec700000| Untracked 
| 200|0x00000000ec800000, 0x00000000ec800000, 0x00000000ec900000|  0%| F|  |TAMS 0x00000000ec800000| PB 0x00000000ec800000| Untracked 
| 201|0x00000000ec900000, 0x00000000ec900000, 0x00000000eca00000|  0%| F|  |TAMS 0x00000000ec900000| PB 0x00000000ec900000| Untracked 
| 202|0x00000000eca00000, 0x00000000eca00000, 0x00000000ecb00000|  0%| F|  |TAMS 0x00000000eca00000| PB 0x00000000eca00000| Untracked 
| 203|0x00000000ecb00000, 0x00000000ecb00000, 0x00000000ecc00000|  0%| F|  |TAMS 0x00000000ecb00000| PB 0x00000000ecb00000| Untracked 
| 204|0x00000000ecc00000, 0x00000000ecc00000, 0x00000000ecd00000|  0%| F|  |TAMS 0x00000000ecc00000| PB 0x00000000ecc00000| Untracked 
| 205|0x00000000ecd00000, 0x00000000ecd00000, 0x00000000ece00000|  0%| F|  |TAMS 0x00000000ecd00000| PB 0x00000000ecd00000| Untracked 
| 206|0x00000000ece00000, 0x00000000ece00000, 0x00000000ecf00000|  0%| F|  |TAMS 0x00000000ece00000| PB 0x00000000ece00000| Untracked 
| 207|0x00000000ecf00000, 0x00000000ecf00000, 0x00000000ed000000|  0%| F|  |TAMS 0x00000000ecf00000| PB 0x00000000ecf00000| Untracked 
| 208|0x00000000ed000000, 0x00000000ed000000, 0x00000000ed100000|  0%| F|  |TAMS 0x00000000ed000000| PB 0x00000000ed000000| Untracked 
| 209|0x00000000ed100000, 0x00000000ed100000, 0x00000000ed200000|  0%| F|  |TAMS 0x00000000ed100000| PB 0x00000000ed100000| Untracked 
| 210|0x00000000ed200000, 0x00000000ed200000, 0x00000000ed300000|  0%| F|  |TAMS 0x00000000ed200000| PB 0x00000000ed200000| Untracked 
| 211|0x00000000ed300000, 0x00000000ed300000, 0x00000000ed400000|  0%| F|  |TAMS 0x00000000ed300000| PB 0x00000000ed300000| Untracked 
| 212|0x00000000ed400000, 0x00000000ed400000, 0x00000000ed500000|  0%| F|  |TAMS 0x00000000ed400000| PB 0x00000000ed400000| Untracked 
| 213|0x00000000ed500000, 0x00000000ed500000, 0x00000000ed600000|  0%| F|  |TAMS 0x00000000ed500000| PB 0x00000000ed500000| Untracked 
| 214|0x00000000ed600000, 0x00000000ed600000, 0x00000000ed700000|  0%| F|  |TAMS 0x00000000ed600000| PB 0x00000000ed600000| Untracked 
| 215|0x00000000ed700000, 0x00000000ed700000, 0x00000000ed800000|  0%| F|  |TAMS 0x00000000ed700000| PB 0x00000000ed700000| Untracked 
| 216|0x00000000ed800000, 0x00000000ed800000, 0x00000000ed900000|  0%| F|  |TAMS 0x00000000ed800000| PB 0x00000000ed800000| Untracked 
| 217|0x00000000ed900000, 0x00000000ed900000, 0x00000000eda00000|  0%| F|  |TAMS 0x00000000ed900000| PB 0x00000000ed900000| Untracked 
| 218|0x00000000eda00000, 0x00000000eda00000, 0x00000000edb00000|  0%| F|  |TAMS 0x00000000eda00000| PB 0x00000000eda00000| Untracked 
| 219|0x00000000edb00000, 0x00000000edb00000, 0x00000000edc00000|  0%| F|  |TAMS 0x00000000edb00000| PB 0x00000000edb00000| Untracked 
| 220|0x00000000edc00000, 0x00000000edc00000, 0x00000000edd00000|  0%| F|  |TAMS 0x00000000edc00000| PB 0x00000000edc00000| Untracked 
| 221|0x00000000edd00000, 0x00000000edd00000, 0x00000000ede00000|  0%| F|  |TAMS 0x00000000edd00000| PB 0x00000000edd00000| Untracked 
| 222|0x00000000ede00000, 0x00000000ede00000, 0x00000000edf00000|  0%| F|  |TAMS 0x00000000ede00000| PB 0x00000000ede00000| Untracked 
| 223|0x00000000edf00000, 0x00000000edf00000, 0x00000000ee000000|  0%| F|  |TAMS 0x00000000edf00000| PB 0x00000000edf00000| Untracked 
| 224|0x00000000ee000000, 0x00000000ee000000, 0x00000000ee100000|  0%| F|  |TAMS 0x00000000ee000000| PB 0x00000000ee000000| Untracked 
| 225|0x00000000ee100000, 0x00000000ee200000, 0x00000000ee200000|100%| E|  |TAMS 0x00000000ee100000| PB 0x00000000ee100000| Complete 
| 226|0x00000000ee200000, 0x00000000ee300000, 0x00000000ee300000|100%| E|CS|TAMS 0x00000000ee200000| PB 0x00000000ee200000| Complete 
| 227|0x00000000ee300000, 0x00000000ee400000, 0x00000000ee400000|100%| E|CS|TAMS 0x00000000ee300000| PB 0x00000000ee300000| Complete 
| 228|0x00000000ee400000, 0x00000000ee500000, 0x00000000ee500000|100%| E|CS|TAMS 0x00000000ee400000| PB 0x00000000ee400000| Complete 
| 229|0x00000000ee500000, 0x00000000ee600000, 0x00000000ee600000|100%| E|CS|TAMS 0x00000000ee500000| PB 0x00000000ee500000| Complete 
| 230|0x00000000ee600000, 0x00000000ee700000, 0x00000000ee700000|100%| E|CS|TAMS 0x00000000ee600000| PB 0x00000000ee600000| Complete 
| 231|0x00000000ee700000, 0x00000000ee800000, 0x00000000ee800000|100%| E|CS|TAMS 0x00000000ee700000| PB 0x00000000ee700000| Complete 
| 232|0x00000000ee800000, 0x00000000ee900000, 0x00000000ee900000|100%| E|CS|TAMS 0x00000000ee800000| PB 0x00000000ee800000| Complete 
| 233|0x00000000ee900000, 0x00000000eea00000, 0x00000000eea00000|100%| E|CS|TAMS 0x00000000ee900000| PB 0x00000000ee900000| Complete 
| 234|0x00000000eea00000, 0x00000000eeb00000, 0x00000000eeb00000|100%| E|CS|TAMS 0x00000000eea00000| PB 0x00000000eea00000| Complete 
| 235|0x00000000eeb00000, 0x00000000eec00000, 0x00000000eec00000|100%| E|CS|TAMS 0x00000000eeb00000| PB 0x00000000eeb00000| Complete 
| 236|0x00000000eec00000, 0x00000000eed00000, 0x00000000eed00000|100%| E|CS|TAMS 0x00000000eec00000| PB 0x00000000eec00000| Complete 
| 237|0x00000000eed00000, 0x00000000eee00000, 0x00000000eee00000|100%| E|CS|TAMS 0x00000000eed00000| PB 0x00000000eed00000| Complete 
| 238|0x00000000eee00000, 0x00000000eef00000, 0x00000000eef00000|100%| E|CS|TAMS 0x00000000eee00000| PB 0x00000000eee00000| Complete 
| 239|0x00000000eef00000, 0x00000000ef000000, 0x00000000ef000000|100%| E|CS|TAMS 0x00000000eef00000| PB 0x00000000eef00000| Complete 
| 240|0x00000000ef000000, 0x00000000ef100000, 0x00000000ef100000|100%| E|CS|TAMS 0x00000000ef000000| PB 0x00000000ef000000| Complete 
| 241|0x00000000ef100000, 0x00000000ef200000, 0x00000000ef200000|100%| E|CS|TAMS 0x00000000ef100000| PB 0x00000000ef100000| Complete 
| 242|0x00000000ef200000, 0x00000000ef300000, 0x00000000ef300000|100%| E|CS|TAMS 0x00000000ef200000| PB 0x00000000ef200000| Complete 
| 243|0x00000000ef300000, 0x00000000ef400000, 0x00000000ef400000|100%| E|CS|TAMS 0x00000000ef300000| PB 0x00000000ef300000| Complete 
| 244|0x00000000ef400000, 0x00000000ef500000, 0x00000000ef500000|100%| E|CS|TAMS 0x00000000ef400000| PB 0x00000000ef400000| Complete 
| 245|0x00000000ef500000, 0x00000000ef600000, 0x00000000ef600000|100%| E|CS|TAMS 0x00000000ef500000| PB 0x00000000ef500000| Complete 
| 246|0x00000000ef600000, 0x00000000ef700000, 0x00000000ef700000|100%| E|CS|TAMS 0x00000000ef600000| PB 0x00000000ef600000| Complete 
| 247|0x00000000ef700000, 0x00000000ef800000, 0x00000000ef800000|100%| E|CS|TAMS 0x00000000ef700000| PB 0x00000000ef700000| Complete 
| 248|0x00000000ef800000, 0x00000000ef900000, 0x00000000ef900000|100%| E|CS|TAMS 0x00000000ef800000| PB 0x00000000ef800000| Complete 
| 249|0x00000000ef900000, 0x00000000efa00000, 0x00000000efa00000|100%| E|CS|TAMS 0x00000000ef900000| PB 0x00000000ef900000| Complete 
| 250|0x00000000efa00000, 0x00000000efb00000, 0x00000000efb00000|100%| E|CS|TAMS 0x00000000efa00000| PB 0x00000000efa00000| Complete 
| 251|0x00000000efb00000, 0x00000000efc00000, 0x00000000efc00000|100%| E|CS|TAMS 0x00000000efb00000| PB 0x00000000efb00000| Complete 
| 252|0x00000000efc00000, 0x00000000efd00000, 0x00000000efd00000|100%| E|CS|TAMS 0x00000000efc00000| PB 0x00000000efc00000| Complete 
| 253|0x00000000efd00000, 0x00000000efe00000, 0x00000000efe00000|100%| E|CS|TAMS 0x00000000efd00000| PB 0x00000000efd00000| Complete 
| 254|0x00000000efe00000, 0x00000000eff00000, 0x00000000eff00000|100%| E|CS|TAMS 0x00000000efe00000| PB 0x00000000efe00000| Complete 
| 255|0x00000000eff00000, 0x00000000f0000000, 0x00000000f0000000|100%| E|CS|TAMS 0x00000000eff00000| PB 0x00000000eff00000| Complete 

Card table byte_map: [0x000001e454250000,0x000001e454350000] _byte_map_base: 0x000001e453b50000

Marking Bits: (CMBitMap*) 0x000001e43ce14c90
 Bits: [0x000001e454350000, 0x000001e454b50000)

Polling page: 0x000001e43adb0000

Metaspace:

Usage:
  Non-class:     43.89 MB used.
      Class:      7.42 MB used.
       Both:     51.31 MB used.

Virtual space:
  Non-class space:       64.00 MB reserved,      44.81 MB ( 70%) committed,  1 nodes.
      Class space:      320.00 MB reserved,       8.31 MB (  3%) committed,  1 nodes.
             Both:      384.00 MB reserved,      53.12 MB ( 14%) committed. 

Chunk freelists:
   Non-Class:  3.02 MB
       Class:  7.55 MB
        Both:  10.57 MB

MaxMetaspaceSize: 384.00 MB
CompressedClassSpaceSize: 320.00 MB
Initial GC threshold: 21.00 MB
Current GC threshold: 58.75 MB
CDS: on
 - commit_granule_bytes: 65536.
 - commit_granule_words: 8192.
 - virtual_space_node_default_size: 8388608.
 - enlarge_chunks_in_place: 1.
 - use_allocation_guard: 0.


Internal statistics:

num_allocs_failed_limit: 6.
num_arena_births: 3178.
num_arena_deaths: 0.
num_vsnodes_births: 2.
num_vsnodes_deaths: 0.
num_space_committed: 850.
num_space_uncommitted: 0.
num_chunks_returned_to_freelist: 6.
num_chunks_taken_from_freelist: 5712.
num_chunk_merges: 6.
num_chunk_splits: 3672.
num_chunks_enlarged: 2208.
num_inconsistent_stats: 0.

CodeHeap 'non-profiled nmethods': size=120000Kb used=3623Kb max_used=3623Kb free=116376Kb
 bounds [0x000001e44cd20000, 0x000001e44d0b0000, 0x000001e454250000]
CodeHeap 'profiled nmethods': size=120000Kb used=11956Kb max_used=11956Kb free=108043Kb
 bounds [0x000001e445250000, 0x000001e445e00000, 0x000001e44c780000]
CodeHeap 'non-nmethods': size=5760Kb used=2739Kb max_used=2784Kb free=3020Kb
 bounds [0x000001e44c780000, 0x000001e44ca50000, 0x000001e44cd20000]
 total_blobs=6870 nmethods=6001 adapters=772
 compilation: enabled
              stopped_count=0, restarted_count=0
 full_count=0

Compilation events (20 events):
Event: 125.637 Thread 0x000001e4571c86f0 6489       3       sun.reflect.misc.ReflectUtil::checkPackageAccess (77 bytes)
Event: 125.637 Thread 0x000001e457162330 nmethod 6487 0x000001e44d0a8890 code [0x000001e44d0a8a80, 0x000001e44d0a9140]
Event: 125.637 Thread 0x000001e4571c86f0 nmethod 6489 0x000001e445df4010 code [0x000001e445df41c0, 0x000001e445df4390]
Event: 125.649 Thread 0x000001e4571c86f0 6490       3       sun.reflect.generics.reflectiveObjects.TypeVariableImpl::toString (5 bytes)
Event: 125.649 Thread 0x000001e4571c86f0 nmethod 6490 0x000001e445df4490 code [0x000001e445df4620, 0x000001e445df4758]
Event: 125.651 Thread 0x000001e457162330 6491       4       java.lang.reflect.Method::getGenericInfo (28 bytes)
Event: 125.658 Thread 0x000001e457162330 nmethod 6491 0x000001e44d0a9510 code [0x000001e44d0a96e0, 0x000001e44d0a9b38]
Event: 125.664 Thread 0x000001e4571c86f0 6492   !   3       com.sun.beans.util.Cache::get (256 bytes)
Event: 125.666 Thread 0x000001e4571c86f0 nmethod 6492 0x000001e445df4810 code [0x000001e445df4b80, 0x000001e445df60d8]
Event: 125.667 Thread 0x000001e4571c86f0 6493   !   3       com.sun.beans.introspect.ClassInfo::getMethods (50 bytes)
Event: 125.667 Thread 0x000001e457162330 6494       4       java.beans.Introspector::addMethod (196 bytes)
Event: 125.667 Thread 0x000001e4571c86f0 nmethod 6493 0x000001e445df6d90 code [0x000001e445df6f40, 0x000001e445df7260]
Event: 125.681 Thread 0x000001e4571c86f0 6496       3       com.sun.beans.TypeResolver::prepare (234 bytes)
Event: 125.685 Thread 0x000001e4571c86f0 nmethod 6496 0x000001e445df7390 code [0x000001e445df7820, 0x000001e445df9f28]
Event: 125.685 Thread 0x000001e4571c86f0 6498       3       java.beans.PropertyDescriptor::<init> (112 bytes)
Event: 125.686 Thread 0x000001e4571c86f0 nmethod 6498 0x000001e445dfa910 code [0x000001e445dfab40, 0x000001e445dfb280]
Event: 125.686 Thread 0x000001e4571c86f0 6499   !   3       java.beans.PropertyDescriptor::updateGenericsFor (37 bytes)
Event: 125.687 Thread 0x000001e4571c86f0 nmethod 6499 0x000001e445dfb510 code [0x000001e445dfb7e0, 0x000001e445dfc880]
Event: 126.124 Thread 0x000001e4571c86f0 6501       2       org.codehaus.groovy.reflection.ClassInfo::getClassInfo (13 bytes)
Event: 126.125 Thread 0x000001e4571c86f0 nmethod 6501 0x000001e445dfce10 code [0x000001e445dfcfc0, 0x000001e445dfd110]

GC Heap History (14 events):
Event: 4.075 GC heap before
{Heap before GC invocations=0 (full 0):
 garbage-first heap   total 262144K, used 12288K [0x00000000e0000000, 0x0000000100000000)
  region size 1024K, 13 young (13312K), 0 survivors (0K)
 Metaspace       used 1028K, committed 1152K, reserved 393216K
  class space    used 83K, committed 128K, reserved 327680K
}
Event: 4.142 GC heap after
{Heap after GC invocations=1 (full 0):
 garbage-first heap   total 262144K, used 2048K [0x00000000e0000000, 0x0000000100000000)
  region size 1024K, 2 young (2048K), 2 survivors (2048K)
 Metaspace       used 1028K, committed 1152K, reserved 393216K
  class space    used 83K, committed 128K, reserved 327680K
}
Event: 9.022 GC heap before
{Heap before GC invocations=1 (full 0):
 garbage-first heap   total 262144K, used 21504K [0x00000000e0000000, 0x0000000100000000)
  region size 1024K, 18 young (18432K), 2 survivors (2048K)
 Metaspace       used 4133K, committed 4416K, reserved 393216K
  class space    used 507K, committed 640K, reserved 327680K
}
Event: 9.029 GC heap after
{Heap after GC invocations=2 (full 0):
 garbage-first heap   total 262144K, used 10852K [0x00000000e0000000, 0x0000000100000000)
  region size 1024K, 3 young (3072K), 3 survivors (3072K)
 Metaspace       used 4133K, committed 4416K, reserved 393216K
  class space    used 507K, committed 640K, reserved 327680K
}
Event: 11.567 GC heap before
{Heap before GC invocations=2 (full 0):
 garbage-first heap   total 262144K, used 32356K [0x00000000e0000000, 0x0000000100000000)
  region size 1024K, 24 young (24576K), 3 survivors (3072K)
 Metaspace       used 4212K, committed 4416K, reserved 393216K
  class space    used 509K, committed 640K, reserved 327680K
}
Event: 11.570 GC heap after
{Heap after GC invocations=3 (full 0):
 garbage-first heap   total 262144K, used 11637K [0x00000000e0000000, 0x0000000100000000)
  region size 1024K, 1 young (1024K), 1 survivors (1024K)
 Metaspace       used 4212K, committed 4416K, reserved 393216K
  class space    used 509K, committed 640K, reserved 327680K
}
Event: 28.091 GC heap before
{Heap before GC invocations=3 (full 0):
 garbage-first heap   total 262144K, used 120181K [0x00000000e0000000, 0x0000000100000000)
  region size 1024K, 108 young (110592K), 1 survivors (1024K)
 Metaspace       used 20866K, committed 21504K, reserved 393216K
  class space    used 3001K, committed 3264K, reserved 327680K
}
Event: 28.113 GC heap after
{Heap after GC invocations=4 (full 0):
 garbage-first heap   total 262144K, used 23226K [0x00000000e0000000, 0x0000000100000000)
  region size 1024K, 12 young (12288K), 12 survivors (12288K)
 Metaspace       used 20866K, committed 21504K, reserved 393216K
  class space    used 3001K, committed 3264K, reserved 327680K
}
Event: 55.562 GC heap before
{Heap before GC invocations=5 (full 0):
 garbage-first heap   total 262144K, used 109242K [0x00000000e0000000, 0x0000000100000000)
  region size 1024K, 98 young (100352K), 12 survivors (12288K)
 Metaspace       used 34825K, committed 35968K, reserved 393216K
  class space    used 5023K, committed 5568K, reserved 327680K
}
Event: 55.686 GC heap after
{Heap after GC invocations=6 (full 0):
 garbage-first heap   total 262144K, used 29163K [0x00000000e0000000, 0x0000000100000000)
  region size 1024K, 6 young (6144K), 6 survivors (6144K)
 Metaspace       used 34825K, committed 35968K, reserved 393216K
  class space    used 5023K, committed 5568K, reserved 327680K
}
Event: 92.918 GC heap before
{Heap before GC invocations=7 (full 0):
 garbage-first heap   total 262144K, used 125419K [0x00000000e0000000, 0x0000000100000000)
  region size 1024K, 94 young (96256K), 6 survivors (6144K)
 Metaspace       used 43371K, committed 44864K, reserved 393216K
  class space    used 6103K, committed 6848K, reserved 327680K
}
Event: 92.997 GC heap after
{Heap after GC invocations=8 (full 0):
 garbage-first heap   total 262144K, used 36642K [0x00000000e0000000, 0x0000000100000000)
  region size 1024K, 12 young (12288K), 12 survivors (12288K)
 Metaspace       used 43371K, committed 44864K, reserved 393216K
  class space    used 6103K, committed 6848K, reserved 327680K
}
Event: 118.808 GC heap before
{Heap before GC invocations=8 (full 0):
 garbage-first heap   total 262144K, used 111394K [0x00000000e0000000, 0x0000000100000000)
  region size 1024K, 85 young (87040K), 12 survivors (12288K)
 Metaspace       used 51329K, committed 53120K, reserved 393216K
  class space    used 7406K, committed 8256K, reserved 327680K
}
Event: 118.886 GC heap after
{Heap after GC invocations=9 (full 0):
 garbage-first heap   total 262144K, used 41157K [0x00000000e0000000, 0x0000000100000000)
  region size 1024K, 5 young (5120K), 5 survivors (5120K)
 Metaspace       used 51329K, committed 53120K, reserved 393216K
  class space    used 7406K, committed 8256K, reserved 327680K
}

Dll operation events (15 events):
Event: 0.148 Loaded shared library C:\Users\Administrator\.jdks\openjdk-21.0.2\bin\java.dll
Event: 0.271 Loaded shared library C:\Users\Administrator\.jdks\openjdk-21.0.2\bin\jsvml.dll
Event: 0.639 Loaded shared library C:\Users\Administrator\.jdks\openjdk-21.0.2\bin\zip.dll
Event: 0.646 Loaded shared library C:\Users\Administrator\.jdks\openjdk-21.0.2\bin\instrument.dll
Event: 0.739 Loaded shared library C:\Users\Administrator\.jdks\openjdk-21.0.2\bin\net.dll
Event: 0.746 Loaded shared library C:\Users\Administrator\.jdks\openjdk-21.0.2\bin\nio.dll
Event: 0.769 Loaded shared library C:\Users\Administrator\.jdks\openjdk-21.0.2\bin\zip.dll
Event: 3.670 Loaded shared library C:\Users\Administrator\.jdks\openjdk-21.0.2\bin\jimage.dll
Event: 4.295 Loaded shared library C:\Users\Administrator\.jdks\openjdk-21.0.2\bin\verify.dll
Event: 5.601 Loaded shared library C:\Users\Administrator\.gradle\native\c067742578af261105cb4f569cf0c3c89f3d7b1fecec35dd04571415982c5e48\windows-amd64\native-platform.dll
Event: 5.701 Loaded shared library C:\Users\Administrator\.gradle\native\38dada09dfb8b06ba9b0570ebf7e218e3eb74d4ef43ca46872605cf95ebc2f47\windows-amd64\native-platform-file-events.dll
Event: 14.415 Loaded shared library C:\Users\Administrator\.jdks\openjdk-21.0.2\bin\management.dll
Event: 14.482 Loaded shared library C:\Users\Administrator\.jdks\openjdk-21.0.2\bin\management_ext.dll
Event: 15.447 Loaded shared library C:\Users\Administrator\.jdks\openjdk-21.0.2\bin\extnet.dll
Event: 16.097 Loaded shared library C:\Users\Administrator\.jdks\openjdk-21.0.2\bin\sunmscapi.dll

Deoptimization events (20 events):
Event: 125.113 Thread 0x000001e471253fd0 Uncommon trap: trap_request=0xffffffcc fr.pc=0x000001e44d0a50fc relative=0x000000000000023c
Event: 125.113 Thread 0x000001e471253fd0 Uncommon trap: reason=intrinsic_or_type_checked_inlining action=make_not_entrant pc=0x000001e44d0a50fc method=java.util.ArrayList.toArray([Ljava/lang/Object;)[Ljava/lang/Object; @ 36 c2
Event: 125.113 Thread 0x000001e471253fd0 DEOPT PACKING pc=0x000001e44d0a50fc sp=0x00000042aa1f77d0
Event: 125.113 Thread 0x000001e471253fd0 DEOPT UNPACKING pc=0x000001e44c7d46a2 sp=0x00000042aa1f7770 mode 2
Event: 125.315 Thread 0x000001e471253fd0 Uncommon trap: trap_request=0xffffffc6 fr.pc=0x000001e44d09c258 relative=0x0000000000000378
Event: 125.315 Thread 0x000001e471253fd0 Uncommon trap: reason=bimorphic_or_optimized_type_check action=maybe_recompile pc=0x000001e44d09c258 method=org.codehaus.groovy.runtime.metaclass.MetaMethodIndex.isOverridden(Lgroovy/lang/MetaMethod;Lgroovy/lang/MetaMethod;)Z @ 56 c2
Event: 125.315 Thread 0x000001e471253fd0 DEOPT PACKING pc=0x000001e44d09c258 sp=0x00000042aa1f7890
Event: 125.315 Thread 0x000001e471253fd0 DEOPT UNPACKING pc=0x000001e44c7d46a2 sp=0x00000042aa1f7820 mode 2
Event: 126.059 Thread 0x000001e471253fd0 Uncommon trap: trap_request=0xffffffde fr.pc=0x000001e44d09e050 relative=0x0000000000000590
Event: 126.059 Thread 0x000001e471253fd0 Uncommon trap: reason=class_check action=maybe_recompile pc=0x000001e44d09e050 method=groovy.lang.MetaClassImpl.filterPropertyMethod(Ljava/lang/Object;ZZ)Ljava/lang/Object; @ 133 c2
Event: 126.059 Thread 0x000001e471253fd0 DEOPT PACKING pc=0x000001e44d09e050 sp=0x00000042aa1f77f0
Event: 126.059 Thread 0x000001e471253fd0 DEOPT UNPACKING pc=0x000001e44c7d46a2 sp=0x00000042aa1f7770 mode 2
Event: 126.059 Thread 0x000001e471253fd0 Uncommon trap: trap_request=0xffffffde fr.pc=0x000001e44d09e050 relative=0x0000000000000590
Event: 126.059 Thread 0x000001e471253fd0 Uncommon trap: reason=class_check action=maybe_recompile pc=0x000001e44d09e050 method=groovy.lang.MetaClassImpl.filterPropertyMethod(Ljava/lang/Object;ZZ)Ljava/lang/Object; @ 133 c2
Event: 126.059 Thread 0x000001e471253fd0 DEOPT PACKING pc=0x000001e44d09e050 sp=0x00000042aa1f77f0
Event: 126.059 Thread 0x000001e471253fd0 DEOPT UNPACKING pc=0x000001e44c7d46a2 sp=0x00000042aa1f7770 mode 2
Event: 126.060 Thread 0x000001e471253fd0 Uncommon trap: trap_request=0xffffffde fr.pc=0x000001e44d09e050 relative=0x0000000000000590
Event: 126.060 Thread 0x000001e471253fd0 Uncommon trap: reason=class_check action=maybe_recompile pc=0x000001e44d09e050 method=groovy.lang.MetaClassImpl.filterPropertyMethod(Ljava/lang/Object;ZZ)Ljava/lang/Object; @ 133 c2
Event: 126.060 Thread 0x000001e471253fd0 DEOPT PACKING pc=0x000001e44d09e050 sp=0x00000042aa1f77f0
Event: 126.060 Thread 0x000001e471253fd0 DEOPT UNPACKING pc=0x000001e44c7d46a2 sp=0x00000042aa1f7770 mode 2

Classes loaded (20 events):
Event: 119.456 Loading class java/io/PrintWriter$1
Event: 119.469 Loading class jdk/internal/access/JavaIOPrintWriterAccess
Event: 119.475 Loading class jdk/internal/access/JavaIOPrintWriterAccess done
Event: 119.475 Loading class java/io/PrintWriter$1 done
Event: 121.879 Loading class java/io/FilterReader
Event: 121.885 Loading class java/io/FilterReader done
Event: 123.704 Loading class java/util/TreeMap$KeySpliterator
Event: 123.705 Loading class java/util/TreeMap$TreeMapSpliterator
Event: 123.705 Loading class java/util/TreeMap$TreeMapSpliterator done
Event: 123.705 Loading class java/util/TreeMap$KeySpliterator done
Event: 125.342 Loading class java/util/AbstractCollectionBeanInfo
Event: 125.342 Loading class java/util/AbstractCollectionBeanInfo done
Event: 125.349 Loading class java/util/AbstractCollectionBeanInfo
Event: 125.349 Loading class java/util/AbstractCollectionBeanInfo done
Event: 125.384 Loading class java/util/AbstractCollectionCustomizer
Event: 125.384 Loading class java/util/AbstractCollectionCustomizer done
Event: 125.385 Loading class java/util/AbstractCollectionCustomizer
Event: 125.385 Loading class java/util/AbstractCollectionCustomizer done
Event: 125.393 Loading class sun/reflect/generics/reflectiveObjects/GenericArrayTypeImpl
Event: 125.394 Loading class sun/reflect/generics/reflectiveObjects/GenericArrayTypeImpl done

Classes unloaded (0 events):
No events

Classes redefined (0 events):
No events

Internal exceptions (20 events):
Event: 123.940 Thread 0x000001e471253fd0 Exception <a 'java/lang/ClassNotFoundException'{0x00000000ee9d5b10}: org/springframework/boot/gradle/tasks/bundling/BootJarCustomizer> (0x00000000ee9d5b10) 
thrown [s\open\src\hotspot\share\classfile\systemDictionary.cpp, line 312]
Event: 123.951 Thread 0x000001e471253fd0 Exception <a 'java/lang/ClassNotFoundException'{0x00000000ee80a290}: org/springframework/boot/gradle/tasks/bundling/BootJar_DecoratedCustomizer> (0x00000000ee80a290) 
thrown [s\open\src\hotspot\share\classfile\systemDictionary.cpp, line 312]
Event: 124.314 Thread 0x000001e471253fd0 Exception <a 'java/lang/ClassNotFoundException'{0x00000000ee708150}: org/gradle/api/internal/NamedDomainObjectContainerConfigureDelegateBeanInfo> (0x00000000ee708150) 
thrown [s\open\src\hotspot\share\classfile\systemDictionary.cpp, line 312]
Event: 124.316 Thread 0x000001e471253fd0 Exception <a 'java/lang/ClassNotFoundException'{0x00000000ee718a18}: org/gradle/api/internal/NamedDomainObjectContainerConfigureDelegateCustomizer> (0x00000000ee718a18) 
thrown [s\open\src\hotspot\share\classfile\systemDictionary.cpp, line 312]
Event: 125.324 Thread 0x000001e471253fd0 Exception <a 'java/lang/ClassNotFoundException'{0x00000000ee3066b8}: org/gradle/api/internal/artifacts/configurations/DefaultConfigurationContainer_DecoratedBeanInfo> (0x00000000ee3066b8) 
thrown [s\open\src\hotspot\share\classfile\systemDictionary.cpp, line 312]
Event: 125.327 Thread 0x000001e471253fd0 Exception <a 'java/lang/ClassNotFoundException'{0x00000000ee31b9d0}: org/gradle/api/internal/artifacts/configurations/DefaultConfigurationContainerBeanInfo> (0x00000000ee31b9d0) 
thrown [s\open\src\hotspot\share\classfile\systemDictionary.cpp, line 312]
Event: 125.329 Thread 0x000001e471253fd0 Exception <a 'java/lang/ClassNotFoundException'{0x00000000ee32e2f8}: org/gradle/api/internal/AbstractValidatingNamedDomainObjectContainerBeanInfo> (0x00000000ee32e2f8) 
thrown [s\open\src\hotspot\share\classfile\systemDictionary.cpp, line 312]
Event: 125.332 Thread 0x000001e471253fd0 Exception <a 'java/lang/ClassNotFoundException'{0x00000000ee340a10}: org/gradle/api/internal/AbstractNamedDomainObjectContainerBeanInfo> (0x00000000ee340a10) 
thrown [s\open\src\hotspot\share\classfile\systemDictionary.cpp, line 312]
Event: 125.334 Thread 0x000001e471253fd0 Exception <a 'java/lang/ClassNotFoundException'{0x00000000ee352f60}: org/gradle/api/internal/DefaultNamedDomainObjectSetBeanInfo> (0x00000000ee352f60) 
thrown [s\open\src\hotspot\share\classfile\systemDictionary.cpp, line 312]
Event: 125.337 Thread 0x000001e471253fd0 Exception <a 'java/lang/ClassNotFoundException'{0x00000000ee366128}: org/gradle/api/internal/DefaultNamedDomainObjectCollectionBeanInfo> (0x00000000ee366128) 
thrown [s\open\src\hotspot\share\classfile\systemDictionary.cpp, line 312]
Event: 125.342 Thread 0x000001e471253fd0 Exception <a 'java/lang/ClassNotFoundException'{0x00000000ee379948}: org/gradle/api/internal/DefaultDomainObjectCollectionBeanInfo> (0x00000000ee379948) 
thrown [s\open\src\hotspot\share\classfile\systemDictionary.cpp, line 312]
Event: 125.349 Thread 0x000001e471253fd0 Exception <a 'java/lang/ClassNotFoundException'{0x00000000ee3819a0}: java/util/AbstractCollectionBeanInfo> (0x00000000ee3819a0) 
thrown [s\open\src\hotspot\share\classfile\systemDictionary.cpp, line 312]
Event: 125.387 Thread 0x000001e471253fd0 Exception <a 'java/lang/ClassNotFoundException'{0x00000000ee389688}: java/util/AbstractCollectionCustomizer> (0x00000000ee389688) 
thrown [s\open\src\hotspot\share\classfile\systemDictionary.cpp, line 312]
Event: 125.609 Thread 0x000001e471253fd0 Exception <a 'java/lang/ClassNotFoundException'{0x00000000ee3ad578}: org/gradle/api/internal/DefaultDomainObjectCollectionCustomizer> (0x00000000ee3ad578) 
thrown [s\open\src\hotspot\share\classfile\systemDictionary.cpp, line 312]
Event: 125.624 Thread 0x000001e471253fd0 Exception <a 'java/lang/ClassNotFoundException'{0x00000000ee3e6c00}: org/gradle/api/internal/DefaultNamedDomainObjectCollectionCustomizer> (0x00000000ee3e6c00) 
thrown [s\open\src\hotspot\share\classfile\systemDictionary.cpp, line 312]
Event: 125.638 Thread 0x000001e471253fd0 Exception <a 'java/lang/ClassNotFoundException'{0x00000000ee22f480}: org/gradle/api/internal/DefaultNamedDomainObjectSetCustomizer> (0x00000000ee22f480) 
thrown [s\open\src\hotspot\share\classfile\systemDictionary.cpp, line 312]
Event: 125.648 Thread 0x000001e471253fd0 Exception <a 'java/lang/ClassNotFoundException'{0x00000000ee270e00}: org/gradle/api/internal/AbstractNamedDomainObjectContainerCustomizer> (0x00000000ee270e00) 
thrown [s\open\src\hotspot\share\classfile\systemDictionary.cpp, line 312]
Event: 125.663 Thread 0x000001e471253fd0 Exception <a 'java/lang/ClassNotFoundException'{0x00000000ee2aa5d0}: org/gradle/api/internal/AbstractValidatingNamedDomainObjectContainerCustomizer> (0x00000000ee2aa5d0) 
thrown [s\open\src\hotspot\share\classfile\systemDictionary.cpp, line 312]
Event: 125.666 Thread 0x000001e471253fd0 Exception <a 'java/lang/ClassNotFoundException'{0x00000000ee2cb0d8}: org/gradle/api/internal/artifacts/configurations/DefaultConfigurationContainerCustomizer> (0x00000000ee2cb0d8) 
thrown [s\open\src\hotspot\share\classfile\systemDictionary.cpp, line 312]
Event: 125.692 Thread 0x000001e471253fd0 Exception <a 'java/lang/ClassNotFoundException'{0x00000000ee1280f8}: org/gradle/api/internal/artifacts/configurations/DefaultConfigurationContainer_DecoratedCustomizer> (0x00000000ee1280f8) 
thrown [s\open\src\hotspot\share\classfile\systemDictionary.cpp, line 312]

ZGC Phase Switch (0 events):
No events

VM Operations (20 events):
Event: 118.312 Executing VM operation: Cleanup
Event: 118.348 Executing VM operation: Cleanup done
Event: 118.808 Executing VM operation: G1CollectForAllocation (G1 Evacuation Pause)
Event: 118.886 Executing VM operation: G1CollectForAllocation (G1 Evacuation Pause) done
Event: 119.891 Executing VM operation: Cleanup
Event: 119.923 Executing VM operation: Cleanup done
Event: 120.604 Executing VM operation: HandshakeAllThreads (HandshakeForDeflation)
Event: 120.612 Executing VM operation: HandshakeAllThreads (HandshakeForDeflation) done
Event: 120.613 Executing VM operation: RendezvousGCThreads
Event: 120.613 Executing VM operation: RendezvousGCThreads done
Event: 121.627 Executing VM operation: Cleanup
Event: 121.684 Executing VM operation: Cleanup done
Event: 122.696 Executing VM operation: Cleanup
Event: 122.696 Executing VM operation: Cleanup done
Event: 123.710 Executing VM operation: Cleanup
Event: 123.711 Executing VM operation: Cleanup done
Event: 124.726 Executing VM operation: Cleanup
Event: 124.809 Executing VM operation: Cleanup done
Event: 125.816 Executing VM operation: Cleanup
Event: 125.924 Executing VM operation: Cleanup done

Events (20 events):
Event: 55.735 Thread 0x000001e457139290 flushing nmethod 0x000001e44cd56210
Event: 55.735 Thread 0x000001e457139290 flushing nmethod 0x000001e44cd55710
Event: 55.735 Thread 0x000001e457139290 flushing nmethod 0x000001e44cd52f10
Event: 55.735 Thread 0x000001e457139290 flushing nmethod 0x000001e44cd3fe10
Event: 55.735 Thread 0x000001e457139290 flushing nmethod 0x000001e44cd2ac10
Event: 55.735 Thread 0x000001e457139290 flushing nmethod 0x000001e44cd37e90
Event: 55.735 Thread 0x000001e457139290 flushing nmethod 0x000001e44cd30d90
Event: 55.735 Thread 0x000001e457139290 flushing nmethod 0x000001e44cd30990
Event: 55.735 Thread 0x000001e457139290 flushing nmethod 0x000001e44cd29510
Event: 63.181 Thread 0x000001e472aabca0 Thread added: 0x000001e472aabca0
Event: 69.753 Thread 0x000001e472aa9bd0 Thread added: 0x000001e472aa9bd0
Event: 78.915 Thread 0x000001e4576603e0 Thread exited: 0x000001e4576603e0
Event: 85.314 Thread 0x000001e472aa53a0 Thread added: 0x000001e472aa53a0
Event: 102.840 Thread 0x000001e4728d27d0 Thread added: 0x000001e4728d27d0
Event: 102.841 Thread 0x000001e4728d4f30 Thread added: 0x000001e4728d4f30
Event: 102.841 Thread 0x000001e4728ce630 Thread added: 0x000001e4728ce630
Event: 104.296 Thread 0x000001e4728d4210 Thread added: 0x000001e4728d4210
Event: 104.303 Thread 0x000001e4728d0070 Thread added: 0x000001e4728d0070
Event: 104.349 Thread 0x000001e4728d0700 Thread added: 0x000001e4728d0700
Event: 110.134 Thread 0x000001e4728d3b80 Thread added: 0x000001e4728d3b80


Dynamic libraries:
0x00007ff632750000 - 0x00007ff63275e000 	C:\Users\Administrator\.jdks\openjdk-21.0.2\bin\java.exe
0x00007ff916eb0000 - 0x00007ff9170a8000 	C:\Windows\SYSTEM32\ntdll.dll
0x00007ff914f30000 - 0x00007ff914fed000 	C:\Windows\System32\KERNEL32.DLL
0x00007ff914600000 - 0x00007ff9148f6000 	C:\Windows\System32\KERNELBASE.dll
0x00007ff914a90000 - 0x00007ff914b90000 	C:\Windows\System32\ucrtbase.dll
0x00007ff907380000 - 0x00007ff907398000 	C:\Users\Administrator\.jdks\openjdk-21.0.2\bin\jli.dll
0x00007ff907ea0000 - 0x00007ff907ebb000 	C:\Users\Administrator\.jdks\openjdk-21.0.2\bin\VCRUNTIME140.dll
0x00007ff915a50000 - 0x00007ff915bee000 	C:\Windows\System32\USER32.dll
0x00007ff914be0000 - 0x00007ff914c02000 	C:\Windows\System32\win32u.dll
0x00007ff915610000 - 0x00007ff91563b000 	C:\Windows\System32\GDI32.dll
0x00007ff914970000 - 0x00007ff914a87000 	C:\Windows\System32\gdi32full.dll
0x00007ff914c10000 - 0x00007ff914cad000 	C:\Windows\System32\msvcp_win.dll
0x00007ff903620000 - 0x00007ff9038ba000 	C:\Windows\WinSxS\amd64_microsoft.windows.common-controls_6595b64144ccf1df_6.0.19041.3636_none_60b6a03d71f818d5\COMCTL32.dll
0x00007ff916dd0000 - 0x00007ff916e6e000 	C:\Windows\System32\msvcrt.dll
0x00007ff914ef0000 - 0x00007ff914f22000 	C:\Windows\System32\IMM32.DLL
0x00007ff911a10000 - 0x00007ff911a1c000 	C:\Users\Administrator\.jdks\openjdk-21.0.2\bin\vcruntime140_1.dll
0x00007ff8f9100000 - 0x00007ff8f918e000 	C:\Users\Administrator\.jdks\openjdk-21.0.2\bin\msvcp140.dll
0x00007ff8df2d0000 - 0x00007ff8dffe7000 	C:\Users\Administrator\.jdks\openjdk-21.0.2\bin\server\jvm.dll
0x00007ff915460000 - 0x00007ff915513000 	C:\Windows\System32\ADVAPI32.dll
0x00007ff9159a0000 - 0x00007ff915a3f000 	C:\Windows\System32\sechost.dll
0x00007ff916740000 - 0x00007ff916866000 	C:\Windows\System32\RPCRT4.dll
0x00007ff914e10000 - 0x00007ff914e37000 	C:\Windows\System32\bcrypt.dll
0x00007ff9155a0000 - 0x00007ff91560b000 	C:\Windows\System32\WS2_32.dll
0x00007ff913b10000 - 0x00007ff913b5b000 	C:\Windows\SYSTEM32\POWRPROF.dll
0x00007ff8ffd00000 - 0x00007ff8ffd27000 	C:\Windows\SYSTEM32\WINMM.dll
0x00007ff9003f0000 - 0x00007ff9003fa000 	C:\Windows\SYSTEM32\VERSION.dll
0x00007ff913980000 - 0x00007ff913992000 	C:\Windows\SYSTEM32\UMPDC.dll
0x00007ff912600000 - 0x00007ff912612000 	C:\Windows\SYSTEM32\kernel.appcore.dll
0x00007ff90fea0000 - 0x00007ff90feaa000 	C:\Users\Administrator\.jdks\openjdk-21.0.2\bin\jimage.dll
0x00007ff8ff030000 - 0x00007ff8ff214000 	C:\Windows\SYSTEM32\DBGHELP.DLL
0x00007ff900550000 - 0x00007ff900584000 	C:\Windows\SYSTEM32\dbgcore.DLL
0x00007ff914570000 - 0x00007ff9145f2000 	C:\Windows\System32\bcryptPrimitives.dll
0x00007ff90fe80000 - 0x00007ff90fe8f000 	C:\Users\Administrator\.jdks\openjdk-21.0.2\bin\instrument.dll
0x00007ff907260000 - 0x00007ff90727f000 	C:\Users\Administrator\.jdks\openjdk-21.0.2\bin\java.dll
0x00007ff915cd0000 - 0x00007ff916415000 	C:\Windows\System32\SHELL32.dll
0x00007ff912620000 - 0x00007ff912dbc000 	C:\Windows\SYSTEM32\windows.storage.dll
0x00007ff915640000 - 0x00007ff915994000 	C:\Windows\System32\combase.dll
0x00007ff913fa0000 - 0x00007ff913fce000 	C:\Windows\SYSTEM32\Wldp.dll
0x00007ff916d00000 - 0x00007ff916dcd000 	C:\Windows\System32\OLEAUT32.dll
0x00007ff916420000 - 0x00007ff9164cd000 	C:\Windows\System32\SHCORE.dll
0x00007ff9169b0000 - 0x00007ff916a05000 	C:\Windows\System32\shlwapi.dll
0x00007ff9144a0000 - 0x00007ff9144c5000 	C:\Windows\SYSTEM32\profapi.dll
0x00007ff8ef4d0000 - 0x00007ff8ef5a7000 	C:\Users\Administrator\.jdks\openjdk-21.0.2\bin\jsvml.dll
0x00007ff904370000 - 0x00007ff904388000 	C:\Users\Administrator\.jdks\openjdk-21.0.2\bin\zip.dll
0x00007ff90fe10000 - 0x00007ff90fe20000 	C:\Users\Administrator\.jdks\openjdk-21.0.2\bin\net.dll
0x00007ff9096e0000 - 0x00007ff9097ea000 	C:\Windows\SYSTEM32\WINHTTP.dll
0x00007ff913d00000 - 0x00007ff913d6a000 	C:\Windows\system32\mswsock.dll
0x00007ff904280000 - 0x00007ff904296000 	C:\Users\Administrator\.jdks\openjdk-21.0.2\bin\nio.dll
0x00007ff90fde0000 - 0x00007ff90fdf0000 	C:\Users\Administrator\.jdks\openjdk-21.0.2\bin\verify.dll
0x00007ff901f40000 - 0x00007ff901f67000 	C:\Users\Administrator\.gradle\native\c067742578af261105cb4f569cf0c3c89f3d7b1fecec35dd04571415982c5e48\windows-amd64\native-platform.dll
0x00007ff8eda40000 - 0x00007ff8edb84000 	C:\Users\Administrator\.gradle\native\38dada09dfb8b06ba9b0570ebf7e218e3eb74d4ef43ca46872605cf95ebc2f47\windows-amd64\native-platform-file-events.dll
0x00007ff90e510000 - 0x00007ff90e51a000 	C:\Users\Administrator\.jdks\openjdk-21.0.2\bin\management.dll
0x00007ff907e80000 - 0x00007ff907e8b000 	C:\Users\Administrator\.jdks\openjdk-21.0.2\bin\management_ext.dll
0x00007ff915a40000 - 0x00007ff915a48000 	C:\Windows\System32\PSAPI.DLL
0x00007ff913ef0000 - 0x00007ff913f08000 	C:\Windows\SYSTEM32\CRYPTSP.dll
0x00007ff9135c0000 - 0x00007ff9135f4000 	C:\Windows\system32\rsaenh.dll
0x00007ff914420000 - 0x00007ff91444e000 	C:\Windows\SYSTEM32\USERENV.dll
0x00007ff913f10000 - 0x00007ff913f1c000 	C:\Windows\SYSTEM32\CRYPTBASE.dll
0x00007ff9139a0000 - 0x00007ff9139db000 	C:\Windows\SYSTEM32\IPHLPAPI.DLL
0x00007ff916870000 - 0x00007ff916878000 	C:\Windows\System32\NSI.dll
0x00007ff907ac0000 - 0x00007ff907ac9000 	C:\Users\Administrator\.jdks\openjdk-21.0.2\bin\extnet.dll
0x00007ff907250000 - 0x00007ff90725e000 	C:\Users\Administrator\.jdks\openjdk-21.0.2\bin\sunmscapi.dll
0x00007ff914cb0000 - 0x00007ff914e0d000 	C:\Windows\System32\CRYPT32.dll
0x00007ff914010000 - 0x00007ff914038000 	C:\Windows\SYSTEM32\ncrypt.dll
0x00007ff913fd0000 - 0x00007ff91400b000 	C:\Windows\SYSTEM32\NTASN1.dll
0x00007ff901c30000 - 0x00007ff901c37000 	C:\Windows\system32\wshunix.dll

dbghelp: loaded successfully - version: 4.0.5 - missing functions: none
symbol engine: initialized successfully - sym options: 0x614 - pdb path: .;C:\Users\Administrator\.jdks\openjdk-21.0.2\bin;C:\Windows\SYSTEM32;C:\Windows\WinSxS\amd64_microsoft.windows.common-controls_6595b64144ccf1df_6.0.19041.3636_none_60b6a03d71f818d5;C:\Users\Administrator\.jdks\openjdk-21.0.2\bin\server;C:\Users\Administrator\.gradle\native\c067742578af261105cb4f569cf0c3c89f3d7b1fecec35dd04571415982c5e48\windows-amd64;C:\Users\Administrator\.gradle\native\38dada09dfb8b06ba9b0570ebf7e218e3eb74d4ef43ca46872605cf95ebc2f47\windows-amd64

VM Arguments:
jvm_args: --add-opens=java.base/java.util=ALL-UNNAMED --add-opens=java.base/java.lang=ALL-UNNAMED --add-opens=java.base/java.lang.invoke=ALL-UNNAMED --add-opens=java.prefs/java.util.prefs=ALL-UNNAMED --add-opens=java.base/java.nio.charset=ALL-UNNAMED --add-opens=java.base/java.net=ALL-UNNAMED --add-opens=java.base/java.util.concurrent.atomic=ALL-UNNAMED -XX:MaxMetaspaceSize=384m -XX:+HeapDumpOnOutOfMemoryError -Xms256m -Xmx512m -Dfile.encoding=x-windows-949 -Duser.country=KR -Duser.language=ko -Duser.variant -javaagent:C:\Users\Administrator\.gradle\wrapper\dists\gradle-8.7-bin\bhs2wmbdwecv87pi65oeuq5iu\gradle-8.7\lib\agents\gradle-instrumentation-agent-8.7.jar 
java_command: org.gradle.launcher.daemon.bootstrap.GradleDaemon 8.7
java_class_path (initial): C:\Users\Administrator\.gradle\wrapper\dists\gradle-8.7-bin\bhs2wmbdwecv87pi65oeuq5iu\gradle-8.7\lib\gradle-launcher-8.7.jar
Launcher Type: SUN_STANDARD

[Global flags]
     intx CICompilerCount                          = 3                                         {product} {ergonomic}
   size_t CompressedClassSpaceSize                 = 335544320                                 {product} {ergonomic}
     uint ConcGCThreads                            = 1                                         {product} {ergonomic}
     uint G1ConcRefinementThreads                  = 4                                         {product} {ergonomic}
   size_t G1HeapRegionSize                         = 1048576                                   {product} {ergonomic}
    uintx GCDrainStackTargetSize                   = 64                                        {product} {ergonomic}
     bool HeapDumpOnOutOfMemoryError               = true                                   {manageable} {command line}
   size_t InitialHeapSize                          = 268435456                                 {product} {command line}
   size_t MarkStackSize                            = 4194304                                   {product} {ergonomic}
   size_t MaxHeapSize                              = 536870912                                 {product} {command line}
   size_t MaxMetaspaceSize                         = 402653184                                 {product} {command line}
   size_t MaxNewSize                               = 321912832                                 {product} {ergonomic}
   size_t MinHeapDeltaBytes                        = 1048576                                   {product} {ergonomic}
   size_t MinHeapSize                              = 268435456                                 {product} {command line}
    uintx NonNMethodCodeHeapSize                   = 5832780                                {pd product} {ergonomic}
    uintx NonProfiledCodeHeapSize                  = 122912730                              {pd product} {ergonomic}
    uintx ProfiledCodeHeapSize                     = 122912730                              {pd product} {ergonomic}
    uintx ReservedCodeCacheSize                    = 251658240                              {pd product} {ergonomic}
     bool SegmentedCodeCache                       = true                                      {product} {ergonomic}
   size_t SoftMaxHeapSize                          = 536870912                              {manageable} {ergonomic}
     bool UseCompressedOops                        = true                           {product lp64_product} {ergonomic}
     bool UseG1GC                                  = true                                      {product} {ergonomic}
     bool UseLargePagesIndividualAllocation        = false                                  {pd product} {ergonomic}

Logging:
Log output configuration:
 #0: stdout all=warning uptime,level,tags foldmultilines=false
 #1: stderr all=off uptime,level,tags foldmultilines=false

Environment Variables:
PATH=C:\Users\Administrator\.jdks\corretto-17.0.9\bin;C:\Program Files (x86)\Intel\iCLS Client\;C:\Program Files\Intel\iCLS Client\;C:\Windows\system32;C:\Windows;C:\Windows\System32\Wbem;C:\Windows\System32\WindowsPowerShell\v1.0\;C:\Windows\System32\OpenSSH\;C:\Program Files\Git\cmd;C:\Program Files\XVision\Sense Reader;C:\Program Files\MySQL\MySQL Server 8.0\bin;C:\dev\flutter\bin;C:\Users\Administrator\AppData\Local\Microsoft\WindowsApps
USERNAME=Administrator
OS=Windows_NT
PROCESSOR_IDENTIFIER=Intel64 Family 6 Model 69 Stepping 1, GenuineIntel
TMP=C:\Users\ADMINI~1\AppData\Local\Temp
TEMP=C:\Users\ADMINI~1\AppData\Local\Temp




Periodic native trim disabled

---------------  S Y S T E M  ---------------

OS:
 Windows 10 , 64 bit Build 19041 (10.0.19041.3636)
OS uptime: 0 days 6:47 hours

CPU: total 4 (initial active 4) (2 cores per cpu, 2 threads per core) family 6 model 69 stepping 1 microcode 0x25, cx8, cmov, fxsr, ht, mmx, sse, sse2, sse3, ssse3, sse4.1, sse4.2, popcnt, lzcnt, tsc, tscinvbit, avx, avx2, aes, erms, clmul, bmi1, bmi2, fma, vzeroupper, clflush, rdtscp, f16c
Processor Information for all 4 processors :
  Max Mhz: 2001, Current Mhz: 2001, Mhz Limit: 2001

Memory: 4k page, system-wide physical 4036M (69M free)
TotalPageFile size 16324M (AvailPageFile size 6M)
current process WorkingSet (physical memory assigned to process): 200M, peak: 231M
current process commit charge ("private bytes"): 467M, peak: 469M

vm_info: OpenJDK 64-Bit Server VM (21.0.2+13-58) for windows-amd64 JRE (21.0.2+13-58), built on 2024-01-05T18:32:24Z by "mach5one" with MS VC++ 17.1 (VS2022)

END.
