#
# There is insufficient memory for the Java Runtime Environment to continue.
# Native memory allocation (malloc) failed to allocate 1314736 bytes for Chunk::new
# Possible reasons:
#   The system is out of physical RAM or swap space
#   The process is running with CompressedOops enabled, and the Java Heap may be blocking the growth of the native heap
# Possible solutions:
#   Reduce memory load on the system
#   Increase physical memory or swap space
#   Check if swap backing store is full
#   Decrease Java heap size (-Xmx/-Xms)
#   Decrease number of Java threads
#   Decrease Java thread stack sizes (-Xss)
#   Set larger code cache with -XX:ReservedCodeCacheSize=
#   JVM is running with Unscaled Compressed Oops mode in which the Java heap is
#     placed in the first 4GB address space. The Java Heap base address is the
#     maximum limit for the native heap growth. Please use -XX:HeapBaseMinAddress
#     to set the Java Heap base and to place the Java Heap above 4GB virtual address.
# This output file may be truncated or incomplete.
#
#  Out of Memory Error (arena.cpp:168), pid=3944, tid=9688
#
# JRE version: OpenJDK Runtime Environment (21.0.2+13) (build 21.0.2+13-58)
# Java VM: OpenJDK 64-Bit Server VM (21.0.2+13-58, mixed mode, sharing, tiered, compressed oops, compressed class ptrs, g1 gc, windows-amd64)
# No core dump will be written. Minidumps are not enabled by default on client versions of Windows
#

---------------  S U M M A R Y ------------

Command Line: --add-opens=java.base/java.util=ALL-UNNAMED --add-opens=java.base/java.lang=ALL-UNNAMED --add-opens=java.base/java.lang.invoke=ALL-UNNAMED --add-opens=java.prefs/java.util.prefs=ALL-UNNAMED --add-opens=java.base/java.nio.charset=ALL-UNNAMED --add-opens=java.base/java.net=ALL-UNNAMED --add-opens=java.base/java.util.concurrent.atomic=ALL-UNNAMED -XX:MaxMetaspaceSize=384m -XX:+HeapDumpOnOutOfMemoryError -Xms256m -Xmx512m -Dfile.encoding=x-windows-949 -Duser.country=KR -Duser.language=ko -Duser.variant -javaagent:C:\Users\Administrator\.gradle\wrapper\dists\gradle-8.7-bin\bhs2wmbdwecv87pi65oeuq5iu\gradle-8.7\lib\agents\gradle-instrumentation-agent-8.7.jar org.gradle.launcher.daemon.bootstrap.GradleDaemon 8.7

Host: Intel(R) Core(TM) i5-4260U CPU @ 1.40GHz, 4 cores, 3G,  Windows 10 , 64 bit Build 19041 (10.0.19041.3636)
Time: Tue May 14 15:00:22 2024  Windows 10 , 64 bit Build 19041 (10.0.19041.3636) elapsed time: 125.657884 seconds (0d 0h 2m 5s)

---------------  T H R E A D  ---------------

Current thread (0x0000017e32b25e10):  JavaThread "C2 CompilerThread0" daemon [_thread_in_native, id=9688, stack(0x0000005615e00000,0x0000005615f00000) (1024K)]


Current CompileTask:
C2: 125658 6380 %     4       org.gradle.internal.instantiation.generator.AbstractClassGenerator::inspectType @ 107 (560 bytes)

Stack: [0x0000005615e00000,0x0000005615f00000]
Native frames: (J=compiled Java code, j=interpreted, Vv=VM code, C=native code)
V  [jvm.dll+0x6cade9]
V  [jvm.dll+0x8569c1]
V  [jvm.dll+0x858d2e]
V  [jvm.dll+0x859413]
V  [jvm.dll+0x280e56]
V  [jvm.dll+0xc3f3d]
V  [jvm.dll+0xc4473]
V  [jvm.dll+0x2f437f]
V  [jvm.dll+0x5f5056]
V  [jvm.dll+0x252d7f]
V  [jvm.dll+0x25315f]
V  [jvm.dll+0x24b8e0]
V  [jvm.dll+0x2490a3]
V  [jvm.dll+0x1c9634]
V  [jvm.dll+0x258859]
V  [jvm.dll+0x256e3a]
V  [jvm.dll+0x3ef6c6]
V  [jvm.dll+0x7ff568]
V  [jvm.dll+0x6c953d]
C  [ucrtbase.dll+0x21bb2]
C  [KERNEL32.DLL+0x17344]
C  [ntdll.dll+0x526b1]


---------------  P R O C E S S  ---------------

Threads class SMR info:
_java_thread_list=0x0000017e4d95d190, length=43, elements={
0x0000017e1668e520, 0x0000017e32b1c510, 0x0000017e32b1e330, 0x0000017e32b1f140,
0x0000017e32b21bb0, 0x0000017e32b22610, 0x0000017e32b23070, 0x0000017e32b25e10,
0x0000017e32bacae0, 0x0000017e32c45ea0, 0x0000017e32d38f50, 0x0000017e4ca4e300,
0x0000017e4d4357c0, 0x0000017e4c832cb0, 0x0000017e4ca41390, 0x0000017e32ceea40,
0x0000017e4c6f1bb0, 0x0000017e4c6edc20, 0x0000017e4c6ee2b0, 0x0000017e4c6ee940,
0x0000017e32ba1ae0, 0x0000017e32ba2800, 0x0000017e32ba1450, 0x0000017e32ba3bb0,
0x0000017e32ba2e90, 0x0000017e32ba0730, 0x0000017e32ba0dc0, 0x0000017e4d7c1400,
0x0000017e4d7bf9c0, 0x0000017e4d7c2e40, 0x0000017e4d7c1a90, 0x0000017e4d7c2120,
0x0000017e4d7c0050, 0x0000017e4d7c27b0, 0x0000017e4de48b40, 0x0000017e4de49ef0,
0x0000017e4de484b0, 0x0000017e4de4a580, 0x0000017e4de49860, 0x0000017e4de47790,
0x0000017e4de47e20, 0x0000017e4c6ed590, 0x0000017e4e651f40
}

Java Threads: ( => current thread )
  0x0000017e1668e520 JavaThread "main"                              [_thread_blocked, id=1848, stack(0x0000005614f00000,0x0000005615000000) (1024K)]
  0x0000017e32b1c510 JavaThread "Reference Handler"          daemon [_thread_blocked, id=6520, stack(0x0000005615800000,0x0000005615900000) (1024K)]
  0x0000017e32b1e330 JavaThread "Finalizer"                  daemon [_thread_blocked, id=9504, stack(0x0000005615900000,0x0000005615a00000) (1024K)]
  0x0000017e32b1f140 JavaThread "Signal Dispatcher"          daemon [_thread_blocked, id=8932, stack(0x0000005615a00000,0x0000005615b00000) (1024K)]
  0x0000017e32b21bb0 JavaThread "Attach Listener"            daemon [_thread_blocked, id=5276, stack(0x0000005615b00000,0x0000005615c00000) (1024K)]
  0x0000017e32b22610 JavaThread "Service Thread"             daemon [_thread_blocked, id=8548, stack(0x0000005615c00000,0x0000005615d00000) (1024K)]
  0x0000017e32b23070 JavaThread "Monitor Deflation Thread"   daemon [_thread_blocked, id=13760, stack(0x0000005615d00000,0x0000005615e00000) (1024K)]
=>0x0000017e32b25e10 JavaThread "C2 CompilerThread0"         daemon [_thread_in_native, id=9688, stack(0x0000005615e00000,0x0000005615f00000) (1024K)]
  0x0000017e32bacae0 JavaThread "C1 CompilerThread0"         daemon [_thread_blocked, id=3024, stack(0x0000005615f00000,0x0000005616000000) (1024K)]
  0x0000017e32c45ea0 JavaThread "Common-Cleaner"             daemon [_thread_blocked, id=8240, stack(0x0000005616000000,0x0000005616100000) (1024K)]
  0x0000017e32d38f50 JavaThread "Notification Thread"        daemon [_thread_blocked, id=13308, stack(0x0000005616100000,0x0000005616200000) (1024K)]
  0x0000017e4ca4e300 JavaThread "Daemon health stats"               [_thread_blocked, id=13328, stack(0x0000005616500000,0x0000005616600000) (1024K)]
  0x0000017e4d4357c0 JavaThread "Incoming local TCP Connector on port 56083"        [_thread_in_native, id=13372, stack(0x0000005616600000,0x0000005616700000) (1024K)]
  0x0000017e4c832cb0 JavaThread "Daemon periodic checks"            [_thread_blocked, id=13380, stack(0x0000005616700000,0x0000005616800000) (1024K)]
  0x0000017e4ca41390 JavaThread "Daemon"                            [_thread_blocked, id=13756, stack(0x0000005616800000,0x0000005616900000) (1024K)]
  0x0000017e32ceea40 JavaThread "Handler for socket connection from /127.0.0.1:56083 to /127.0.0.1:56084"        [_thread_in_native, id=13932, stack(0x0000005616900000,0x0000005616a00000) (1024K)]
  0x0000017e4c6f1bb0 JavaThread "Cancel handler"                    [_thread_blocked, id=14068, stack(0x0000005616a00000,0x0000005616b00000) (1024K)]
  0x0000017e4c6edc20 JavaThread "Daemon worker"                     [_thread_in_vm, id=14088, stack(0x0000005616b00000,0x0000005616c00000) (1024K)]
  0x0000017e4c6ee2b0 JavaThread "Asynchronous log dispatcher for DefaultDaemonConnection: socket connection from /127.0.0.1:56083 to /127.0.0.1:56084"        [_thread_blocked, id=3704, stack(0x0000005616c00000,0x0000005616d00000) (1024K)]
  0x0000017e4c6ee940 JavaThread "Daemon client event forwarder"        [_thread_blocked, id=8760, stack(0x0000005616e00000,0x0000005616f00000) (1024K)]
  0x0000017e32ba1ae0 JavaThread "Cache worker for journal cache (C:\Users\Administrator\.gradle\caches\journal-1)"        [_thread_blocked, id=2656, stack(0x0000005616f00000,0x0000005617000000) (1024K)]
  0x0000017e32ba2800 JavaThread "File lock request listener"        [_thread_in_native, id=13800, stack(0x0000005617000000,0x0000005617100000) (1024K)]
  0x0000017e32ba1450 JavaThread "File lock release action executor"        [_thread_in_native, id=15000, stack(0x0000005617100000,0x0000005617200000) (1024K)]
  0x0000017e32ba3bb0 JavaThread "Cache worker for file hash cache (C:\Users\Administrator\.gradle\caches\8.7\fileHashes)"        [_thread_blocked, id=15008, stack(0x0000005617200000,0x0000005617300000) (1024K)]
  0x0000017e32ba2e90 JavaThread "Cache worker for file hash cache (C:\Users\Administrator\Desktop\todaybook\.gradle\8.7\fileHashes)"        [_thread_blocked, id=15136, stack(0x0000005617300000,0x0000005617400000) (1024K)]
  0x0000017e32ba0730 JavaThread "File watcher server"        daemon [_thread_in_native, id=15140, stack(0x0000005617400000,0x0000005617500000) (1024K)]
  0x0000017e32ba0dc0 JavaThread "File watcher consumer"      daemon [_thread_blocked, id=15144, stack(0x0000005617500000,0x0000005617600000) (1024K)]
  0x0000017e4d7c1400 JavaThread "Cache worker for checksums cache (C:\Users\Administrator\Desktop\todaybook\.gradle\8.7\checksums)"        [_thread_blocked, id=15148, stack(0x0000005617600000,0x0000005617700000) (1024K)]
  0x0000017e4d7bf9c0 JavaThread "Cache worker for cache directory md-supplier (C:\Users\Administrator\.gradle\caches\8.7\md-supplier)"        [_thread_blocked, id=15152, stack(0x0000005617700000,0x0000005617800000) (1024K)]
  0x0000017e4d7c2e40 JavaThread "Cache worker for cache directory md-rule (C:\Users\Administrator\.gradle\caches\8.7\md-rule)"        [_thread_blocked, id=15156, stack(0x0000005617800000,0x0000005617900000) (1024K)]
  0x0000017e4d7c1a90 JavaThread "Cache worker for file content cache (C:\Users\Administrator\.gradle\caches\8.7\fileContent)"        [_thread_blocked, id=15164, stack(0x0000005617900000,0x0000005617a00000) (1024K)]
  0x0000017e4d7c2120 JavaThread "jar transforms"                    [_thread_blocked, id=15276, stack(0x0000005617a00000,0x0000005617b00000) (1024K)]
  0x0000017e4d7c0050 JavaThread "jar transforms Thread 2"           [_thread_blocked, id=14528, stack(0x0000005617b00000,0x0000005617c00000) (1024K)]
  0x0000017e4d7c27b0 JavaThread "jar transforms Thread 3"           [_thread_blocked, id=13336, stack(0x0000005617c00000,0x0000005617d00000) (1024K)]
  0x0000017e4de48b40 JavaThread "jar transforms Thread 4"           [_thread_blocked, id=7092, stack(0x0000005617d00000,0x0000005617e00000) (1024K)]
  0x0000017e4de49ef0 JavaThread "Cache worker for Build Output Cleanup Cache (C:\Users\Administrator\Desktop\todaybook\.gradle\buildOutputCleanup)"        [_thread_blocked, id=8428, stack(0x0000005614d00000,0x0000005614e00000) (1024K)]
  0x0000017e4de484b0 JavaThread "Unconstrained build operations"        [_thread_blocked, id=15536, stack(0x0000005614e00000,0x0000005614f00000) (1024K)]
  0x0000017e4de4a580 JavaThread "Unconstrained build operations Thread 2"        [_thread_blocked, id=15540, stack(0x0000005615700000,0x0000005615800000) (1024K)]
  0x0000017e4de49860 JavaThread "Unconstrained build operations Thread 3"        [_thread_blocked, id=15544, stack(0x0000005616d00000,0x0000005616e00000) (1024K)]
  0x0000017e4de47790 JavaThread "Unconstrained build operations Thread 4"        [_thread_blocked, id=15628, stack(0x0000005617e00000,0x0000005617f00000) (1024K)]
  0x0000017e4de47e20 JavaThread "Unconstrained build operations Thread 5"        [_thread_blocked, id=15632, stack(0x0000005617f00000,0x0000005618000000) (1024K)]
  0x0000017e4c6ed590 JavaThread "Unconstrained build operations Thread 6"        [_thread_blocked, id=15640, stack(0x0000005618000000,0x0000005618100000) (1024K)]
  0x0000017e4e651f40 JavaThread "Memory manager"                    [_thread_blocked, id=15804, stack(0x0000005618100000,0x0000005618200000) (1024K)]
Total: 43

Other Threads:
  0x0000017e32afafa0 VMThread "VM Thread"                           [id=7972, stack(0x0000005615600000,0x0000005615700000) (1024K)]
  0x0000017e32ae4170 WatcherThread "VM Periodic Task Thread"        [id=8336, stack(0x0000005615500000,0x0000005615600000) (1024K)]
  0x0000017e187e3930 WorkerThread "GC Thread#0"                     [id=12452, stack(0x0000005615000000,0x0000005615100000) (1024K)]
  0x0000017e4c0f5de0 WorkerThread "GC Thread#1"                     [id=13764, stack(0x0000005616200000,0x0000005616300000) (1024K)]
  0x0000017e4c0f6180 WorkerThread "GC Thread#2"                     [id=13772, stack(0x0000005616300000,0x0000005616400000) (1024K)]
  0x0000017e4c0f6520 WorkerThread "GC Thread#3"                     [id=11188, stack(0x0000005616400000,0x0000005616500000) (1024K)]
  0x0000017e187e8820 ConcurrentGCThread "G1 Main Marker"            [id=10172, stack(0x0000005615100000,0x0000005615200000) (1024K)]
  0x0000017e187e93e0 WorkerThread "G1 Conc#0"                       [id=3920, stack(0x0000005615200000,0x0000005615300000) (1024K)]
  0x0000017e1888d4c0 ConcurrentGCThread "G1 Refine#0"               [id=4144, stack(0x0000005615300000,0x0000005615400000) (1024K)]
  0x0000017e1888df40 ConcurrentGCThread "G1 Service"                [id=9716, stack(0x0000005615400000,0x0000005615500000) (1024K)]
Total: 10

Threads with active compile tasks:
C2 CompilerThread0   125738 6380 %     4       org.gradle.internal.instantiation.generator.AbstractClassGenerator::inspectType @ 107 (560 bytes)
Total: 1

VM state: not at safepoint (normal execution)

VM Mutex/Monitor currently owned by a thread: None

Heap address: 0x00000000e0000000, size: 512 MB, Compressed Oops mode: 32-bit

CDS archive(s) mapped at: [0x0000017e33000000-0x0000017e33c90000-0x0000017e33c90000), size 13172736, SharedBaseAddress: 0x0000017e33000000, ArchiveRelocationMode: 1.
Compressed class space mapped at: 0x0000017e34000000-0x0000017e48000000, reserved size: 335544320
Narrow klass base: 0x0000017e33000000, Narrow klass shift: 0, Narrow klass range: 0x100000000

GC Precious Log:
 CardTable entry size: 512
 Card Set container configuration: InlinePtr #cards 5 size 8 Array Of Cards #cards 12 size 40 Howl #buckets 4 coarsen threshold 1843 Howl Bitmap #cards 512 size 80 coarsen threshold 460 Card regions per heap region 1 cards per card region 2048
 CPUs: 4 total, 4 available
 Memory: 4036M
 Large Page Support: Disabled
 NUMA Support: Disabled
 Compressed Oops: Enabled (32-bit)
 Heap Region Size: 1M
 Heap Min Capacity: 256M
 Heap Initial Capacity: 256M
 Heap Max Capacity: 512M
 Pre-touch: Disabled
 Parallel Workers: 4
 Concurrent Workers: 1
 Concurrent Refinement Workers: 4
 Periodic GC: Disabled

Heap:
 garbage-first heap   total 262144K, used 46713K [0x00000000e0000000, 0x0000000100000000)
  region size 1024K, 11 young (11264K), 6 survivors (6144K)
 Metaspace       used 52175K, committed 53952K, reserved 393216K
  class space    used 7552K, committed 8448K, reserved 327680K

Heap Regions: E=young(eden), S=young(survivor), O=old, HS=humongous(starts), HC=humongous(continues), CS=collection set, F=free, TAMS=top-at-mark-start, PB=parsable bottom
|   0|0x00000000e0000000, 0x00000000e0100000, 0x00000000e0100000|100%|HS|  |TAMS 0x00000000e0000000| PB 0x00000000e0000000| Complete 
|   1|0x00000000e0100000, 0x00000000e0200000, 0x00000000e0200000|100%|HC|  |TAMS 0x00000000e0100000| PB 0x00000000e0100000| Complete 
|   2|0x00000000e0200000, 0x00000000e0300000, 0x00000000e0300000|100%|HC|  |TAMS 0x00000000e0200000| PB 0x00000000e0200000| Complete 
|   3|0x00000000e0300000, 0x00000000e0400000, 0x00000000e0400000|100%|HC|  |TAMS 0x00000000e0300000| PB 0x00000000e0300000| Complete 
|   4|0x00000000e0400000, 0x00000000e0500000, 0x00000000e0500000|100%| O|  |TAMS 0x00000000e0400000| PB 0x00000000e0400000| Untracked 
|   5|0x00000000e0500000, 0x00000000e0600000, 0x00000000e0600000|100%| O|  |TAMS 0x00000000e0500000| PB 0x00000000e0500000| Untracked 
|   6|0x00000000e0600000, 0x00000000e0700000, 0x00000000e0700000|100%| O|  |TAMS 0x00000000e0600000| PB 0x00000000e0600000| Untracked 
|   7|0x00000000e0700000, 0x00000000e0800000, 0x00000000e0800000|100%| O|  |TAMS 0x00000000e0700000| PB 0x00000000e0700000| Untracked 
|   8|0x00000000e0800000, 0x00000000e0900000, 0x00000000e0900000|100%| O|  |TAMS 0x00000000e0800000| PB 0x00000000e0800000| Untracked 
|   9|0x00000000e0900000, 0x00000000e0a00000, 0x00000000e0a00000|100%| O|  |TAMS 0x00000000e0900000| PB 0x00000000e0900000| Untracked 
|  10|0x00000000e0a00000, 0x00000000e0a00000, 0x00000000e0b00000|  0%| F|  |TAMS 0x00000000e0a00000| PB 0x00000000e0a00000| Untracked 
|  11|0x00000000e0b00000, 0x00000000e0c00000, 0x00000000e0c00000|100%| O|  |TAMS 0x00000000e0b00000| PB 0x00000000e0b00000| Untracked 
|  12|0x00000000e0c00000, 0x00000000e0d00000, 0x00000000e0d00000|100%| O|  |TAMS 0x00000000e0c00000| PB 0x00000000e0c00000| Untracked 
|  13|0x00000000e0d00000, 0x00000000e0e00000, 0x00000000e0e00000|100%| O|  |TAMS 0x00000000e0d00000| PB 0x00000000e0d00000| Untracked 
|  14|0x00000000e0e00000, 0x00000000e0f00000, 0x00000000e0f00000|100%| O|  |TAMS 0x00000000e0e00000| PB 0x00000000e0e00000| Untracked 
|  15|0x00000000e0f00000, 0x00000000e1000000, 0x00000000e1000000|100%| O|  |TAMS 0x00000000e0f00000| PB 0x00000000e0f00000| Untracked 
|  16|0x00000000e1000000, 0x00000000e1100000, 0x00000000e1100000|100%| O|  |TAMS 0x00000000e1000000| PB 0x00000000e1000000| Untracked 
|  17|0x00000000e1100000, 0x00000000e1200000, 0x00000000e1200000|100%| O|  |TAMS 0x00000000e1100000| PB 0x00000000e1100000| Untracked 
|  18|0x00000000e1200000, 0x00000000e1300000, 0x00000000e1300000|100%| O|  |TAMS 0x00000000e1200000| PB 0x00000000e1200000| Untracked 
|  19|0x00000000e1300000, 0x00000000e1400000, 0x00000000e1400000|100%| O|  |TAMS 0x00000000e1300000| PB 0x00000000e1300000| Untracked 
|  20|0x00000000e1400000, 0x00000000e1500000, 0x00000000e1500000|100%| O|  |TAMS 0x00000000e1400000| PB 0x00000000e1400000| Untracked 
|  21|0x00000000e1500000, 0x00000000e1600000, 0x00000000e1600000|100%| O|  |TAMS 0x00000000e1500000| PB 0x00000000e1500000| Untracked 
|  22|0x00000000e1600000, 0x00000000e1700000, 0x00000000e1700000|100%| O|  |TAMS 0x00000000e1600000| PB 0x00000000e1600000| Untracked 
|  23|0x00000000e1700000, 0x00000000e1800000, 0x00000000e1800000|100%| O|  |TAMS 0x00000000e1700000| PB 0x00000000e1700000| Untracked 
|  24|0x00000000e1800000, 0x00000000e1900000, 0x00000000e1900000|100%| O|  |TAMS 0x00000000e1800000| PB 0x00000000e1800000| Untracked 
|  25|0x00000000e1900000, 0x00000000e1a00000, 0x00000000e1a00000|100%| O|  |TAMS 0x00000000e1900000| PB 0x00000000e1900000| Untracked 
|  26|0x00000000e1a00000, 0x00000000e1b00000, 0x00000000e1b00000|100%| O|  |TAMS 0x00000000e1a00000| PB 0x00000000e1a00000| Untracked 
|  27|0x00000000e1b00000, 0x00000000e1c00000, 0x00000000e1c00000|100%| O|  |TAMS 0x00000000e1b00000| PB 0x00000000e1b00000| Untracked 
|  28|0x00000000e1c00000, 0x00000000e1d00000, 0x00000000e1d00000|100%| O|  |TAMS 0x00000000e1c00000| PB 0x00000000e1c00000| Untracked 
|  29|0x00000000e1d00000, 0x00000000e1e00000, 0x00000000e1e00000|100%| O|  |TAMS 0x00000000e1d00000| PB 0x00000000e1d00000| Untracked 
|  30|0x00000000e1e00000, 0x00000000e1f00000, 0x00000000e1f00000|100%| O|  |TAMS 0x00000000e1e00000| PB 0x00000000e1e00000| Untracked 
|  31|0x00000000e1f00000, 0x00000000e2000000, 0x00000000e2000000|100%| O|  |TAMS 0x00000000e1f00000| PB 0x00000000e1f00000| Untracked 
|  32|0x00000000e2000000, 0x00000000e2100000, 0x00000000e2100000|100%| O|  |TAMS 0x00000000e2000000| PB 0x00000000e2000000| Untracked 
|  33|0x00000000e2100000, 0x00000000e2200000, 0x00000000e2200000|100%| O|  |TAMS 0x00000000e2100000| PB 0x00000000e2100000| Untracked 
|  34|0x00000000e2200000, 0x00000000e2300000, 0x00000000e2300000|100%| O|  |TAMS 0x00000000e2200000| PB 0x00000000e2200000| Untracked 
|  35|0x00000000e2300000, 0x00000000e2400000, 0x00000000e2400000|100%| O|  |TAMS 0x00000000e2300000| PB 0x00000000e2300000| Untracked 
|  36|0x00000000e2400000, 0x00000000e249e580, 0x00000000e2500000| 61%| O|  |TAMS 0x00000000e2400000| PB 0x00000000e2400000| Untracked 
|  37|0x00000000e2500000, 0x00000000e2500000, 0x00000000e2600000|  0%| F|  |TAMS 0x00000000e2500000| PB 0x00000000e2500000| Untracked 
|  38|0x00000000e2600000, 0x00000000e2600000, 0x00000000e2700000|  0%| F|  |TAMS 0x00000000e2600000| PB 0x00000000e2600000| Untracked 
|  39|0x00000000e2700000, 0x00000000e2700000, 0x00000000e2800000|  0%| F|  |TAMS 0x00000000e2700000| PB 0x00000000e2700000| Untracked 
|  40|0x00000000e2800000, 0x00000000e2800000, 0x00000000e2900000|  0%| F|  |TAMS 0x00000000e2800000| PB 0x00000000e2800000| Untracked 
|  41|0x00000000e2900000, 0x00000000e2900000, 0x00000000e2a00000|  0%| F|  |TAMS 0x00000000e2900000| PB 0x00000000e2900000| Untracked 
|  42|0x00000000e2a00000, 0x00000000e2a00000, 0x00000000e2b00000|  0%| F|  |TAMS 0x00000000e2a00000| PB 0x00000000e2a00000| Untracked 
|  43|0x00000000e2b00000, 0x00000000e2b00000, 0x00000000e2c00000|  0%| F|  |TAMS 0x00000000e2b00000| PB 0x00000000e2b00000| Untracked 
|  44|0x00000000e2c00000, 0x00000000e2c00000, 0x00000000e2d00000|  0%| F|  |TAMS 0x00000000e2c00000| PB 0x00000000e2c00000| Untracked 
|  45|0x00000000e2d00000, 0x00000000e2d00000, 0x00000000e2e00000|  0%| F|  |TAMS 0x00000000e2d00000| PB 0x00000000e2d00000| Untracked 
|  46|0x00000000e2e00000, 0x00000000e2e00000, 0x00000000e2f00000|  0%| F|  |TAMS 0x00000000e2e00000| PB 0x00000000e2e00000| Untracked 
|  47|0x00000000e2f00000, 0x00000000e2f00000, 0x00000000e3000000|  0%| F|  |TAMS 0x00000000e2f00000| PB 0x00000000e2f00000| Untracked 
|  48|0x00000000e3000000, 0x00000000e3000000, 0x00000000e3100000|  0%| F|  |TAMS 0x00000000e3000000| PB 0x00000000e3000000| Untracked 
|  49|0x00000000e3100000, 0x00000000e3100000, 0x00000000e3200000|  0%| F|  |TAMS 0x00000000e3100000| PB 0x00000000e3100000| Untracked 
|  50|0x00000000e3200000, 0x00000000e3200000, 0x00000000e3300000|  0%| F|  |TAMS 0x00000000e3200000| PB 0x00000000e3200000| Untracked 
|  51|0x00000000e3300000, 0x00000000e3300000, 0x00000000e3400000|  0%| F|  |TAMS 0x00000000e3300000| PB 0x00000000e3300000| Untracked 
|  52|0x00000000e3400000, 0x00000000e3400000, 0x00000000e3500000|  0%| F|  |TAMS 0x00000000e3400000| PB 0x00000000e3400000| Untracked 
|  53|0x00000000e3500000, 0x00000000e3500000, 0x00000000e3600000|  0%| F|  |TAMS 0x00000000e3500000| PB 0x00000000e3500000| Untracked 
|  54|0x00000000e3600000, 0x00000000e3600000, 0x00000000e3700000|  0%| F|  |TAMS 0x00000000e3600000| PB 0x00000000e3600000| Untracked 
|  55|0x00000000e3700000, 0x00000000e3700000, 0x00000000e3800000|  0%| F|  |TAMS 0x00000000e3700000| PB 0x00000000e3700000| Untracked 
|  56|0x00000000e3800000, 0x00000000e3800000, 0x00000000e3900000|  0%| F|  |TAMS 0x00000000e3800000| PB 0x00000000e3800000| Untracked 
|  57|0x00000000e3900000, 0x00000000e3900000, 0x00000000e3a00000|  0%| F|  |TAMS 0x00000000e3900000| PB 0x00000000e3900000| Untracked 
|  58|0x00000000e3a00000, 0x00000000e3a00000, 0x00000000e3b00000|  0%| F|  |TAMS 0x00000000e3a00000| PB 0x00000000e3a00000| Untracked 
|  59|0x00000000e3b00000, 0x00000000e3b00000, 0x00000000e3c00000|  0%| F|  |TAMS 0x00000000e3b00000| PB 0x00000000e3b00000| Untracked 
|  60|0x00000000e3c00000, 0x00000000e3c00000, 0x00000000e3d00000|  0%| F|  |TAMS 0x00000000e3c00000| PB 0x00000000e3c00000| Untracked 
|  61|0x00000000e3d00000, 0x00000000e3d00000, 0x00000000e3e00000|  0%| F|  |TAMS 0x00000000e3d00000| PB 0x00000000e3d00000| Untracked 
|  62|0x00000000e3e00000, 0x00000000e3e00000, 0x00000000e3f00000|  0%| F|  |TAMS 0x00000000e3e00000| PB 0x00000000e3e00000| Untracked 
|  63|0x00000000e3f00000, 0x00000000e3f00000, 0x00000000e4000000|  0%| F|  |TAMS 0x00000000e3f00000| PB 0x00000000e3f00000| Untracked 
|  64|0x00000000e4000000, 0x00000000e4000000, 0x00000000e4100000|  0%| F|  |TAMS 0x00000000e4000000| PB 0x00000000e4000000| Untracked 
|  65|0x00000000e4100000, 0x00000000e4100000, 0x00000000e4200000|  0%| F|  |TAMS 0x00000000e4100000| PB 0x00000000e4100000| Untracked 
|  66|0x00000000e4200000, 0x00000000e4200000, 0x00000000e4300000|  0%| F|  |TAMS 0x00000000e4200000| PB 0x00000000e4200000| Untracked 
|  67|0x00000000e4300000, 0x00000000e4300000, 0x00000000e4400000|  0%| F|  |TAMS 0x00000000e4300000| PB 0x00000000e4300000| Untracked 
|  68|0x00000000e4400000, 0x00000000e4400000, 0x00000000e4500000|  0%| F|  |TAMS 0x00000000e4400000| PB 0x00000000e4400000| Untracked 
|  69|0x00000000e4500000, 0x00000000e4500000, 0x00000000e4600000|  0%| F|  |TAMS 0x00000000e4500000| PB 0x00000000e4500000| Untracked 
|  70|0x00000000e4600000, 0x00000000e4600000, 0x00000000e4700000|  0%| F|  |TAMS 0x00000000e4600000| PB 0x00000000e4600000| Untracked 
|  71|0x00000000e4700000, 0x00000000e4700000, 0x00000000e4800000|  0%| F|  |TAMS 0x00000000e4700000| PB 0x00000000e4700000| Untracked 
|  72|0x00000000e4800000, 0x00000000e4800000, 0x00000000e4900000|  0%| F|  |TAMS 0x00000000e4800000| PB 0x00000000e4800000| Untracked 
|  73|0x00000000e4900000, 0x00000000e4900000, 0x00000000e4a00000|  0%| F|  |TAMS 0x00000000e4900000| PB 0x00000000e4900000| Untracked 
|  74|0x00000000e4a00000, 0x00000000e4a00000, 0x00000000e4b00000|  0%| F|  |TAMS 0x00000000e4a00000| PB 0x00000000e4a00000| Untracked 
|  75|0x00000000e4b00000, 0x00000000e4b00000, 0x00000000e4c00000|  0%| F|  |TAMS 0x00000000e4b00000| PB 0x00000000e4b00000| Untracked 
|  76|0x00000000e4c00000, 0x00000000e4c00000, 0x00000000e4d00000|  0%| F|  |TAMS 0x00000000e4c00000| PB 0x00000000e4c00000| Untracked 
|  77|0x00000000e4d00000, 0x00000000e4d00000, 0x00000000e4e00000|  0%| F|  |TAMS 0x00000000e4d00000| PB 0x00000000e4d00000| Untracked 
|  78|0x00000000e4e00000, 0x00000000e4e00000, 0x00000000e4f00000|  0%| F|  |TAMS 0x00000000e4e00000| PB 0x00000000e4e00000| Untracked 
|  79|0x00000000e4f00000, 0x00000000e4f00000, 0x00000000e5000000|  0%| F|  |TAMS 0x00000000e4f00000| PB 0x00000000e4f00000| Untracked 
|  80|0x00000000e5000000, 0x00000000e5000000, 0x00000000e5100000|  0%| F|  |TAMS 0x00000000e5000000| PB 0x00000000e5000000| Untracked 
|  81|0x00000000e5100000, 0x00000000e5100000, 0x00000000e5200000|  0%| F|  |TAMS 0x00000000e5100000| PB 0x00000000e5100000| Untracked 
|  82|0x00000000e5200000, 0x00000000e5200000, 0x00000000e5300000|  0%| F|  |TAMS 0x00000000e5200000| PB 0x00000000e5200000| Untracked 
|  83|0x00000000e5300000, 0x00000000e5300000, 0x00000000e5400000|  0%| F|  |TAMS 0x00000000e5300000| PB 0x00000000e5300000| Untracked 
|  84|0x00000000e5400000, 0x00000000e5400000, 0x00000000e5500000|  0%| F|  |TAMS 0x00000000e5400000| PB 0x00000000e5400000| Untracked 
|  85|0x00000000e5500000, 0x00000000e5500000, 0x00000000e5600000|  0%| F|  |TAMS 0x00000000e5500000| PB 0x00000000e5500000| Untracked 
|  86|0x00000000e5600000, 0x00000000e5600000, 0x00000000e5700000|  0%| F|  |TAMS 0x00000000e5600000| PB 0x00000000e5600000| Untracked 
|  87|0x00000000e5700000, 0x00000000e5700000, 0x00000000e5800000|  0%| F|  |TAMS 0x00000000e5700000| PB 0x00000000e5700000| Untracked 
|  88|0x00000000e5800000, 0x00000000e5800000, 0x00000000e5900000|  0%| F|  |TAMS 0x00000000e5800000| PB 0x00000000e5800000| Untracked 
|  89|0x00000000e5900000, 0x00000000e5900000, 0x00000000e5a00000|  0%| F|  |TAMS 0x00000000e5900000| PB 0x00000000e5900000| Untracked 
|  90|0x00000000e5a00000, 0x00000000e5a00000, 0x00000000e5b00000|  0%| F|  |TAMS 0x00000000e5a00000| PB 0x00000000e5a00000| Untracked 
|  91|0x00000000e5b00000, 0x00000000e5b00000, 0x00000000e5c00000|  0%| F|  |TAMS 0x00000000e5b00000| PB 0x00000000e5b00000| Untracked 
|  92|0x00000000e5c00000, 0x00000000e5c00000, 0x00000000e5d00000|  0%| F|  |TAMS 0x00000000e5c00000| PB 0x00000000e5c00000| Untracked 
|  93|0x00000000e5d00000, 0x00000000e5d00000, 0x00000000e5e00000|  0%| F|  |TAMS 0x00000000e5d00000| PB 0x00000000e5d00000| Untracked 
|  94|0x00000000e5e00000, 0x00000000e5e00000, 0x00000000e5f00000|  0%| F|  |TAMS 0x00000000e5e00000| PB 0x00000000e5e00000| Untracked 
|  95|0x00000000e5f00000, 0x00000000e5f00000, 0x00000000e6000000|  0%| F|  |TAMS 0x00000000e5f00000| PB 0x00000000e5f00000| Untracked 
|  96|0x00000000e6000000, 0x00000000e6000000, 0x00000000e6100000|  0%| F|  |TAMS 0x00000000e6000000| PB 0x00000000e6000000| Untracked 
|  97|0x00000000e6100000, 0x00000000e6100000, 0x00000000e6200000|  0%| F|  |TAMS 0x00000000e6100000| PB 0x00000000e6100000| Untracked 
|  98|0x00000000e6200000, 0x00000000e6200000, 0x00000000e6300000|  0%| F|  |TAMS 0x00000000e6200000| PB 0x00000000e6200000| Untracked 
|  99|0x00000000e6300000, 0x00000000e6300000, 0x00000000e6400000|  0%| F|  |TAMS 0x00000000e6300000| PB 0x00000000e6300000| Untracked 
| 100|0x00000000e6400000, 0x00000000e6400000, 0x00000000e6500000|  0%| F|  |TAMS 0x00000000e6400000| PB 0x00000000e6400000| Untracked 
| 101|0x00000000e6500000, 0x00000000e6500000, 0x00000000e6600000|  0%| F|  |TAMS 0x00000000e6500000| PB 0x00000000e6500000| Untracked 
| 102|0x00000000e6600000, 0x00000000e6600000, 0x00000000e6700000|  0%| F|  |TAMS 0x00000000e6600000| PB 0x00000000e6600000| Untracked 
| 103|0x00000000e6700000, 0x00000000e6700000, 0x00000000e6800000|  0%| F|  |TAMS 0x00000000e6700000| PB 0x00000000e6700000| Untracked 
| 104|0x00000000e6800000, 0x00000000e6800000, 0x00000000e6900000|  0%| F|  |TAMS 0x00000000e6800000| PB 0x00000000e6800000| Untracked 
| 105|0x00000000e6900000, 0x00000000e6900000, 0x00000000e6a00000|  0%| F|  |TAMS 0x00000000e6900000| PB 0x00000000e6900000| Untracked 
| 106|0x00000000e6a00000, 0x00000000e6a00000, 0x00000000e6b00000|  0%| F|  |TAMS 0x00000000e6a00000| PB 0x00000000e6a00000| Untracked 
| 107|0x00000000e6b00000, 0x00000000e6b00000, 0x00000000e6c00000|  0%| F|  |TAMS 0x00000000e6b00000| PB 0x00000000e6b00000| Untracked 
| 108|0x00000000e6c00000, 0x00000000e6c00000, 0x00000000e6d00000|  0%| F|  |TAMS 0x00000000e6c00000| PB 0x00000000e6c00000| Untracked 
| 109|0x00000000e6d00000, 0x00000000e6d00000, 0x00000000e6e00000|  0%| F|  |TAMS 0x00000000e6d00000| PB 0x00000000e6d00000| Untracked 
| 110|0x00000000e6e00000, 0x00000000e6e00000, 0x00000000e6f00000|  0%| F|  |TAMS 0x00000000e6e00000| PB 0x00000000e6e00000| Untracked 
| 111|0x00000000e6f00000, 0x00000000e6f00000, 0x00000000e7000000|  0%| F|  |TAMS 0x00000000e6f00000| PB 0x00000000e6f00000| Untracked 
| 112|0x00000000e7000000, 0x00000000e7000000, 0x00000000e7100000|  0%| F|  |TAMS 0x00000000e7000000| PB 0x00000000e7000000| Untracked 
| 113|0x00000000e7100000, 0x00000000e7100000, 0x00000000e7200000|  0%| F|  |TAMS 0x00000000e7100000| PB 0x00000000e7100000| Untracked 
| 114|0x00000000e7200000, 0x00000000e7200000, 0x00000000e7300000|  0%| F|  |TAMS 0x00000000e7200000| PB 0x00000000e7200000| Untracked 
| 115|0x00000000e7300000, 0x00000000e7300000, 0x00000000e7400000|  0%| F|  |TAMS 0x00000000e7300000| PB 0x00000000e7300000| Untracked 
| 116|0x00000000e7400000, 0x00000000e7400000, 0x00000000e7500000|  0%| F|  |TAMS 0x00000000e7400000| PB 0x00000000e7400000| Untracked 
| 117|0x00000000e7500000, 0x00000000e7500000, 0x00000000e7600000|  0%| F|  |TAMS 0x00000000e7500000| PB 0x00000000e7500000| Untracked 
| 118|0x00000000e7600000, 0x00000000e7600000, 0x00000000e7700000|  0%| F|  |TAMS 0x00000000e7600000| PB 0x00000000e7600000| Untracked 
| 119|0x00000000e7700000, 0x00000000e7700000, 0x00000000e7800000|  0%| F|  |TAMS 0x00000000e7700000| PB 0x00000000e7700000| Untracked 
| 120|0x00000000e7800000, 0x00000000e7800000, 0x00000000e7900000|  0%| F|  |TAMS 0x00000000e7800000| PB 0x00000000e7800000| Untracked 
| 121|0x00000000e7900000, 0x00000000e7900000, 0x00000000e7a00000|  0%| F|  |TAMS 0x00000000e7900000| PB 0x00000000e7900000| Untracked 
| 122|0x00000000e7a00000, 0x00000000e7a00000, 0x00000000e7b00000|  0%| F|  |TAMS 0x00000000e7a00000| PB 0x00000000e7a00000| Untracked 
| 123|0x00000000e7b00000, 0x00000000e7b00000, 0x00000000e7c00000|  0%| F|  |TAMS 0x00000000e7b00000| PB 0x00000000e7b00000| Untracked 
| 124|0x00000000e7c00000, 0x00000000e7c00000, 0x00000000e7d00000|  0%| F|  |TAMS 0x00000000e7c00000| PB 0x00000000e7c00000| Untracked 
| 125|0x00000000e7d00000, 0x00000000e7d00000, 0x00000000e7e00000|  0%| F|  |TAMS 0x00000000e7d00000| PB 0x00000000e7d00000| Untracked 
| 126|0x00000000e7e00000, 0x00000000e7e00000, 0x00000000e7f00000|  0%| F|  |TAMS 0x00000000e7e00000| PB 0x00000000e7e00000| Untracked 
| 127|0x00000000e7f00000, 0x00000000e7f00000, 0x00000000e8000000|  0%| F|  |TAMS 0x00000000e7f00000| PB 0x00000000e7f00000| Untracked 
| 128|0x00000000e8000000, 0x00000000e8000000, 0x00000000e8100000|  0%| F|  |TAMS 0x00000000e8000000| PB 0x00000000e8000000| Untracked 
| 129|0x00000000e8100000, 0x00000000e8100000, 0x00000000e8200000|  0%| F|  |TAMS 0x00000000e8100000| PB 0x00000000e8100000| Untracked 
| 130|0x00000000e8200000, 0x00000000e8200000, 0x00000000e8300000|  0%| F|  |TAMS 0x00000000e8200000| PB 0x00000000e8200000| Untracked 
| 131|0x00000000e8300000, 0x00000000e8300000, 0x00000000e8400000|  0%| F|  |TAMS 0x00000000e8300000| PB 0x00000000e8300000| Untracked 
| 132|0x00000000e8400000, 0x00000000e8400000, 0x00000000e8500000|  0%| F|  |TAMS 0x00000000e8400000| PB 0x00000000e8400000| Untracked 
| 133|0x00000000e8500000, 0x00000000e8500000, 0x00000000e8600000|  0%| F|  |TAMS 0x00000000e8500000| PB 0x00000000e8500000| Untracked 
| 134|0x00000000e8600000, 0x00000000e8600000, 0x00000000e8700000|  0%| F|  |TAMS 0x00000000e8600000| PB 0x00000000e8600000| Untracked 
| 135|0x00000000e8700000, 0x00000000e8700000, 0x00000000e8800000|  0%| F|  |TAMS 0x00000000e8700000| PB 0x00000000e8700000| Untracked 
| 136|0x00000000e8800000, 0x00000000e8800000, 0x00000000e8900000|  0%| F|  |TAMS 0x00000000e8800000| PB 0x00000000e8800000| Untracked 
| 137|0x00000000e8900000, 0x00000000e8900000, 0x00000000e8a00000|  0%| F|  |TAMS 0x00000000e8900000| PB 0x00000000e8900000| Untracked 
| 138|0x00000000e8a00000, 0x00000000e8a00000, 0x00000000e8b00000|  0%| F|  |TAMS 0x00000000e8a00000| PB 0x00000000e8a00000| Untracked 
| 139|0x00000000e8b00000, 0x00000000e8b00000, 0x00000000e8c00000|  0%| F|  |TAMS 0x00000000e8b00000| PB 0x00000000e8b00000| Untracked 
| 140|0x00000000e8c00000, 0x00000000e8c00000, 0x00000000e8d00000|  0%| F|  |TAMS 0x00000000e8c00000| PB 0x00000000e8c00000| Untracked 
| 141|0x00000000e8d00000, 0x00000000e8d00000, 0x00000000e8e00000|  0%| F|  |TAMS 0x00000000e8d00000| PB 0x00000000e8d00000| Untracked 
| 142|0x00000000e8e00000, 0x00000000e8e00000, 0x00000000e8f00000|  0%| F|  |TAMS 0x00000000e8e00000| PB 0x00000000e8e00000| Untracked 
| 143|0x00000000e8f00000, 0x00000000e8f00000, 0x00000000e9000000|  0%| F|  |TAMS 0x00000000e8f00000| PB 0x00000000e8f00000| Untracked 
| 144|0x00000000e9000000, 0x00000000e9000000, 0x00000000e9100000|  0%| F|  |TAMS 0x00000000e9000000| PB 0x00000000e9000000| Untracked 
| 145|0x00000000e9100000, 0x00000000e9100000, 0x00000000e9200000|  0%| F|  |TAMS 0x00000000e9100000| PB 0x00000000e9100000| Untracked 
| 146|0x00000000e9200000, 0x00000000e9200000, 0x00000000e9300000|  0%| F|  |TAMS 0x00000000e9200000| PB 0x00000000e9200000| Untracked 
| 147|0x00000000e9300000, 0x00000000e9300000, 0x00000000e9400000|  0%| F|  |TAMS 0x00000000e9300000| PB 0x00000000e9300000| Untracked 
| 148|0x00000000e9400000, 0x00000000e9400000, 0x00000000e9500000|  0%| F|  |TAMS 0x00000000e9400000| PB 0x00000000e9400000| Untracked 
| 149|0x00000000e9500000, 0x00000000e9500000, 0x00000000e9600000|  0%| F|  |TAMS 0x00000000e9500000| PB 0x00000000e9500000| Untracked 
| 150|0x00000000e9600000, 0x00000000e9600000, 0x00000000e9700000|  0%| F|  |TAMS 0x00000000e9600000| PB 0x00000000e9600000| Untracked 
| 151|0x00000000e9700000, 0x00000000e9700000, 0x00000000e9800000|  0%| F|  |TAMS 0x00000000e9700000| PB 0x00000000e9700000| Untracked 
| 152|0x00000000e9800000, 0x00000000e9800000, 0x00000000e9900000|  0%| F|  |TAMS 0x00000000e9800000| PB 0x00000000e9800000| Untracked 
| 153|0x00000000e9900000, 0x00000000e9900000, 0x00000000e9a00000|  0%| F|  |TAMS 0x00000000e9900000| PB 0x00000000e9900000| Untracked 
| 154|0x00000000e9a00000, 0x00000000e9a00000, 0x00000000e9b00000|  0%| F|  |TAMS 0x00000000e9a00000| PB 0x00000000e9a00000| Untracked 
| 155|0x00000000e9b00000, 0x00000000e9b00000, 0x00000000e9c00000|  0%| F|  |TAMS 0x00000000e9b00000| PB 0x00000000e9b00000| Untracked 
| 156|0x00000000e9c00000, 0x00000000e9c00000, 0x00000000e9d00000|  0%| F|  |TAMS 0x00000000e9c00000| PB 0x00000000e9c00000| Untracked 
| 157|0x00000000e9d00000, 0x00000000e9d00000, 0x00000000e9e00000|  0%| F|  |TAMS 0x00000000e9d00000| PB 0x00000000e9d00000| Untracked 
| 158|0x00000000e9e00000, 0x00000000e9e00000, 0x00000000e9f00000|  0%| F|  |TAMS 0x00000000e9e00000| PB 0x00000000e9e00000| Untracked 
| 159|0x00000000e9f00000, 0x00000000e9f00000, 0x00000000ea000000|  0%| F|  |TAMS 0x00000000e9f00000| PB 0x00000000e9f00000| Untracked 
| 160|0x00000000ea000000, 0x00000000ea000000, 0x00000000ea100000|  0%| F|  |TAMS 0x00000000ea000000| PB 0x00000000ea000000| Untracked 
| 161|0x00000000ea100000, 0x00000000ea100000, 0x00000000ea200000|  0%| F|  |TAMS 0x00000000ea100000| PB 0x00000000ea100000| Untracked 
| 162|0x00000000ea200000, 0x00000000ea200000, 0x00000000ea300000|  0%| F|  |TAMS 0x00000000ea200000| PB 0x00000000ea200000| Untracked 
| 163|0x00000000ea300000, 0x00000000ea300000, 0x00000000ea400000|  0%| F|  |TAMS 0x00000000ea300000| PB 0x00000000ea300000| Untracked 
| 164|0x00000000ea400000, 0x00000000ea400000, 0x00000000ea500000|  0%| F|  |TAMS 0x00000000ea400000| PB 0x00000000ea400000| Untracked 
| 165|0x00000000ea500000, 0x00000000ea500000, 0x00000000ea600000|  0%| F|  |TAMS 0x00000000ea500000| PB 0x00000000ea500000| Untracked 
| 166|0x00000000ea600000, 0x00000000ea600000, 0x00000000ea700000|  0%| F|  |TAMS 0x00000000ea600000| PB 0x00000000ea600000| Untracked 
| 167|0x00000000ea700000, 0x00000000ea700000, 0x00000000ea800000|  0%| F|  |TAMS 0x00000000ea700000| PB 0x00000000ea700000| Untracked 
| 168|0x00000000ea800000, 0x00000000ea800000, 0x00000000ea900000|  0%| F|  |TAMS 0x00000000ea800000| PB 0x00000000ea800000| Untracked 
| 169|0x00000000ea900000, 0x00000000ea900000, 0x00000000eaa00000|  0%| F|  |TAMS 0x00000000ea900000| PB 0x00000000ea900000| Untracked 
| 170|0x00000000eaa00000, 0x00000000eaa00000, 0x00000000eab00000|  0%| F|  |TAMS 0x00000000eaa00000| PB 0x00000000eaa00000| Untracked 
| 171|0x00000000eab00000, 0x00000000eab00000, 0x00000000eac00000|  0%| F|  |TAMS 0x00000000eab00000| PB 0x00000000eab00000| Untracked 
| 172|0x00000000eac00000, 0x00000000eac00000, 0x00000000ead00000|  0%| F|  |TAMS 0x00000000eac00000| PB 0x00000000eac00000| Untracked 
| 173|0x00000000ead00000, 0x00000000ead00000, 0x00000000eae00000|  0%| F|  |TAMS 0x00000000ead00000| PB 0x00000000ead00000| Untracked 
| 174|0x00000000eae00000, 0x00000000eae00000, 0x00000000eaf00000|  0%| F|  |TAMS 0x00000000eae00000| PB 0x00000000eae00000| Untracked 
| 175|0x00000000eaf00000, 0x00000000eaf00000, 0x00000000eb000000|  0%| F|  |TAMS 0x00000000eaf00000| PB 0x00000000eaf00000| Untracked 
| 176|0x00000000eb000000, 0x00000000eb000000, 0x00000000eb100000|  0%| F|  |TAMS 0x00000000eb000000| PB 0x00000000eb000000| Untracked 
| 177|0x00000000eb100000, 0x00000000eb100000, 0x00000000eb200000|  0%| F|  |TAMS 0x00000000eb100000| PB 0x00000000eb100000| Untracked 
| 178|0x00000000eb200000, 0x00000000eb300000, 0x00000000eb300000|100%| S|CS|TAMS 0x00000000eb200000| PB 0x00000000eb200000| Complete 
| 179|0x00000000eb300000, 0x00000000eb400000, 0x00000000eb400000|100%| S|CS|TAMS 0x00000000eb300000| PB 0x00000000eb300000| Complete 
| 180|0x00000000eb400000, 0x00000000eb500000, 0x00000000eb500000|100%| S|CS|TAMS 0x00000000eb400000| PB 0x00000000eb400000| Complete 
| 181|0x00000000eb500000, 0x00000000eb600000, 0x00000000eb600000|100%| S|CS|TAMS 0x00000000eb500000| PB 0x00000000eb500000| Complete 
| 182|0x00000000eb600000, 0x00000000eb700000, 0x00000000eb700000|100%| S|CS|TAMS 0x00000000eb600000| PB 0x00000000eb600000| Complete 
| 183|0x00000000eb700000, 0x00000000eb800000, 0x00000000eb800000|100%| S|CS|TAMS 0x00000000eb700000| PB 0x00000000eb700000| Complete 
| 184|0x00000000eb800000, 0x00000000eb800000, 0x00000000eb900000|  0%| F|  |TAMS 0x00000000eb800000| PB 0x00000000eb800000| Untracked 
| 185|0x00000000eb900000, 0x00000000eb900000, 0x00000000eba00000|  0%| F|  |TAMS 0x00000000eb900000| PB 0x00000000eb900000| Untracked 
| 186|0x00000000eba00000, 0x00000000eba00000, 0x00000000ebb00000|  0%| F|  |TAMS 0x00000000eba00000| PB 0x00000000eba00000| Untracked 
| 187|0x00000000ebb00000, 0x00000000ebb00000, 0x00000000ebc00000|  0%| F|  |TAMS 0x00000000ebb00000| PB 0x00000000ebb00000| Untracked 
| 188|0x00000000ebc00000, 0x00000000ebc00000, 0x00000000ebd00000|  0%| F|  |TAMS 0x00000000ebc00000| PB 0x00000000ebc00000| Untracked 
| 189|0x00000000ebd00000, 0x00000000ebd00000, 0x00000000ebe00000|  0%| F|  |TAMS 0x00000000ebd00000| PB 0x00000000ebd00000| Untracked 
| 190|0x00000000ebe00000, 0x00000000ebe00000, 0x00000000ebf00000|  0%| F|  |TAMS 0x00000000ebe00000| PB 0x00000000ebe00000| Untracked 
| 191|0x00000000ebf00000, 0x00000000ebf00000, 0x00000000ec000000|  0%| F|  |TAMS 0x00000000ebf00000| PB 0x00000000ebf00000| Untracked 
| 192|0x00000000ec000000, 0x00000000ec000000, 0x00000000ec100000|  0%| F|  |TAMS 0x00000000ec000000| PB 0x00000000ec000000| Untracked 
| 193|0x00000000ec100000, 0x00000000ec100000, 0x00000000ec200000|  0%| F|  |TAMS 0x00000000ec100000| PB 0x00000000ec100000| Untracked 
| 194|0x00000000ec200000, 0x00000000ec200000, 0x00000000ec300000|  0%| F|  |TAMS 0x00000000ec200000| PB 0x00000000ec200000| Untracked 
| 195|0x00000000ec300000, 0x00000000ec300000, 0x00000000ec400000|  0%| F|  |TAMS 0x00000000ec300000| PB 0x00000000ec300000| Untracked 
| 196|0x00000000ec400000, 0x00000000ec400000, 0x00000000ec500000|  0%| F|  |TAMS 0x00000000ec400000| PB 0x00000000ec400000| Untracked 
| 197|0x00000000ec500000, 0x00000000ec500000, 0x00000000ec600000|  0%| F|  |TAMS 0x00000000ec500000| PB 0x00000000ec500000| Untracked 
| 198|0x00000000ec600000, 0x00000000ec600000, 0x00000000ec700000|  0%| F|  |TAMS 0x00000000ec600000| PB 0x00000000ec600000| Untracked 
| 199|0x00000000ec700000, 0x00000000ec700000, 0x00000000ec800000|  0%| F|  |TAMS 0x00000000ec700000| PB 0x00000000ec700000| Untracked 
| 200|0x00000000ec800000, 0x00000000ec800000, 0x00000000ec900000|  0%| F|  |TAMS 0x00000000ec800000| PB 0x00000000ec800000| Untracked 
| 201|0x00000000ec900000, 0x00000000ec900000, 0x00000000eca00000|  0%| F|  |TAMS 0x00000000ec900000| PB 0x00000000ec900000| Untracked 
| 202|0x00000000eca00000, 0x00000000eca00000, 0x00000000ecb00000|  0%| F|  |TAMS 0x00000000eca00000| PB 0x00000000eca00000| Untracked 
| 203|0x00000000ecb00000, 0x00000000ecb00000, 0x00000000ecc00000|  0%| F|  |TAMS 0x00000000ecb00000| PB 0x00000000ecb00000| Untracked 
| 204|0x00000000ecc00000, 0x00000000ecc00000, 0x00000000ecd00000|  0%| F|  |TAMS 0x00000000ecc00000| PB 0x00000000ecc00000| Untracked 
| 205|0x00000000ecd00000, 0x00000000ecd00000, 0x00000000ece00000|  0%| F|  |TAMS 0x00000000ecd00000| PB 0x00000000ecd00000| Untracked 
| 206|0x00000000ece00000, 0x00000000ece00000, 0x00000000ecf00000|  0%| F|  |TAMS 0x00000000ece00000| PB 0x00000000ece00000| Untracked 
| 207|0x00000000ecf00000, 0x00000000ecf00000, 0x00000000ed000000|  0%| F|  |TAMS 0x00000000ecf00000| PB 0x00000000ecf00000| Untracked 
| 208|0x00000000ed000000, 0x00000000ed000000, 0x00000000ed100000|  0%| F|  |TAMS 0x00000000ed000000| PB 0x00000000ed000000| Untracked 
| 209|0x00000000ed100000, 0x00000000ed100000, 0x00000000ed200000|  0%| F|  |TAMS 0x00000000ed100000| PB 0x00000000ed100000| Untracked 
| 210|0x00000000ed200000, 0x00000000ed200000, 0x00000000ed300000|  0%| F|  |TAMS 0x00000000ed200000| PB 0x00000000ed200000| Untracked 
| 211|0x00000000ed300000, 0x00000000ed300000, 0x00000000ed400000|  0%| F|  |TAMS 0x00000000ed300000| PB 0x00000000ed300000| Untracked 
| 212|0x00000000ed400000, 0x00000000ed400000, 0x00000000ed500000|  0%| F|  |TAMS 0x00000000ed400000| PB 0x00000000ed400000| Untracked 
| 213|0x00000000ed500000, 0x00000000ed500000, 0x00000000ed600000|  0%| F|  |TAMS 0x00000000ed500000| PB 0x00000000ed500000| Untracked 
| 214|0x00000000ed600000, 0x00000000ed600000, 0x00000000ed700000|  0%| F|  |TAMS 0x00000000ed600000| PB 0x00000000ed600000| Untracked 
| 215|0x00000000ed700000, 0x00000000ed700000, 0x00000000ed800000|  0%| F|  |TAMS 0x00000000ed700000| PB 0x00000000ed700000| Untracked 
| 216|0x00000000ed800000, 0x00000000ed800000, 0x00000000ed900000|  0%| F|  |TAMS 0x00000000ed800000| PB 0x00000000ed800000| Untracked 
| 217|0x00000000ed900000, 0x00000000ed900000, 0x00000000eda00000|  0%| F|  |TAMS 0x00000000ed900000| PB 0x00000000ed900000| Untracked 
| 218|0x00000000eda00000, 0x00000000eda00000, 0x00000000edb00000|  0%| F|  |TAMS 0x00000000eda00000| PB 0x00000000eda00000| Untracked 
| 219|0x00000000edb00000, 0x00000000edb00000, 0x00000000edc00000|  0%| F|  |TAMS 0x00000000edb00000| PB 0x00000000edb00000| Untracked 
| 220|0x00000000edc00000, 0x00000000edc00000, 0x00000000edd00000|  0%| F|  |TAMS 0x00000000edc00000| PB 0x00000000edc00000| Untracked 
| 221|0x00000000edd00000, 0x00000000edd00000, 0x00000000ede00000|  0%| F|  |TAMS 0x00000000edd00000| PB 0x00000000edd00000| Untracked 
| 222|0x00000000ede00000, 0x00000000ede00000, 0x00000000edf00000|  0%| F|  |TAMS 0x00000000ede00000| PB 0x00000000ede00000| Untracked 
| 223|0x00000000edf00000, 0x00000000edf00000, 0x00000000ee000000|  0%| F|  |TAMS 0x00000000edf00000| PB 0x00000000edf00000| Untracked 
| 224|0x00000000ee000000, 0x00000000ee000000, 0x00000000ee100000|  0%| F|  |TAMS 0x00000000ee000000| PB 0x00000000ee000000| Untracked 
| 225|0x00000000ee100000, 0x00000000ee100000, 0x00000000ee200000|  0%| F|  |TAMS 0x00000000ee100000| PB 0x00000000ee100000| Untracked 
| 226|0x00000000ee200000, 0x00000000ee200000, 0x00000000ee300000|  0%| F|  |TAMS 0x00000000ee200000| PB 0x00000000ee200000| Untracked 
| 227|0x00000000ee300000, 0x00000000ee300000, 0x00000000ee400000|  0%| F|  |TAMS 0x00000000ee300000| PB 0x00000000ee300000| Untracked 
| 228|0x00000000ee400000, 0x00000000ee400000, 0x00000000ee500000|  0%| F|  |TAMS 0x00000000ee400000| PB 0x00000000ee400000| Untracked 
| 229|0x00000000ee500000, 0x00000000ee500000, 0x00000000ee600000|  0%| F|  |TAMS 0x00000000ee500000| PB 0x00000000ee500000| Untracked 
| 230|0x00000000ee600000, 0x00000000ee600000, 0x00000000ee700000|  0%| F|  |TAMS 0x00000000ee600000| PB 0x00000000ee600000| Untracked 
| 231|0x00000000ee700000, 0x00000000ee700000, 0x00000000ee800000|  0%| F|  |TAMS 0x00000000ee700000| PB 0x00000000ee700000| Untracked 
| 232|0x00000000ee800000, 0x00000000ee800000, 0x00000000ee900000|  0%| F|  |TAMS 0x00000000ee800000| PB 0x00000000ee800000| Untracked 
| 233|0x00000000ee900000, 0x00000000ee900000, 0x00000000eea00000|  0%| F|  |TAMS 0x00000000ee900000| PB 0x00000000ee900000| Untracked 
| 234|0x00000000eea00000, 0x00000000eea00000, 0x00000000eeb00000|  0%| F|  |TAMS 0x00000000eea00000| PB 0x00000000eea00000| Untracked 
| 235|0x00000000eeb00000, 0x00000000eeb00000, 0x00000000eec00000|  0%| F|  |TAMS 0x00000000eeb00000| PB 0x00000000eeb00000| Untracked 
| 236|0x00000000eec00000, 0x00000000eec00000, 0x00000000eed00000|  0%| F|  |TAMS 0x00000000eec00000| PB 0x00000000eec00000| Untracked 
| 237|0x00000000eed00000, 0x00000000eed00000, 0x00000000eee00000|  0%| F|  |TAMS 0x00000000eed00000| PB 0x00000000eed00000| Untracked 
| 238|0x00000000eee00000, 0x00000000eee00000, 0x00000000eef00000|  0%| F|  |TAMS 0x00000000eee00000| PB 0x00000000eee00000| Untracked 
| 239|0x00000000eef00000, 0x00000000eef00000, 0x00000000ef000000|  0%| F|  |TAMS 0x00000000eef00000| PB 0x00000000eef00000| Untracked 
| 240|0x00000000ef000000, 0x00000000ef000000, 0x00000000ef100000|  0%| F|  |TAMS 0x00000000ef000000| PB 0x00000000ef000000| Untracked 
| 241|0x00000000ef100000, 0x00000000ef100000, 0x00000000ef200000|  0%| F|  |TAMS 0x00000000ef100000| PB 0x00000000ef100000| Untracked 
| 242|0x00000000ef200000, 0x00000000ef200000, 0x00000000ef300000|  0%| F|  |TAMS 0x00000000ef200000| PB 0x00000000ef200000| Untracked 
| 243|0x00000000ef300000, 0x00000000ef300000, 0x00000000ef400000|  0%| F|  |TAMS 0x00000000ef300000| PB 0x00000000ef300000| Untracked 
| 244|0x00000000ef400000, 0x00000000ef400000, 0x00000000ef500000|  0%| F|  |TAMS 0x00000000ef400000| PB 0x00000000ef400000| Untracked 
| 245|0x00000000ef500000, 0x00000000ef500000, 0x00000000ef600000|  0%| F|  |TAMS 0x00000000ef500000| PB 0x00000000ef500000| Untracked 
| 246|0x00000000ef600000, 0x00000000ef600000, 0x00000000ef700000|  0%| F|  |TAMS 0x00000000ef600000| PB 0x00000000ef600000| Untracked 
| 247|0x00000000ef700000, 0x00000000ef700000, 0x00000000ef800000|  0%| F|  |TAMS 0x00000000ef700000| PB 0x00000000ef700000| Untracked 
| 248|0x00000000ef800000, 0x00000000ef800000, 0x00000000ef900000|  0%| F|  |TAMS 0x00000000ef800000| PB 0x00000000ef800000| Untracked 
| 249|0x00000000ef900000, 0x00000000ef900000, 0x00000000efa00000|  0%| F|  |TAMS 0x00000000ef900000| PB 0x00000000ef900000| Untracked 
| 250|0x00000000efa00000, 0x00000000efa00000, 0x00000000efb00000|  0%| F|  |TAMS 0x00000000efa00000| PB 0x00000000efa00000| Untracked 
| 251|0x00000000efb00000, 0x00000000efc00000, 0x00000000efc00000|100%| E|  |TAMS 0x00000000efb00000| PB 0x00000000efb00000| Complete 
| 252|0x00000000efc00000, 0x00000000efd00000, 0x00000000efd00000|100%| E|CS|TAMS 0x00000000efc00000| PB 0x00000000efc00000| Complete 
| 253|0x00000000efd00000, 0x00000000efe00000, 0x00000000efe00000|100%| E|CS|TAMS 0x00000000efd00000| PB 0x00000000efd00000| Complete 
| 254|0x00000000efe00000, 0x00000000eff00000, 0x00000000eff00000|100%| E|CS|TAMS 0x00000000efe00000| PB 0x00000000efe00000| Complete 
| 255|0x00000000eff00000, 0x00000000f0000000, 0x00000000f0000000|100%| E|CS|TAMS 0x00000000eff00000| PB 0x00000000eff00000| Complete 

Card table byte_map: [0x0000017e2fc20000,0x0000017e2fd20000] _byte_map_base: 0x0000017e2f520000

Marking Bits: (CMBitMap*) 0x0000017e187e3f40
 Bits: [0x0000017e2fd20000, 0x0000017e30520000)

Polling page: 0x0000017e17f90000

Metaspace:

Usage:
  Non-class:     43.58 MB used.
      Class:      7.38 MB used.
       Both:     50.95 MB used.

Virtual space:
  Non-class space:       64.00 MB reserved,      44.44 MB ( 69%) committed,  1 nodes.
      Class space:      320.00 MB reserved,       8.25 MB (  3%) committed,  1 nodes.
             Both:      384.00 MB reserved,      52.69 MB ( 14%) committed. 

Chunk freelists:
   Non-Class:  3.31 MB
       Class:  7.56 MB
        Both:  10.88 MB

MaxMetaspaceSize: 384.00 MB
CompressedClassSpaceSize: 320.00 MB
Initial GC threshold: 21.00 MB
Current GC threshold: 58.88 MB
CDS: on
 - commit_granule_bytes: 65536.
 - commit_granule_words: 8192.
 - virtual_space_node_default_size: 8388608.
 - enlarge_chunks_in_place: 1.
 - use_allocation_guard: 0.


Internal statistics:

num_allocs_failed_limit: 6.
num_arena_births: 3200.
num_arena_deaths: 0.
num_vsnodes_births: 2.
num_vsnodes_deaths: 0.
num_space_committed: 843.
num_space_uncommitted: 0.
num_chunks_returned_to_freelist: 6.
num_chunks_taken_from_freelist: 5721.
num_chunk_merges: 0.
num_chunk_splits: 3655.
num_chunks_enlarged: 2201.
num_inconsistent_stats: 0.

CodeHeap 'non-profiled nmethods': size=120000Kb used=3402Kb max_used=3402Kb free=116597Kb
 bounds [0x0000017e286f0000, 0x0000017e28a50000, 0x0000017e2fc20000]
CodeHeap 'profiled nmethods': size=120000Kb used=11693Kb max_used=11693Kb free=108306Kb
 bounds [0x0000017e20c20000, 0x0000017e21790000, 0x0000017e28150000]
CodeHeap 'non-nmethods': size=5760Kb used=2739Kb max_used=2770Kb free=3021Kb
 bounds [0x0000017e28150000, 0x0000017e28420000, 0x0000017e286f0000]
 total_blobs=6764 nmethods=5896 adapters=772
 compilation: enabled
              stopped_count=0, restarted_count=0
 full_count=0

Compilation events (20 events):
Event: 125.272 Thread 0x0000017e32bacae0 nmethod 6373 0x0000017e21785a90 code [0x0000017e21785d00, 0x0000017e21786478]
Event: 125.272 Thread 0x0000017e32bacae0 6374   !   3       java.lang.reflect.Proxy$ProxyBuilder::ensureVisible (65 bytes)
Event: 125.273 Thread 0x0000017e32bacae0 nmethod 6374 0x0000017e21786810 code [0x0000017e21786ac0, 0x0000017e217874f8]
Event: 125.273 Thread 0x0000017e32bacae0 6375       3       java.lang.reflect.ProxyGenerator::addProxyMethod (190 bytes)
Event: 125.275 Thread 0x0000017e32bacae0 nmethod 6375 0x0000017e21787990 code [0x0000017e21787ce0, 0x0000017e217890e8]
Event: 125.280 Thread 0x0000017e32b25e10 6376       4       java.nio.ByteBuffer::position (8 bytes)
Event: 125.281 Thread 0x0000017e32b25e10 nmethod 6376 0x0000017e28a41110 code [0x0000017e28a412a0, 0x0000017e28a413a0]
Event: 125.281 Thread 0x0000017e32b25e10 6377       4       org.gradle.internal.instantiation.generator.AbstractClassGenerator::assertNotAbstract (61 bytes)
Event: 125.282 Thread 0x0000017e32b25e10 nmethod 6377 0x0000017e28a41490 code [0x0000017e28a41620, 0x0000017e28a41730]
Event: 125.284 Thread 0x0000017e32b25e10 6378       4       java.util.ArrayList::indexOfRange (71 bytes)
Event: 125.287 Thread 0x0000017e32b25e10 nmethod 6378 0x0000017e28a41890 code [0x0000017e28a41a20, 0x0000017e28a41b80]
Event: 125.287 Thread 0x0000017e32b25e10 6379       4       org.objectweb.asm.Frame::getConcreteOutputType (111 bytes)
Event: 125.289 Thread 0x0000017e32b25e10 nmethod 6379 0x0000017e28a41c90 code [0x0000017e28a41e20, 0x0000017e28a41f90]
Event: 125.299 Thread 0x0000017e32b25e10 6380 %     4       org.gradle.internal.instantiation.generator.AbstractClassGenerator::inspectType @ 107 (560 bytes)
Event: 125.300 Thread 0x0000017e32bacae0 6381       1       org.gradle.api.internal.tasks.properties.annotations.OutputPropertyRoleAnnotationHandler::getAnnotationTypes (5 bytes)
Event: 125.300 Thread 0x0000017e32bacae0 nmethod 6381 0x0000017e28a42110 code [0x0000017e28a422a0, 0x0000017e28a42368]
Event: 125.574 Thread 0x0000017e32bacae0 6382       3       java.lang.reflect.Constructor::getGenericInfo (28 bytes)
Event: 125.575 Thread 0x0000017e32bacae0 nmethod 6382 0x0000017e21789810 code [0x0000017e21789aa0, 0x0000017e2178a830]
Event: 125.608 Thread 0x0000017e32bacae0 6385       3       java.util.HashMap$TreeNode::tieBreakOrder (49 bytes)
Event: 125.609 Thread 0x0000017e32bacae0 nmethod 6385 0x0000017e2178ad10 code [0x0000017e2178af20, 0x0000017e2178b410]

GC Heap History (14 events):
Event: 5.677 GC heap before
{Heap before GC invocations=0 (full 0):
 garbage-first heap   total 262144K, used 12288K [0x00000000e0000000, 0x0000000100000000)
  region size 1024K, 13 young (13312K), 0 survivors (0K)
 Metaspace       used 1026K, committed 1152K, reserved 393216K
  class space    used 83K, committed 128K, reserved 327680K
}
Event: 5.992 GC heap after
{Heap after GC invocations=1 (full 0):
 garbage-first heap   total 262144K, used 2048K [0x00000000e0000000, 0x0000000100000000)
  region size 1024K, 2 young (2048K), 2 survivors (2048K)
 Metaspace       used 1026K, committed 1152K, reserved 393216K
  class space    used 83K, committed 128K, reserved 327680K
}
Event: 9.943 GC heap before
{Heap before GC invocations=1 (full 0):
 garbage-first heap   total 262144K, used 21504K [0x00000000e0000000, 0x0000000100000000)
  region size 1024K, 18 young (18432K), 2 survivors (2048K)
 Metaspace       used 4092K, committed 4352K, reserved 393216K
  class space    used 507K, committed 640K, reserved 327680K
}
Event: 9.950 GC heap after
{Heap after GC invocations=2 (full 0):
 garbage-first heap   total 262144K, used 10941K [0x00000000e0000000, 0x0000000100000000)
  region size 1024K, 3 young (3072K), 3 survivors (3072K)
 Metaspace       used 4092K, committed 4352K, reserved 393216K
  class space    used 507K, committed 640K, reserved 327680K
}
Event: 12.833 GC heap before
{Heap before GC invocations=2 (full 0):
 garbage-first heap   total 262144K, used 32445K [0x00000000e0000000, 0x0000000100000000)
  region size 1024K, 25 young (25600K), 3 survivors (3072K)
 Metaspace       used 4174K, committed 4416K, reserved 393216K
  class space    used 509K, committed 640K, reserved 327680K
}
Event: 12.840 GC heap after
{Heap after GC invocations=3 (full 0):
 garbage-first heap   total 262144K, used 11668K [0x00000000e0000000, 0x0000000100000000)
  region size 1024K, 1 young (1024K), 1 survivors (1024K)
 Metaspace       used 4174K, committed 4416K, reserved 393216K
  class space    used 509K, committed 640K, reserved 327680K
}
Event: 36.285 GC heap before
{Heap before GC invocations=3 (full 0):
 garbage-first heap   total 262144K, used 119188K [0x00000000e0000000, 0x0000000100000000)
  region size 1024K, 107 young (109568K), 1 survivors (1024K)
 Metaspace       used 20878K, committed 21504K, reserved 393216K
  class space    used 3000K, committed 3328K, reserved 327680K
}
Event: 36.306 GC heap after
{Heap after GC invocations=4 (full 0):
 garbage-first heap   total 262144K, used 23180K [0x00000000e0000000, 0x0000000100000000)
  region size 1024K, 12 young (12288K), 12 survivors (12288K)
 Metaspace       used 20878K, committed 21504K, reserved 393216K
  class space    used 3000K, committed 3328K, reserved 327680K
}
Event: 53.203 GC heap before
{Heap before GC invocations=5 (full 0):
 garbage-first heap   total 262144K, used 110220K [0x00000000e0000000, 0x0000000100000000)
  region size 1024K, 99 young (101376K), 12 survivors (12288K)
 Metaspace       used 34874K, committed 36096K, reserved 393216K
  class space    used 5031K, committed 5632K, reserved 327680K
}
Event: 53.269 GC heap after
{Heap after GC invocations=6 (full 0):
 garbage-first heap   total 262144K, used 29610K [0x00000000e0000000, 0x0000000100000000)
  region size 1024K, 7 young (7168K), 7 survivors (7168K)
 Metaspace       used 34874K, committed 36096K, reserved 393216K
  class space    used 5031K, committed 5632K, reserved 327680K
}
Event: 90.095 GC heap before
{Heap before GC invocations=7 (full 0):
 garbage-first heap   total 262144K, used 135082K [0x00000000e0000000, 0x0000000100000000)
  region size 1024K, 104 young (106496K), 7 survivors (7168K)
 Metaspace       used 44399K, committed 45952K, reserved 393216K
  class space    used 6272K, committed 7040K, reserved 327680K
}
Event: 90.246 GC heap after
{Heap after GC invocations=8 (full 0):
 garbage-first heap   total 262144K, used 37336K [0x00000000e0000000, 0x0000000100000000)
  region size 1024K, 13 young (13312K), 13 survivors (13312K)
 Metaspace       used 44399K, committed 45952K, reserved 393216K
  class space    used 6272K, committed 7040K, reserved 327680K
}
Event: 124.964 GC heap before
{Heap before GC invocations=8 (full 0):
 garbage-first heap   total 262144K, used 111064K [0x00000000e0000000, 0x0000000100000000)
  region size 1024K, 85 young (87040K), 13 survivors (13312K)
 Metaspace       used 51866K, committed 53696K, reserved 393216K
  class space    used 7502K, committed 8448K, reserved 327680K
}
Event: 125.066 GC heap after
{Heap after GC invocations=9 (full 0):
 garbage-first heap   total 262144K, used 42617K [0x00000000e0000000, 0x0000000100000000)
  region size 1024K, 6 young (6144K), 6 survivors (6144K)
 Metaspace       used 51866K, committed 53696K, reserved 393216K
  class space    used 7502K, committed 8448K, reserved 327680K
}

Dll operation events (15 events):
Event: 0.190 Loaded shared library C:\Users\Administrator\.jdks\openjdk-21.0.2\bin\java.dll
Event: 0.346 Loaded shared library C:\Users\Administrator\.jdks\openjdk-21.0.2\bin\jsvml.dll
Event: 0.859 Loaded shared library C:\Users\Administrator\.jdks\openjdk-21.0.2\bin\zip.dll
Event: 0.888 Loaded shared library C:\Users\Administrator\.jdks\openjdk-21.0.2\bin\instrument.dll
Event: 0.902 Loaded shared library C:\Users\Administrator\.jdks\openjdk-21.0.2\bin\net.dll
Event: 0.907 Loaded shared library C:\Users\Administrator\.jdks\openjdk-21.0.2\bin\nio.dll
Event: 0.923 Loaded shared library C:\Users\Administrator\.jdks\openjdk-21.0.2\bin\zip.dll
Event: 5.077 Loaded shared library C:\Users\Administrator\.jdks\openjdk-21.0.2\bin\jimage.dll
Event: 6.111 Loaded shared library C:\Users\Administrator\.jdks\openjdk-21.0.2\bin\verify.dll
Event: 7.148 Loaded shared library C:\Users\Administrator\.gradle\native\c067742578af261105cb4f569cf0c3c89f3d7b1fecec35dd04571415982c5e48\windows-amd64\native-platform.dll
Event: 7.171 Loaded shared library C:\Users\Administrator\.gradle\native\38dada09dfb8b06ba9b0570ebf7e218e3eb74d4ef43ca46872605cf95ebc2f47\windows-amd64\native-platform-file-events.dll
Event: 15.749 Loaded shared library C:\Users\Administrator\.jdks\openjdk-21.0.2\bin\management.dll
Event: 15.754 Loaded shared library C:\Users\Administrator\.jdks\openjdk-21.0.2\bin\management_ext.dll
Event: 17.322 Loaded shared library C:\Users\Administrator\.jdks\openjdk-21.0.2\bin\extnet.dll
Event: 17.938 Loaded shared library C:\Users\Administrator\.jdks\openjdk-21.0.2\bin\sunmscapi.dll

Deoptimization events (20 events):
Event: 120.593 Thread 0x0000017e4c6edc20 DEOPT PACKING pc=0x0000017e211244c1 sp=0x0000005616bf78f0
Event: 120.593 Thread 0x0000017e4c6edc20 DEOPT UNPACKING pc=0x0000017e281a4e42 sp=0x0000005616bf6df0 mode 0
Event: 120.804 Thread 0x0000017e4c6edc20 DEOPT PACKING pc=0x0000017e20d0c45f sp=0x0000005616bf7450
Event: 120.804 Thread 0x0000017e4c6edc20 DEOPT UNPACKING pc=0x0000017e281a4e42 sp=0x0000005616bf68d8 mode 0
Event: 124.301 Thread 0x0000017e4c6edc20 Uncommon trap: trap_request=0xffffffbe fr.pc=0x0000017e28a36b4c relative=0x000000000000034c
Event: 124.301 Thread 0x0000017e4c6edc20 Uncommon trap: reason=profile_predicate action=maybe_recompile pc=0x0000017e28a36b4c method=sun.instrument.TransformerManager.transform(Ljava/lang/Module;Ljava/lang/ClassLoader;Ljava/lang/String;Ljava/lang/Class;Ljava/security/ProtectionDomain;[B)[B @ 21 
Event: 124.301 Thread 0x0000017e4c6edc20 DEOPT PACKING pc=0x0000017e28a36b4c sp=0x0000005616bf7f90
Event: 124.301 Thread 0x0000017e4c6edc20 DEOPT UNPACKING pc=0x0000017e281a46a2 sp=0x0000005616bf7e60 mode 2
Event: 124.489 Thread 0x0000017e4c6edc20 Uncommon trap: trap_request=0xffffffbe fr.pc=0x0000017e28a36b4c relative=0x000000000000034c
Event: 124.489 Thread 0x0000017e4c6edc20 Uncommon trap: reason=profile_predicate action=maybe_recompile pc=0x0000017e28a36b4c method=sun.instrument.TransformerManager.transform(Ljava/lang/Module;Ljava/lang/ClassLoader;Ljava/lang/String;Ljava/lang/Class;Ljava/security/ProtectionDomain;[B)[B @ 21 
Event: 124.489 Thread 0x0000017e4c6edc20 DEOPT PACKING pc=0x0000017e28a36b4c sp=0x0000005616bf76c0
Event: 124.489 Thread 0x0000017e4c6edc20 DEOPT UNPACKING pc=0x0000017e281a46a2 sp=0x0000005616bf7590 mode 2
Event: 124.928 Thread 0x0000017e4c6edc20 Uncommon trap: trap_request=0xffffffbe fr.pc=0x0000017e28a36b4c relative=0x000000000000034c
Event: 124.929 Thread 0x0000017e4c6edc20 Uncommon trap: reason=profile_predicate action=maybe_recompile pc=0x0000017e28a36b4c method=sun.instrument.TransformerManager.transform(Ljava/lang/Module;Ljava/lang/ClassLoader;Ljava/lang/String;Ljava/lang/Class;Ljava/security/ProtectionDomain;[B)[B @ 21 
Event: 124.929 Thread 0x0000017e4c6edc20 DEOPT PACKING pc=0x0000017e28a36b4c sp=0x0000005616bf5000
Event: 124.930 Thread 0x0000017e4c6edc20 DEOPT UNPACKING pc=0x0000017e281a46a2 sp=0x0000005616bf4ed0 mode 2
Event: 124.932 Thread 0x0000017e4c6edc20 Uncommon trap: trap_request=0xffffffbe fr.pc=0x0000017e28a36b4c relative=0x000000000000034c
Event: 124.932 Thread 0x0000017e4c6edc20 Uncommon trap: reason=profile_predicate action=maybe_recompile pc=0x0000017e28a36b4c method=sun.instrument.TransformerManager.transform(Ljava/lang/Module;Ljava/lang/ClassLoader;Ljava/lang/String;Ljava/lang/Class;Ljava/security/ProtectionDomain;[B)[B @ 21 
Event: 124.932 Thread 0x0000017e4c6edc20 DEOPT PACKING pc=0x0000017e28a36b4c sp=0x0000005616bf5000
Event: 124.932 Thread 0x0000017e4c6edc20 DEOPT UNPACKING pc=0x0000017e281a46a2 sp=0x0000005616bf4ed0 mode 2

Classes loaded (20 events):
Event: 110.960 Loading class com/sun/org/apache/xerces/internal/utils/XMLSecurityManager$Limit
Event: 110.960 Loading class com/sun/org/apache/xerces/internal/utils/XMLSecurityManager$Limit done
Event: 110.961 Loading class com/sun/org/apache/xerces/internal/utils/XMLSecurityManager$NameMap
Event: 110.961 Loading class com/sun/org/apache/xerces/internal/utils/XMLSecurityManager$NameMap done
Event: 110.961 Loading class com/sun/org/apache/xerces/internal/utils/XMLSecurityPropertyManager
Event: 110.961 Loading class com/sun/org/apache/xerces/internal/utils/XMLSecurityPropertyManager done
Event: 110.961 Loading class com/sun/org/apache/xerces/internal/utils/XMLSecurityPropertyManager$State
Event: 110.961 Loading class com/sun/org/apache/xerces/internal/utils/XMLSecurityPropertyManager$State done
Event: 110.961 Loading class com/sun/org/apache/xerces/internal/utils/XMLSecurityPropertyManager$Property
Event: 110.961 Loading class com/sun/org/apache/xerces/internal/utils/XMLSecurityPropertyManager$Property done
Event: 112.656 Loading class java/util/regex/Pattern$SliceI
Event: 112.657 Loading class java/util/regex/Pattern$SliceI done
Event: 120.828 Loading class java/lang/ThreadDeath
Event: 120.828 Loading class java/lang/ThreadDeath done
Event: 120.829 Loading class sun/misc/SharedSecrets
Event: 120.829 Loading class sun/misc/SharedSecrets done
Event: 122.217 Loading class java/io/PrintWriter$1
Event: 122.218 Loading class jdk/internal/access/JavaIOPrintWriterAccess
Event: 122.218 Loading class jdk/internal/access/JavaIOPrintWriterAccess done
Event: 122.218 Loading class java/io/PrintWriter$1 done

Classes unloaded (0 events):
No events

Classes redefined (0 events):
No events

Internal exceptions (20 events):
Event: 120.834 Thread 0x0000017e4c6edc20 Exception <a 'java/lang/NoClassDefFoundError'{0x00000000ebfd15d0}: org/graalvm/buildtools/gradle/NativeImagePlugin> (0x00000000ebfd15d0) 
thrown [s\open\src\hotspot\share\classfile\systemDictionary.cpp, line 301]
Event: 121.499 Thread 0x0000017e4c6edc20 Exception <a 'java/lang/ClassNotFoundException'{0x00000000ebd91828}: io/spring/gradle/dependencymanagement/internal/dsl/StandardDependencyManagementExtensionBeanInfo> (0x00000000ebd91828) 
thrown [s\open\src\hotspot\share\classfile\systemDictionary.cpp, line 312]
Event: 121.510 Thread 0x0000017e4c6edc20 Exception <a 'java/lang/ClassNotFoundException'{0x00000000ebd9aa00}: io/spring/gradle/dependencymanagement/internal/dsl/StandardDependencyManagementExtensionCustomizer> (0x00000000ebd9aa00) 
thrown [s\open\src\hotspot\share\classfile\systemDictionary.cpp, line 312]
Event: 122.666 Thread 0x0000017e4c6edc20 Exception <a 'java/lang/ClassNotFoundException'{0x00000000ebadd5b0}: io/spring/gradle/dependencymanagement/internal/dsl/StandardImportsHandlerBeanInfo> (0x00000000ebadd5b0) 
thrown [s\open\src\hotspot\share\classfile\systemDictionary.cpp, line 312]
Event: 122.667 Thread 0x0000017e4c6edc20 Exception <a 'java/lang/ClassNotFoundException'{0x00000000ebae7938}: io/spring/gradle/dependencymanagement/internal/dsl/StandardImportsHandlerCustomizer> (0x00000000ebae7938) 
thrown [s\open\src\hotspot\share\classfile\systemDictionary.cpp, line 312]
Event: 124.335 Thread 0x0000017e4c6edc20 Exception <a 'java/lang/ClassNotFoundException'{0x00000000eb812e38}: build_c2n6fb0y7flr56jis8r1fw7aeBeanInfo> (0x00000000eb812e38) 
thrown [s\open\src\hotspot\share\classfile\systemDictionary.cpp, line 312]
Event: 124.336 Thread 0x0000017e4c6edc20 Exception <a 'java/lang/ClassNotFoundException'{0x00000000eb819380}: build_c2n6fb0y7flr56jis8r1fw7aeCustomizer> (0x00000000eb819380) 
thrown [s\open\src\hotspot\share\classfile\systemDictionary.cpp, line 312]
Event: 124.810 Thread 0x0000017e4c6edc20 Exception <a 'java/lang/ClassNotFoundException'{0x00000000eb871520}: org/gradle/api/plugins/internal/DefaultJavaPluginExtension_DecoratedBeanInfo> (0x00000000eb871520) 
thrown [s\open\src\hotspot\share\classfile\systemDictionary.cpp, line 312]
Event: 124.893 Thread 0x0000017e4c6edc20 Exception <a 'java/lang/ClassNotFoundException'{0x00000000eb8863b0}: org/gradle/api/plugins/internal/DefaultJavaPluginExtensionBeanInfo> (0x00000000eb8863b0) 
thrown [s\open\src\hotspot\share\classfile\systemDictionary.cpp, line 312]
Event: 124.904 Thread 0x0000017e4c6edc20 Exception <a 'java/lang/ClassNotFoundException'{0x00000000eb89afe8}: org/gradle/api/plugins/internal/DefaultJavaPluginExtensionCustomizer> (0x00000000eb89afe8) 
thrown [s\open\src\hotspot\share\classfile\systemDictionary.cpp, line 312]
Event: 124.946 Thread 0x0000017e4c6edc20 Exception <a 'java/lang/ClassNotFoundException'{0x00000000eb8d07c8}: org/gradle/api/plugins/internal/DefaultJavaPluginExtension_DecoratedCustomizer> (0x00000000eb8d07c8) 
thrown [s\open\src\hotspot\share\classfile\systemDictionary.cpp, line 312]
Event: 125.098 Thread 0x0000017e4c6edc20 Exception <a 'java/lang/ClassNotFoundException'{0x00000000eff375c0}: org/gradle/api/internal/plugins/NaggingBasePluginConventionBeanInfo> (0x00000000eff375c0) 
thrown [s\open\src\hotspot\share\classfile\systemDictionary.cpp, line 312]
Event: 125.100 Thread 0x0000017e4c6edc20 Exception <a 'java/lang/ClassNotFoundException'{0x00000000eff49968}: org/gradle/api/plugins/BasePluginConventionBeanInfo> (0x00000000eff49968) 
thrown [s\open\src\hotspot\share\classfile\systemDictionary.cpp, line 312]
Event: 125.101 Thread 0x0000017e4c6edc20 Exception <a 'java/lang/ClassNotFoundException'{0x00000000eff5bce0}: org/gradle/api/plugins/BasePluginConventionCustomizer> (0x00000000eff5bce0) 
thrown [s\open\src\hotspot\share\classfile\systemDictionary.cpp, line 312]
Event: 125.104 Thread 0x0000017e4c6edc20 Exception <a 'java/lang/ClassNotFoundException'{0x00000000eff7a2e0}: org/gradle/api/internal/plugins/NaggingBasePluginConventionCustomizer> (0x00000000eff7a2e0) 
thrown [s\open\src\hotspot\share\classfile\systemDictionary.cpp, line 312]
Event: 125.112 Thread 0x0000017e4c6edc20 Exception <a 'java/lang/ClassNotFoundException'{0x00000000efe4b1c8}: org/gradle/api/plugins/internal/NaggingJavaPluginConventionBeanInfo> (0x00000000efe4b1c8) 
thrown [s\open\src\hotspot\share\classfile\systemDictionary.cpp, line 312]
Event: 125.113 Thread 0x0000017e4c6edc20 Exception <a 'java/lang/ClassNotFoundException'{0x00000000efe5d570}: org/gradle/api/plugins/JavaPluginConventionBeanInfo> (0x00000000efe5d570) 
thrown [s\open\src\hotspot\share\classfile\systemDictionary.cpp, line 312]
Event: 125.115 Thread 0x0000017e4c6edc20 Exception <a 'java/lang/ClassNotFoundException'{0x00000000efe704f8}: org/gradle/api/plugins/JavaPluginConventionCustomizer> (0x00000000efe704f8) 
thrown [s\open\src\hotspot\share\classfile\systemDictionary.cpp, line 312]
Event: 125.119 Thread 0x0000017e4c6edc20 Exception <a 'java/lang/ClassNotFoundException'{0x00000000efe98850}: org/gradle/api/plugins/internal/NaggingJavaPluginConventionCustomizer> (0x00000000efe98850) 
thrown [s\open\src\hotspot\share\classfile\systemDictionary.cpp, line 312]
Event: 125.588 Thread 0x0000017e4c6edc20 Exception <a 'java/lang/NoSuchMethodError'{0x00000000efcffbf8}: 'java.lang.Object java.lang.invoke.DirectMethodHandle$Holder.newInvokeSpecial(java.lang.Object, java.lang.Object, int)'> (0x00000000efcffbf8) 
thrown [s\open\src\hotspot\share\interpreter\linkResolver.cpp, line 773]

ZGC Phase Switch (0 events):
No events

VM Operations (20 events):
Event: 117.849 Executing VM operation: Cleanup
Event: 117.912 Executing VM operation: Cleanup done
Event: 118.925 Executing VM operation: Cleanup
Event: 118.973 Executing VM operation: Cleanup done
Event: 119.976 Executing VM operation: Cleanup
Event: 119.976 Executing VM operation: Cleanup done
Event: 120.598 Executing VM operation: HandshakeAllThreads (HandshakeForDeflation)
Event: 120.598 Executing VM operation: HandshakeAllThreads (HandshakeForDeflation) done
Event: 120.599 Executing VM operation: RendezvousGCThreads
Event: 120.599 Executing VM operation: RendezvousGCThreads done
Event: 121.604 Executing VM operation: Cleanup
Event: 121.690 Executing VM operation: Cleanup done
Event: 122.702 Executing VM operation: Cleanup
Event: 122.890 Executing VM operation: Cleanup done
Event: 123.904 Executing VM operation: Cleanup
Event: 123.904 Executing VM operation: Cleanup done
Event: 124.905 Executing VM operation: Cleanup
Event: 124.929 Executing VM operation: Cleanup done
Event: 124.964 Executing VM operation: G1CollectForAllocation (G1 Evacuation Pause)
Event: 125.066 Executing VM operation: G1CollectForAllocation (G1 Evacuation Pause) done

Events (20 events):
Event: 53.411 Thread 0x0000017e32afafa0 flushing nmethod 0x0000017e2871a490
Event: 53.411 Thread 0x0000017e32afafa0 flushing nmethod 0x0000017e28714a90
Event: 53.411 Thread 0x0000017e32afafa0 flushing nmethod 0x0000017e28713f90
Event: 53.411 Thread 0x0000017e32afafa0 flushing nmethod 0x0000017e28713610
Event: 53.411 Thread 0x0000017e32afafa0 flushing nmethod 0x0000017e28701190
Event: 53.411 Thread 0x0000017e32afafa0 flushing nmethod 0x0000017e28700d90
Event: 53.411 Thread 0x0000017e32afafa0 flushing nmethod 0x0000017e286fde90
Event: 53.411 Thread 0x0000017e32afafa0 flushing nmethod 0x0000017e28708390
Event: 53.411 Thread 0x0000017e32afafa0 flushing nmethod 0x0000017e286f9310
Event: 58.143 Thread 0x0000017e4d7c27b0 Thread added: 0x0000017e4d7c27b0
Event: 58.282 Thread 0x0000017e4de48b40 Thread added: 0x0000017e4de48b40
Event: 79.106 Thread 0x0000017e4c6ed590 Thread exited: 0x0000017e4c6ed590
Event: 83.053 Thread 0x0000017e4de49ef0 Thread added: 0x0000017e4de49ef0
Event: 99.606 Thread 0x0000017e4de484b0 Thread added: 0x0000017e4de484b0
Event: 99.606 Thread 0x0000017e4de4a580 Thread added: 0x0000017e4de4a580
Event: 99.607 Thread 0x0000017e4de49860 Thread added: 0x0000017e4de49860
Event: 103.180 Thread 0x0000017e4de47790 Thread added: 0x0000017e4de47790
Event: 103.195 Thread 0x0000017e4de47e20 Thread added: 0x0000017e4de47e20
Event: 103.358 Thread 0x0000017e4c6ed590 Thread added: 0x0000017e4c6ed590
Event: 113.168 Thread 0x0000017e4e651f40 Thread added: 0x0000017e4e651f40


Dynamic libraries:
0x00007ff632750000 - 0x00007ff63275e000 	C:\Users\Administrator\.jdks\openjdk-21.0.2\bin\java.exe
0x00007ff916eb0000 - 0x00007ff9170a8000 	C:\Windows\SYSTEM32\ntdll.dll
0x00007ff914f30000 - 0x00007ff914fed000 	C:\Windows\System32\KERNEL32.DLL
0x00007ff914600000 - 0x00007ff9148f6000 	C:\Windows\System32\KERNELBASE.dll
0x00007ff914a90000 - 0x00007ff914b90000 	C:\Windows\System32\ucrtbase.dll
0x00007ff907ea0000 - 0x00007ff907ebb000 	C:\Users\Administrator\.jdks\openjdk-21.0.2\bin\VCRUNTIME140.dll
0x00007ff907380000 - 0x00007ff907398000 	C:\Users\Administrator\.jdks\openjdk-21.0.2\bin\jli.dll
0x00007ff915a50000 - 0x00007ff915bee000 	C:\Windows\System32\USER32.dll
0x00007ff914be0000 - 0x00007ff914c02000 	C:\Windows\System32\win32u.dll
0x00007ff915610000 - 0x00007ff91563b000 	C:\Windows\System32\GDI32.dll
0x00007ff914970000 - 0x00007ff914a87000 	C:\Windows\System32\gdi32full.dll
0x00007ff914c10000 - 0x00007ff914cad000 	C:\Windows\System32\msvcp_win.dll
0x00007ff903620000 - 0x00007ff9038ba000 	C:\Windows\WinSxS\amd64_microsoft.windows.common-controls_6595b64144ccf1df_6.0.19041.3636_none_60b6a03d71f818d5\COMCTL32.dll
0x00007ff916dd0000 - 0x00007ff916e6e000 	C:\Windows\System32\msvcrt.dll
0x00007ff914ef0000 - 0x00007ff914f22000 	C:\Windows\System32\IMM32.DLL
0x00007ff911a10000 - 0x00007ff911a1c000 	C:\Users\Administrator\.jdks\openjdk-21.0.2\bin\vcruntime140_1.dll
0x00007ff8f9100000 - 0x00007ff8f918e000 	C:\Users\Administrator\.jdks\openjdk-21.0.2\bin\msvcp140.dll
0x00007ff8df2d0000 - 0x00007ff8dffe7000 	C:\Users\Administrator\.jdks\openjdk-21.0.2\bin\server\jvm.dll
0x00007ff915460000 - 0x00007ff915513000 	C:\Windows\System32\ADVAPI32.dll
0x00007ff9159a0000 - 0x00007ff915a3f000 	C:\Windows\System32\sechost.dll
0x00007ff916740000 - 0x00007ff916866000 	C:\Windows\System32\RPCRT4.dll
0x00007ff914e10000 - 0x00007ff914e37000 	C:\Windows\System32\bcrypt.dll
0x00007ff9155a0000 - 0x00007ff91560b000 	C:\Windows\System32\WS2_32.dll
0x00007ff913b10000 - 0x00007ff913b5b000 	C:\Windows\SYSTEM32\POWRPROF.dll
0x00007ff8ffd00000 - 0x00007ff8ffd27000 	C:\Windows\SYSTEM32\WINMM.dll
0x00007ff9003f0000 - 0x00007ff9003fa000 	C:\Windows\SYSTEM32\VERSION.dll
0x00007ff913980000 - 0x00007ff913992000 	C:\Windows\SYSTEM32\UMPDC.dll
0x00007ff912600000 - 0x00007ff912612000 	C:\Windows\SYSTEM32\kernel.appcore.dll
0x00007ff90fea0000 - 0x00007ff90feaa000 	C:\Users\Administrator\.jdks\openjdk-21.0.2\bin\jimage.dll
0x00007ff8ff030000 - 0x00007ff8ff214000 	C:\Windows\SYSTEM32\DBGHELP.DLL
0x00007ff900550000 - 0x00007ff900584000 	C:\Windows\SYSTEM32\dbgcore.DLL
0x00007ff914570000 - 0x00007ff9145f2000 	C:\Windows\System32\bcryptPrimitives.dll
0x00007ff90fe80000 - 0x00007ff90fe8f000 	C:\Users\Administrator\.jdks\openjdk-21.0.2\bin\instrument.dll
0x00007ff907260000 - 0x00007ff90727f000 	C:\Users\Administrator\.jdks\openjdk-21.0.2\bin\java.dll
0x00007ff915cd0000 - 0x00007ff916415000 	C:\Windows\System32\SHELL32.dll
0x00007ff912620000 - 0x00007ff912dbc000 	C:\Windows\SYSTEM32\windows.storage.dll
0x00007ff915640000 - 0x00007ff915994000 	C:\Windows\System32\combase.dll
0x00007ff913fa0000 - 0x00007ff913fce000 	C:\Windows\SYSTEM32\Wldp.dll
0x00007ff916d00000 - 0x00007ff916dcd000 	C:\Windows\System32\OLEAUT32.dll
0x00007ff916420000 - 0x00007ff9164cd000 	C:\Windows\System32\SHCORE.dll
0x00007ff9169b0000 - 0x00007ff916a05000 	C:\Windows\System32\shlwapi.dll
0x00007ff9144a0000 - 0x00007ff9144c5000 	C:\Windows\SYSTEM32\profapi.dll
0x00007ff8ef4d0000 - 0x00007ff8ef5a7000 	C:\Users\Administrator\.jdks\openjdk-21.0.2\bin\jsvml.dll
0x00007ff904370000 - 0x00007ff904388000 	C:\Users\Administrator\.jdks\openjdk-21.0.2\bin\zip.dll
0x00007ff90fe10000 - 0x00007ff90fe20000 	C:\Users\Administrator\.jdks\openjdk-21.0.2\bin\net.dll
0x00007ff9096e0000 - 0x00007ff9097ea000 	C:\Windows\SYSTEM32\WINHTTP.dll
0x00007ff913d00000 - 0x00007ff913d6a000 	C:\Windows\system32\mswsock.dll
0x00007ff904280000 - 0x00007ff904296000 	C:\Users\Administrator\.jdks\openjdk-21.0.2\bin\nio.dll
0x00007ff90fde0000 - 0x00007ff90fdf0000 	C:\Users\Administrator\.jdks\openjdk-21.0.2\bin\verify.dll
0x00007ff901f40000 - 0x00007ff901f67000 	C:\Users\Administrator\.gradle\native\c067742578af261105cb4f569cf0c3c89f3d7b1fecec35dd04571415982c5e48\windows-amd64\native-platform.dll
0x00007ff8eda40000 - 0x00007ff8edb84000 	C:\Users\Administrator\.gradle\native\38dada09dfb8b06ba9b0570ebf7e218e3eb74d4ef43ca46872605cf95ebc2f47\windows-amd64\native-platform-file-events.dll
0x00007ff90e510000 - 0x00007ff90e51a000 	C:\Users\Administrator\.jdks\openjdk-21.0.2\bin\management.dll
0x00007ff907e80000 - 0x00007ff907e8b000 	C:\Users\Administrator\.jdks\openjdk-21.0.2\bin\management_ext.dll
0x00007ff915a40000 - 0x00007ff915a48000 	C:\Windows\System32\PSAPI.DLL
0x00007ff913ef0000 - 0x00007ff913f08000 	C:\Windows\SYSTEM32\CRYPTSP.dll
0x00007ff9135c0000 - 0x00007ff9135f4000 	C:\Windows\system32\rsaenh.dll
0x00007ff914420000 - 0x00007ff91444e000 	C:\Windows\SYSTEM32\USERENV.dll
0x00007ff913f10000 - 0x00007ff913f1c000 	C:\Windows\SYSTEM32\CRYPTBASE.dll
0x00007ff9139a0000 - 0x00007ff9139db000 	C:\Windows\SYSTEM32\IPHLPAPI.DLL
0x00007ff916870000 - 0x00007ff916878000 	C:\Windows\System32\NSI.dll
0x00007ff907ac0000 - 0x00007ff907ac9000 	C:\Users\Administrator\.jdks\openjdk-21.0.2\bin\extnet.dll
0x00007ff907250000 - 0x00007ff90725e000 	C:\Users\Administrator\.jdks\openjdk-21.0.2\bin\sunmscapi.dll
0x00007ff914cb0000 - 0x00007ff914e0d000 	C:\Windows\System32\CRYPT32.dll
0x00007ff914010000 - 0x00007ff914038000 	C:\Windows\SYSTEM32\ncrypt.dll
0x00007ff913fd0000 - 0x00007ff91400b000 	C:\Windows\SYSTEM32\NTASN1.dll
0x00007ff901c30000 - 0x00007ff901c37000 	C:\Windows\system32\wshunix.dll

dbghelp: loaded successfully - version: 4.0.5 - missing functions: none
symbol engine: initialized successfully - sym options: 0x614 - pdb path: .;C:\Users\Administrator\.jdks\openjdk-21.0.2\bin;C:\Windows\SYSTEM32;C:\Windows\WinSxS\amd64_microsoft.windows.common-controls_6595b64144ccf1df_6.0.19041.3636_none_60b6a03d71f818d5;C:\Users\Administrator\.jdks\openjdk-21.0.2\bin\server;C:\Users\Administrator\.gradle\native\c067742578af261105cb4f569cf0c3c89f3d7b1fecec35dd04571415982c5e48\windows-amd64;C:\Users\Administrator\.gradle\native\38dada09dfb8b06ba9b0570ebf7e218e3eb74d4ef43ca46872605cf95ebc2f47\windows-amd64

VM Arguments:
jvm_args: --add-opens=java.base/java.util=ALL-UNNAMED --add-opens=java.base/java.lang=ALL-UNNAMED --add-opens=java.base/java.lang.invoke=ALL-UNNAMED --add-opens=java.prefs/java.util.prefs=ALL-UNNAMED --add-opens=java.base/java.nio.charset=ALL-UNNAMED --add-opens=java.base/java.net=ALL-UNNAMED --add-opens=java.base/java.util.concurrent.atomic=ALL-UNNAMED -XX:MaxMetaspaceSize=384m -XX:+HeapDumpOnOutOfMemoryError -Xms256m -Xmx512m -Dfile.encoding=x-windows-949 -Duser.country=KR -Duser.language=ko -Duser.variant -javaagent:C:\Users\Administrator\.gradle\wrapper\dists\gradle-8.7-bin\bhs2wmbdwecv87pi65oeuq5iu\gradle-8.7\lib\agents\gradle-instrumentation-agent-8.7.jar 
java_command: org.gradle.launcher.daemon.bootstrap.GradleDaemon 8.7
java_class_path (initial): C:\Users\Administrator\.gradle\wrapper\dists\gradle-8.7-bin\bhs2wmbdwecv87pi65oeuq5iu\gradle-8.7\lib\gradle-launcher-8.7.jar
Launcher Type: SUN_STANDARD

[Global flags]
     intx CICompilerCount                          = 3                                         {product} {ergonomic}
   size_t CompressedClassSpaceSize                 = 335544320                                 {product} {ergonomic}
     uint ConcGCThreads                            = 1                                         {product} {ergonomic}
     uint G1ConcRefinementThreads                  = 4                                         {product} {ergonomic}
   size_t G1HeapRegionSize                         = 1048576                                   {product} {ergonomic}
    uintx GCDrainStackTargetSize                   = 64                                        {product} {ergonomic}
     bool HeapDumpOnOutOfMemoryError               = true                                   {manageable} {command line}
   size_t InitialHeapSize                          = 268435456                                 {product} {command line}
   size_t MarkStackSize                            = 4194304                                   {product} {ergonomic}
   size_t MaxHeapSize                              = 536870912                                 {product} {command line}
   size_t MaxMetaspaceSize                         = 402653184                                 {product} {command line}
   size_t MaxNewSize                               = 321912832                                 {product} {ergonomic}
   size_t MinHeapDeltaBytes                        = 1048576                                   {product} {ergonomic}
   size_t MinHeapSize                              = 268435456                                 {product} {command line}
    uintx NonNMethodCodeHeapSize                   = 5832780                                {pd product} {ergonomic}
    uintx NonProfiledCodeHeapSize                  = 122912730                              {pd product} {ergonomic}
    uintx ProfiledCodeHeapSize                     = 122912730                              {pd product} {ergonomic}
    uintx ReservedCodeCacheSize                    = 251658240                              {pd product} {ergonomic}
     bool SegmentedCodeCache                       = true                                      {product} {ergonomic}
   size_t SoftMaxHeapSize                          = 536870912                              {manageable} {ergonomic}
     bool UseCompressedOops                        = true                           {product lp64_product} {ergonomic}
     bool UseG1GC                                  = true                                      {product} {ergonomic}
     bool UseLargePagesIndividualAllocation        = false                                  {pd product} {ergonomic}

Logging:
Log output configuration:
 #0: stdout all=warning uptime,level,tags foldmultilines=false
 #1: stderr all=off uptime,level,tags foldmultilines=false

Environment Variables:
PATH=C:\Users\Administrator\.jdks\corretto-17.0.9\bin;C:\Program Files (x86)\Intel\iCLS Client\;C:\Program Files\Intel\iCLS Client\;C:\Windows\system32;C:\Windows;C:\Windows\System32\Wbem;C:\Windows\System32\WindowsPowerShell\v1.0\;C:\Windows\System32\OpenSSH\;C:\Program Files\Git\cmd;C:\Program Files\XVision\Sense Reader;C:\Program Files\MySQL\MySQL Server 8.0\bin;C:\dev\flutter\bin;C:\Users\Administrator\AppData\Local\Microsoft\WindowsApps
USERNAME=Administrator
OS=Windows_NT
PROCESSOR_IDENTIFIER=Intel64 Family 6 Model 69 Stepping 1, GenuineIntel
TMP=C:\Users\ADMINI~1\AppData\Local\Temp
TEMP=C:\Users\ADMINI~1\AppData\Local\Temp




Periodic native trim disabled

---------------  S Y S T E M  ---------------

OS:
 Windows 10 , 64 bit Build 19041 (10.0.19041.3636)
OS uptime: 0 days 6:47 hours

CPU: total 4 (initial active 4) (2 cores per cpu, 2 threads per core) family 6 model 69 stepping 1 microcode 0x25, cx8, cmov, fxsr, ht, mmx, sse, sse2, sse3, ssse3, sse4.1, sse4.2, popcnt, lzcnt, tsc, tscinvbit, avx, avx2, aes, erms, clmul, bmi1, bmi2, fma, vzeroupper, clflush, rdtscp, f16c
Processor Information for all 4 processors :
  Max Mhz: 2001, Current Mhz: 2001, Mhz Limit: 2001

Memory: 4k page, system-wide physical 4036M (48M free)
TotalPageFile size 16324M (AvailPageFile size 11M)
current process WorkingSet (physical memory assigned to process): 200M, peak: 229M
current process commit charge ("private bytes"): 462M, peak: 463M

vm_info: OpenJDK 64-Bit Server VM (21.0.2+13-58) for windows-amd64 JRE (21.0.2+13-58), built on 2024-01-05T18:32:24Z by "mach5one" with MS VC++ 17.1 (VS2022)

END.
