#
# There is insufficient memory for the Java Runtime Environment to continue.
# Native memory allocation (malloc) failed to allocate 648976 bytes for Chunk::new
# Possible reasons:
#   The system is out of physical RAM or swap space
#   The process is running with CompressedOops enabled, and the Java Heap may be blocking the growth of the native heap
# Possible solutions:
#   Reduce memory load on the system
#   Increase physical memory or swap space
#   Check if swap backing store is full
#   Decrease Java heap size (-Xmx/-Xms)
#   Decrease number of Java threads
#   Decrease Java thread stack sizes (-Xss)
#   Set larger code cache with -XX:ReservedCodeCacheSize=
#   JVM is running with Unscaled Compressed Oops mode in which the Java heap is
#     placed in the first 4GB address space. The Java Heap base address is the
#     maximum limit for the native heap growth. Please use -XX:HeapBaseMinAddress
#     to set the Java Heap base and to place the Java Heap above 4GB virtual address.
# This output file may be truncated or incomplete.
#
#  Out of Memory Error (arena.cpp:168), pid=8068, tid=6400
#
# JRE version: OpenJDK Runtime Environment (21.0.2+13) (build 21.0.2+13-58)
# Java VM: OpenJDK 64-Bit Server VM (21.0.2+13-58, mixed mode, sharing, tiered, compressed oops, compressed class ptrs, g1 gc, windows-amd64)
# No core dump will be written. Minidumps are not enabled by default on client versions of Windows
#

---------------  S U M M A R Y ------------

Command Line: -Dfile.encoding=x-windows-949 -Duser.country=KR -Duser.language=ko -Duser.variant com.example.todaysbook.TodaysbookApplication

Host: Intel(R) Core(TM) i5-4260U CPU @ 1.40GHz, 4 cores, 3G,  Windows 10 , 64 bit Build 19041 (10.0.19041.3636)
Time: Tue May 14 15:00:24 2024  Windows 10 , 64 bit Build 19041 (10.0.19041.3636) elapsed time: 40.914295 seconds (0d 0h 0m 40s)

---------------  T H R E A D  ---------------

Current thread (0x00000256cc30bfb0):  JavaThread "C2 CompilerThread0" daemon [_thread_in_native, id=6400, stack(0x0000007948b00000,0x0000007948c00000) (1024K)]


Current CompileTask:
C2:  40914 3085   !   4       jdk.internal.loader.BuiltinClassLoader::loadClassOrNull (143 bytes)

Stack: [0x0000007948b00000,0x0000007948c00000]
Native frames: (J=compiled Java code, j=interpreted, Vv=VM code, C=native code)
V  [jvm.dll+0x6cade9]
V  [jvm.dll+0x8569c1]
V  [jvm.dll+0x858d2e]
V  [jvm.dll+0x859413]
V  [jvm.dll+0x280e56]
V  [jvm.dll+0xc3f3d]
V  [jvm.dll+0xc4473]
V  [jvm.dll+0x2f437f]
V  [jvm.dll+0x5f5056]
V  [jvm.dll+0x252d7f]
V  [jvm.dll+0x24b589]
V  [jvm.dll+0x2490a3]
V  [jvm.dll+0x1c9634]
V  [jvm.dll+0x258859]
V  [jvm.dll+0x256e3a]
V  [jvm.dll+0x3ef6c6]
V  [jvm.dll+0x7ff568]
V  [jvm.dll+0x6c953d]
C  [ucrtbase.dll+0x21bb2]
C  [KERNEL32.DLL+0x17344]
C  [ntdll.dll+0x526b1]


---------------  P R O C E S S  ---------------

Threads class SMR info:
_java_thread_list=0x0000025712d17110, length=13, elements={
0x00000256b1674b90, 0x00000256cc3047c0, 0x00000256cc306590, 0x00000256cc3071f0,
0x00000256cc309d60, 0x00000256cc30a7c0, 0x00000256cc30b220, 0x00000256cc30bfb0,
0x00000256cc3100f0, 0x00000256cc551a60, 0x00000256cc552290, 0x000002571265ca30,
0x000002571215f850
}

Java Threads: ( => current thread )
  0x00000256b1674b90 JavaThread "main"                              [_thread_blocked, id=15264, stack(0x0000007947d00000,0x0000007947e00000) (1024K)]
  0x00000256cc3047c0 JavaThread "Reference Handler"          daemon [_thread_blocked, id=4240, stack(0x0000007948500000,0x0000007948600000) (1024K)]
  0x00000256cc306590 JavaThread "Finalizer"                  daemon [_thread_blocked, id=15284, stack(0x0000007948600000,0x0000007948700000) (1024K)]
  0x00000256cc3071f0 JavaThread "Signal Dispatcher"          daemon [_thread_blocked, id=9736, stack(0x0000007948700000,0x0000007948800000) (1024K)]
  0x00000256cc309d60 JavaThread "Attach Listener"            daemon [_thread_blocked, id=5688, stack(0x0000007948800000,0x0000007948900000) (1024K)]
  0x00000256cc30a7c0 JavaThread "Service Thread"             daemon [_thread_blocked, id=2240, stack(0x0000007948900000,0x0000007948a00000) (1024K)]
  0x00000256cc30b220 JavaThread "Monitor Deflation Thread"   daemon [_thread_blocked, id=13124, stack(0x0000007948a00000,0x0000007948b00000) (1024K)]
=>0x00000256cc30bfb0 JavaThread "C2 CompilerThread0"         daemon [_thread_in_native, id=6400, stack(0x0000007948b00000,0x0000007948c00000) (1024K)]
  0x00000256cc3100f0 JavaThread "C1 CompilerThread0"         daemon [_thread_blocked, id=4836, stack(0x0000007948c00000,0x0000007948d00000) (1024K)]
  0x00000256cc551a60 JavaThread "Notification Thread"        daemon [_thread_blocked, id=15380, stack(0x0000007948d00000,0x0000007948e00000) (1024K)]
  0x00000256cc552290 JavaThread "Common-Cleaner"             daemon [_thread_blocked, id=15384, stack(0x0000007948e00000,0x0000007948f00000) (1024K)]
  0x000002571265ca30 JavaThread "Thread-0"                          [_thread_blocked, id=15560, stack(0x0000007949200000,0x0000007949300000) (1024K)]
  0x000002571215f850 JavaThread "restartedMain"                     [_thread_in_vm, id=15564, stack(0x0000007949300000,0x0000007949400000) (1024K)]
Total: 13

Other Threads:
  0x00000256cc2df6a0 VMThread "VM Thread"                           [id=10120, stack(0x0000007948400000,0x0000007948500000) (1024K)]
  0x00000256cc2cd3f0 WatcherThread "VM Periodic Task Thread"        [id=13000, stack(0x0000007948300000,0x0000007948400000) (1024K)]
  0x00000256b16acd10 WorkerThread "GC Thread#0"                     [id=1056, stack(0x0000007947e00000,0x0000007947f00000) (1024K)]
  0x00000256ccb7b510 WorkerThread "GC Thread#1"                     [id=15496, stack(0x0000007948f00000,0x0000007949000000) (1024K)]
  0x00000256ccce98f0 WorkerThread "GC Thread#2"                     [id=15512, stack(0x0000007949000000,0x0000007949100000) (1024K)]
  0x00000257121f3650 WorkerThread "GC Thread#3"                     [id=15548, stack(0x0000007949100000,0x0000007949200000) (1024K)]
  0x00000256b16b6340 ConcurrentGCThread "G1 Main Marker"            [id=3584, stack(0x0000007947f00000,0x0000007948000000) (1024K)]
  0x00000256b16b6ff0 WorkerThread "G1 Conc#0"                       [id=9500, stack(0x0000007948000000,0x0000007948100000) (1024K)]
  0x00000256b170be00 ConcurrentGCThread "G1 Refine#0"               [id=7844, stack(0x0000007948100000,0x0000007948200000) (1024K)]
  0x00000256b170d980 ConcurrentGCThread "G1 Service"                [id=6804, stack(0x0000007948200000,0x0000007948300000) (1024K)]
Total: 10

Threads with active compile tasks:
C2 CompilerThread0    40951 3085   !   4       jdk.internal.loader.BuiltinClassLoader::loadClassOrNull (143 bytes)
Total: 1

VM state: not at safepoint (normal execution)

VM Mutex/Monitor currently owned by a thread: None

Heap address: 0x00000000c0e00000, size: 1010 MB, Compressed Oops mode: 32-bit

CDS archive(s) mapped at: [0x00000256cd000000-0x00000256cdc90000-0x00000256cdc90000), size 13172736, SharedBaseAddress: 0x00000256cd000000, ArchiveRelocationMode: 1.
Compressed class space mapped at: 0x00000256ce000000-0x000002570e000000, reserved size: 1073741824
Narrow klass base: 0x00000256cd000000, Narrow klass shift: 0, Narrow klass range: 0x100000000

GC Precious Log:
 CardTable entry size: 512
 Card Set container configuration: InlinePtr #cards 5 size 8 Array Of Cards #cards 12 size 40 Howl #buckets 4 coarsen threshold 1843 Howl Bitmap #cards 512 size 80 coarsen threshold 460 Card regions per heap region 1 cards per card region 2048
 CPUs: 4 total, 4 available
 Memory: 4036M
 Large Page Support: Disabled
 NUMA Support: Disabled
 Compressed Oops: Enabled (32-bit)
 Heap Region Size: 1M
 Heap Min Capacity: 8M
 Heap Initial Capacity: 64M
 Heap Max Capacity: 1010M
 Pre-touch: Disabled
 Parallel Workers: 4
 Concurrent Workers: 1
 Concurrent Refinement Workers: 4
 Periodic GC: Disabled

Heap:
 garbage-first heap   total 65536K, used 22123K [0x00000000c0e00000, 0x0000000100000000)
  region size 1024K, 8 young (8192K), 5 survivors (5120K)
 Metaspace       used 20237K, committed 20480K, reserved 1114112K
  class space    used 2394K, committed 2496K, reserved 1048576K

Heap Regions: E=young(eden), S=young(survivor), O=old, HS=humongous(starts), HC=humongous(continues), CS=collection set, F=free, TAMS=top-at-mark-start, PB=parsable bottom
|   0|0x00000000c0e00000, 0x00000000c0f00000, 0x00000000c0f00000|100%|HS|  |TAMS 0x00000000c0e00000| PB 0x00000000c0e00000| Complete 
|   1|0x00000000c0f00000, 0x00000000c1000000, 0x00000000c1000000|100%|HS|  |TAMS 0x00000000c0f00000| PB 0x00000000c0f00000| Complete 
|   2|0x00000000c1000000, 0x00000000c1100000, 0x00000000c1100000|100%|HC|  |TAMS 0x00000000c1000000| PB 0x00000000c1000000| Complete 
|   3|0x00000000c1100000, 0x00000000c1200000, 0x00000000c1200000|100%| O|  |TAMS 0x00000000c1100000| PB 0x00000000c1100000| Untracked 
|   4|0x00000000c1200000, 0x00000000c1300000, 0x00000000c1300000|100%| O|  |TAMS 0x00000000c1200000| PB 0x00000000c1200000| Untracked 
|   5|0x00000000c1300000, 0x00000000c1400000, 0x00000000c1400000|100%| O|  |TAMS 0x00000000c1300000| PB 0x00000000c1300000| Untracked 
|   6|0x00000000c1400000, 0x00000000c1500000, 0x00000000c1500000|100%| O|  |TAMS 0x00000000c1400000| PB 0x00000000c1400000| Untracked 
|   7|0x00000000c1500000, 0x00000000c1600000, 0x00000000c1600000|100%| O|  |TAMS 0x00000000c1500000| PB 0x00000000c1500000| Untracked 
|   8|0x00000000c1600000, 0x00000000c1700000, 0x00000000c1700000|100%| O|  |TAMS 0x00000000c1600000| PB 0x00000000c1600000| Untracked 
|   9|0x00000000c1700000, 0x00000000c1800000, 0x00000000c1800000|100%| O|  |TAMS 0x00000000c1700000| PB 0x00000000c1700000| Untracked 
|  10|0x00000000c1800000, 0x00000000c1900000, 0x00000000c1900000|100%| O|  |TAMS 0x00000000c1800000| PB 0x00000000c1800000| Untracked 
|  11|0x00000000c1900000, 0x00000000c1a00000, 0x00000000c1a00000|100%| O|  |TAMS 0x00000000c1900000| PB 0x00000000c1900000| Untracked 
|  12|0x00000000c1a00000, 0x00000000c1b00000, 0x00000000c1b00000|100%| O|  |TAMS 0x00000000c1a00000| PB 0x00000000c1a00000| Untracked 
|  13|0x00000000c1b00000, 0x00000000c1c00000, 0x00000000c1c00000|100%| O|  |TAMS 0x00000000c1b00000| PB 0x00000000c1b00000| Untracked 
|  14|0x00000000c1c00000, 0x00000000c1c9af50, 0x00000000c1d00000| 60%| O|  |TAMS 0x00000000c1c00000| PB 0x00000000c1c00000| Untracked 
|  15|0x00000000c1d00000, 0x00000000c1d00000, 0x00000000c1e00000|  0%| F|  |TAMS 0x00000000c1d00000| PB 0x00000000c1d00000| Untracked 
|  16|0x00000000c1e00000, 0x00000000c1e00000, 0x00000000c1f00000|  0%| F|  |TAMS 0x00000000c1e00000| PB 0x00000000c1e00000| Untracked 
|  17|0x00000000c1f00000, 0x00000000c1f00000, 0x00000000c2000000|  0%| F|  |TAMS 0x00000000c1f00000| PB 0x00000000c1f00000| Untracked 
|  18|0x00000000c2000000, 0x00000000c2000000, 0x00000000c2100000|  0%| F|  |TAMS 0x00000000c2000000| PB 0x00000000c2000000| Untracked 
|  19|0x00000000c2100000, 0x00000000c2100000, 0x00000000c2200000|  0%| F|  |TAMS 0x00000000c2100000| PB 0x00000000c2100000| Untracked 
|  20|0x00000000c2200000, 0x00000000c2200000, 0x00000000c2300000|  0%| F|  |TAMS 0x00000000c2200000| PB 0x00000000c2200000| Untracked 
|  21|0x00000000c2300000, 0x00000000c2300000, 0x00000000c2400000|  0%| F|  |TAMS 0x00000000c2300000| PB 0x00000000c2300000| Untracked 
|  22|0x00000000c2400000, 0x00000000c2400000, 0x00000000c2500000|  0%| F|  |TAMS 0x00000000c2400000| PB 0x00000000c2400000| Untracked 
|  23|0x00000000c2500000, 0x00000000c2500000, 0x00000000c2600000|  0%| F|  |TAMS 0x00000000c2500000| PB 0x00000000c2500000| Untracked 
|  24|0x00000000c2600000, 0x00000000c2600000, 0x00000000c2700000|  0%| F|  |TAMS 0x00000000c2600000| PB 0x00000000c2600000| Untracked 
|  25|0x00000000c2700000, 0x00000000c2800000, 0x00000000c2800000|100%| S|CS|TAMS 0x00000000c2700000| PB 0x00000000c2700000| Complete 
|  26|0x00000000c2800000, 0x00000000c2900000, 0x00000000c2900000|100%| S|CS|TAMS 0x00000000c2800000| PB 0x00000000c2800000| Complete 
|  27|0x00000000c2900000, 0x00000000c2a00000, 0x00000000c2a00000|100%| S|CS|TAMS 0x00000000c2900000| PB 0x00000000c2900000| Complete 
|  28|0x00000000c2a00000, 0x00000000c2a00000, 0x00000000c2b00000|  0%| F|  |TAMS 0x00000000c2a00000| PB 0x00000000c2a00000| Untracked 
|  29|0x00000000c2b00000, 0x00000000c2b00000, 0x00000000c2c00000|  0%| F|  |TAMS 0x00000000c2b00000| PB 0x00000000c2b00000| Untracked 
|  30|0x00000000c2c00000, 0x00000000c2c00000, 0x00000000c2d00000|  0%| F|  |TAMS 0x00000000c2c00000| PB 0x00000000c2c00000| Untracked 
|  31|0x00000000c2d00000, 0x00000000c2d00000, 0x00000000c2e00000|  0%| F|  |TAMS 0x00000000c2d00000| PB 0x00000000c2d00000| Untracked 
|  32|0x00000000c2e00000, 0x00000000c2f00000, 0x00000000c2f00000|100%| S|CS|TAMS 0x00000000c2e00000| PB 0x00000000c2e00000| Complete 
|  33|0x00000000c2f00000, 0x00000000c3000000, 0x00000000c3000000|100%| S|CS|TAMS 0x00000000c2f00000| PB 0x00000000c2f00000| Complete 
|  34|0x00000000c3000000, 0x00000000c3000000, 0x00000000c3100000|  0%| F|  |TAMS 0x00000000c3000000| PB 0x00000000c3000000| Untracked 
|  35|0x00000000c3100000, 0x00000000c3100000, 0x00000000c3200000|  0%| F|  |TAMS 0x00000000c3100000| PB 0x00000000c3100000| Untracked 
|  36|0x00000000c3200000, 0x00000000c3200000, 0x00000000c3300000|  0%| F|  |TAMS 0x00000000c3200000| PB 0x00000000c3200000| Untracked 
|  37|0x00000000c3300000, 0x00000000c3300000, 0x00000000c3400000|  0%| F|  |TAMS 0x00000000c3300000| PB 0x00000000c3300000| Untracked 
|  38|0x00000000c3400000, 0x00000000c3400000, 0x00000000c3500000|  0%| F|  |TAMS 0x00000000c3400000| PB 0x00000000c3400000| Untracked 
|  39|0x00000000c3500000, 0x00000000c3500000, 0x00000000c3600000|  0%| F|  |TAMS 0x00000000c3500000| PB 0x00000000c3500000| Untracked 
|  40|0x00000000c3600000, 0x00000000c3600000, 0x00000000c3700000|  0%| F|  |TAMS 0x00000000c3600000| PB 0x00000000c3600000| Untracked 
|  41|0x00000000c3700000, 0x00000000c3700000, 0x00000000c3800000|  0%| F|  |TAMS 0x00000000c3700000| PB 0x00000000c3700000| Untracked 
|  42|0x00000000c3800000, 0x00000000c3800000, 0x00000000c3900000|  0%| F|  |TAMS 0x00000000c3800000| PB 0x00000000c3800000| Untracked 
|  43|0x00000000c3900000, 0x00000000c3900000, 0x00000000c3a00000|  0%| F|  |TAMS 0x00000000c3900000| PB 0x00000000c3900000| Untracked 
|  44|0x00000000c3a00000, 0x00000000c3a00000, 0x00000000c3b00000|  0%| F|  |TAMS 0x00000000c3a00000| PB 0x00000000c3a00000| Untracked 
|  45|0x00000000c3b00000, 0x00000000c3b00000, 0x00000000c3c00000|  0%| F|  |TAMS 0x00000000c3b00000| PB 0x00000000c3b00000| Untracked 
|  46|0x00000000c3c00000, 0x00000000c3c00000, 0x00000000c3d00000|  0%| F|  |TAMS 0x00000000c3c00000| PB 0x00000000c3c00000| Untracked 
|  47|0x00000000c3d00000, 0x00000000c3d00000, 0x00000000c3e00000|  0%| F|  |TAMS 0x00000000c3d00000| PB 0x00000000c3d00000| Untracked 
|  48|0x00000000c3e00000, 0x00000000c3e00000, 0x00000000c3f00000|  0%| F|  |TAMS 0x00000000c3e00000| PB 0x00000000c3e00000| Untracked 
|  49|0x00000000c3f00000, 0x00000000c3f00000, 0x00000000c4000000|  0%| F|  |TAMS 0x00000000c3f00000| PB 0x00000000c3f00000| Untracked 
|  50|0x00000000c4000000, 0x00000000c4000000, 0x00000000c4100000|  0%| F|  |TAMS 0x00000000c4000000| PB 0x00000000c4000000| Untracked 
|  51|0x00000000c4100000, 0x00000000c4100000, 0x00000000c4200000|  0%| F|  |TAMS 0x00000000c4100000| PB 0x00000000c4100000| Untracked 
|  52|0x00000000c4200000, 0x00000000c4200000, 0x00000000c4300000|  0%| F|  |TAMS 0x00000000c4200000| PB 0x00000000c4200000| Untracked 
|  53|0x00000000c4300000, 0x00000000c4300000, 0x00000000c4400000|  0%| F|  |TAMS 0x00000000c4300000| PB 0x00000000c4300000| Untracked 
|  54|0x00000000c4400000, 0x00000000c4400000, 0x00000000c4500000|  0%| F|  |TAMS 0x00000000c4400000| PB 0x00000000c4400000| Untracked 
|  55|0x00000000c4500000, 0x00000000c4500000, 0x00000000c4600000|  0%| F|  |TAMS 0x00000000c4500000| PB 0x00000000c4500000| Untracked 
|  56|0x00000000c4600000, 0x00000000c4600000, 0x00000000c4700000|  0%| F|  |TAMS 0x00000000c4600000| PB 0x00000000c4600000| Untracked 
|  57|0x00000000c4700000, 0x00000000c4700000, 0x00000000c4800000|  0%| F|  |TAMS 0x00000000c4700000| PB 0x00000000c4700000| Untracked 
|  58|0x00000000c4800000, 0x00000000c4800000, 0x00000000c4900000|  0%| F|  |TAMS 0x00000000c4800000| PB 0x00000000c4800000| Untracked 
|  59|0x00000000c4900000, 0x00000000c4900000, 0x00000000c4a00000|  0%| F|  |TAMS 0x00000000c4900000| PB 0x00000000c4900000| Untracked 
|  60|0x00000000c4a00000, 0x00000000c4a00000, 0x00000000c4b00000|  0%| F|  |TAMS 0x00000000c4a00000| PB 0x00000000c4a00000| Untracked 
|  61|0x00000000c4b00000, 0x00000000c4b58ff0, 0x00000000c4c00000| 34%| E|  |TAMS 0x00000000c4b00000| PB 0x00000000c4b00000| Complete 
|  62|0x00000000c4c00000, 0x00000000c4d00000, 0x00000000c4d00000|100%| E|CS|TAMS 0x00000000c4c00000| PB 0x00000000c4c00000| Complete 
|  63|0x00000000c4d00000, 0x00000000c4e00000, 0x00000000c4e00000|100%| E|CS|TAMS 0x00000000c4d00000| PB 0x00000000c4d00000| Complete 

Card table byte_map: [0x00000256c8cb0000,0x00000256c8eb0000] _byte_map_base: 0x00000256c86a9000

Marking Bits: (CMBitMap*) 0x00000256b16adc20
 Bits: [0x00000256c8eb0000, 0x00000256c9e78000)

Polling page: 0x00000256af610000

Metaspace:

Usage:
  Non-class:     17.43 MB used.
      Class:      2.34 MB used.
       Both:     19.76 MB used.

Virtual space:
  Non-class space:       64.00 MB reserved,      17.56 MB ( 27%) committed,  1 nodes.
      Class space:        1.00 GB reserved,       2.44 MB ( <1%) committed,  1 nodes.
             Both:        1.06 GB reserved,      20.00 MB (  2%) committed. 

Chunk freelists:
   Non-Class:  14.08 MB
       Class:  13.56 MB
        Both:  27.64 MB

MaxMetaspaceSize: unlimited
CompressedClassSpaceSize: 1.00 GB
Initial GC threshold: 21.00 MB
Current GC threshold: 21.00 MB
CDS: on
 - commit_granule_bytes: 65536.
 - commit_granule_words: 8192.
 - virtual_space_node_default_size: 8388608.
 - enlarge_chunks_in_place: 1.
 - use_allocation_guard: 0.


Internal statistics:

num_allocs_failed_limit: 0.
num_arena_births: 268.
num_arena_deaths: 0.
num_vsnodes_births: 2.
num_vsnodes_deaths: 0.
num_space_committed: 320.
num_space_uncommitted: 0.
num_chunks_returned_to_freelist: 0.
num_chunks_taken_from_freelist: 939.
num_chunk_merges: 0.
num_chunk_splits: 633.
num_chunks_enlarged: 467.
num_inconsistent_stats: 0.

CodeHeap 'non-profiled nmethods': size=120000Kb used=1434Kb max_used=1434Kb free=118565Kb
 bounds [0x00000256c1580000, 0x00000256c17f0000, 0x00000256c8ab0000]
CodeHeap 'profiled nmethods': size=120000Kb used=6217Kb max_used=6217Kb free=113782Kb
 bounds [0x00000256b9ab0000, 0x00000256ba0d0000, 0x00000256c0fe0000]
CodeHeap 'non-nmethods': size=5760Kb used=1427Kb max_used=1464Kb free=4332Kb
 bounds [0x00000256c0fe0000, 0x00000256c1250000, 0x00000256c1580000]
 total_blobs=3595 nmethods=3078 adapters=421
 compilation: enabled
              stopped_count=0, restarted_count=0
 full_count=0

Compilation events (20 events):
Event: 40.598 Thread 0x00000256cc30bfb0 nmethod 3075 0x00000256c16e4890 code [0x00000256c16e4a80, 0x00000256c16e52d0]
Event: 40.708 Thread 0x00000256cc3100f0 3076       3       java.util.stream.Collectors$$Lambda/0x00000256ce0cb5f8::accept (11 bytes)
Event: 40.708 Thread 0x00000256cc3100f0 nmethod 3076 0x00000256ba0b4b90 code [0x00000256ba0b4d40, 0x00000256ba0b5028]
Event: 40.726 Thread 0x00000256cc3100f0 3077       3       org.springframework.core.type.classreading.SimpleAnnotationMetadata::getAnnotationTypes (24 bytes)
Event: 40.727 Thread 0x00000256cc3100f0 nmethod 3077 0x00000256ba0b5110 code [0x00000256ba0b5320, 0x00000256ba0b5958]
Event: 40.754 Thread 0x00000256cc3100f0 3078       3       org.springframework.beans.factory.support.DefaultSingletonBeanRegistry::getSingleton (7 bytes)
Event: 40.754 Thread 0x00000256cc3100f0 nmethod 3078 0x00000256ba0b5b90 code [0x00000256ba0b5d40, 0x00000256ba0b5f08]
Event: 40.755 Thread 0x00000256cc3100f0 3079   !   3       org.springframework.beans.factory.support.AbstractBeanFactory::doGetBean (740 bytes)
Event: 40.763 Thread 0x00000256cc3100f0 nmethod 3079 0x00000256ba0b6010 code [0x00000256ba0b69c0, 0x00000256ba0bd1b0]
Event: 40.763 Thread 0x00000256cc3100f0 3080       3       org.springframework.beans.factory.support.AbstractAutowireCapableBeanFactory::getObjectForBeanInstance (34 bytes)
Event: 40.764 Thread 0x00000256cc3100f0 nmethod 3080 0x00000256ba0c0110 code [0x00000256ba0c0300, 0x00000256ba0c07b0]
Event: 40.764 Thread 0x00000256cc3100f0 3081       3       org.springframework.beans.factory.support.AbstractBeanFactory::getObjectForBeanInstance (164 bytes)
Event: 40.765 Thread 0x00000256cc3100f0 nmethod 3081 0x00000256ba0c0990 code [0x00000256ba0c0c80, 0x00000256ba0c20c0]
Event: 40.777 Thread 0x00000256cc30bfb0 3082       4       java.lang.AbstractStringBuilder::append (55 bytes)
Event: 40.790 Thread 0x00000256cc30bfb0 nmethod 3082 0x00000256c16e5710 code [0x00000256c16e5900, 0x00000256c16e5f80]
Event: 40.790 Thread 0x00000256cc30bfb0 3083       4       java.util.LinkedHashMap$LinkedHashIterator::<init> (47 bytes)
Event: 40.793 Thread 0x00000256cc3100f0 3084       1       java.util.zip.ZipFile$ZipFileInputStream::size (5 bytes)
Event: 40.793 Thread 0x00000256cc3100f0 nmethod 3084 0x00000256c16e6310 code [0x00000256c16e64a0, 0x00000256c16e6568]
Event: 40.794 Thread 0x00000256cc30bfb0 nmethod 3083 0x00000256c16e6610 code [0x00000256c16e67a0, 0x00000256c16e6aa8]
Event: 40.807 Thread 0x00000256cc30bfb0 3085   !   4       jdk.internal.loader.BuiltinClassLoader::loadClassOrNull (143 bytes)

GC Heap History (10 events):
Event: 8.654 GC heap before
{Heap before GC invocations=0 (full 0):
 garbage-first heap   total 65536K, used 15360K [0x00000000c0e00000, 0x0000000100000000)
  region size 1024K, 13 young (13312K), 0 survivors (0K)
 Metaspace       used 1139K, committed 1280K, reserved 1114112K
  class space    used 73K, committed 128K, reserved 1048576K
}
Event: 8.967 GC heap after
{Heap after GC invocations=1 (full 0):
 garbage-first heap   total 65536K, used 11691K [0x00000000c0e00000, 0x0000000100000000)
  region size 1024K, 2 young (2048K), 2 survivors (2048K)
 Metaspace       used 1139K, committed 1280K, reserved 1114112K
  class space    used 73K, committed 128K, reserved 1048576K
}
Event: 13.470 GC heap before
{Heap before GC invocations=1 (full 0):
 garbage-first heap   total 65536K, used 19883K [0x00000000c0e00000, 0x0000000100000000)
  region size 1024K, 10 young (10240K), 2 survivors (2048K)
 Metaspace       used 4236K, committed 4480K, reserved 1114112K
  class space    used 461K, committed 576K, reserved 1048576K
}
Event: 13.476 GC heap after
{Heap after GC invocations=2 (full 0):
 garbage-first heap   total 65536K, used 12974K [0x00000000c0e00000, 0x0000000100000000)
  region size 1024K, 2 young (2048K), 2 survivors (2048K)
 Metaspace       used 4236K, committed 4480K, reserved 1114112K
  class space    used 461K, committed 576K, reserved 1048576K
}
Event: 20.381 GC heap before
{Heap before GC invocations=2 (full 0):
 garbage-first heap   total 65536K, used 30382K [0x00000000c0e00000, 0x0000000100000000)
  region size 1024K, 20 young (20480K), 2 survivors (2048K)
 Metaspace       used 7968K, committed 8192K, reserved 1114112K
  class space    used 950K, committed 1024K, reserved 1048576K
}
Event: 20.387 GC heap after
{Heap after GC invocations=3 (full 0):
 garbage-first heap   total 65536K, used 13970K [0x00000000c0e00000, 0x0000000100000000)
  region size 1024K, 3 young (3072K), 3 survivors (3072K)
 Metaspace       used 7968K, committed 8192K, reserved 1114112K
  class space    used 950K, committed 1024K, reserved 1048576K
}
Event: 27.225 GC heap before
{Heap before GC invocations=3 (full 0):
 garbage-first heap   total 65536K, used 42642K [0x00000000c0e00000, 0x0000000100000000)
  region size 1024K, 32 young (32768K), 3 survivors (3072K)
 Metaspace       used 15756K, committed 16064K, reserved 1114112K
  class space    used 1900K, committed 2048K, reserved 1048576K
}
Event: 27.237 GC heap after
{Heap after GC invocations=4 (full 0):
 garbage-first heap   total 65536K, used 16456K [0x00000000c0e00000, 0x0000000100000000)
  region size 1024K, 4 young (4096K), 4 survivors (4096K)
 Metaspace       used 15756K, committed 16064K, reserved 1114112K
  class space    used 1900K, committed 2048K, reserved 1048576K
}
Event: 40.145 GC heap before
{Heap before GC invocations=4 (full 0):
 garbage-first heap   total 65536K, used 47176K [0x00000000c0e00000, 0x0000000100000000)
  region size 1024K, 34 young (34816K), 4 survivors (4096K)
 Metaspace       used 20110K, committed 20416K, reserved 1114112K
  class space    used 2379K, committed 2496K, reserved 1048576K
}
Event: 40.205 GC heap after
{Heap after GC invocations=5 (full 0):
 garbage-first heap   total 65536K, used 20075K [0x00000000c0e00000, 0x0000000100000000)
  region size 1024K, 5 young (5120K), 5 survivors (5120K)
 Metaspace       used 20110K, committed 20416K, reserved 1114112K
  class space    used 2379K, committed 2496K, reserved 1048576K
}

Dll operation events (9 events):
Event: 0.181 Loaded shared library C:\Users\Administrator\.jdks\openjdk-21.0.2\bin\java.dll
Event: 1.525 Loaded shared library C:\Users\Administrator\.jdks\openjdk-21.0.2\bin\jsvml.dll
Event: 5.177 Loaded shared library C:\Users\Administrator\.jdks\openjdk-21.0.2\bin\net.dll
Event: 5.301 Loaded shared library C:\Users\Administrator\.jdks\openjdk-21.0.2\bin\nio.dll
Event: 5.313 Loaded shared library C:\Users\Administrator\.jdks\openjdk-21.0.2\bin\zip.dll
Event: 8.128 Loaded shared library C:\Users\Administrator\.jdks\openjdk-21.0.2\bin\jimage.dll
Event: 13.677 Loaded shared library C:\Users\Administrator\.jdks\openjdk-21.0.2\bin\management.dll
Event: 13.686 Loaded shared library C:\Users\Administrator\.jdks\openjdk-21.0.2\bin\management_ext.dll
Event: 30.443 Loaded shared library C:\Users\Administrator\.jdks\openjdk-21.0.2\bin\sunmscapi.dll

Deoptimization events (20 events):
Event: 35.262 Thread 0x000002571215f850 DEOPT PACKING pc=0x00000256b9c3d476 sp=0x00000079493fdeb0
Event: 35.262 Thread 0x000002571215f850 DEOPT UNPACKING pc=0x00000256c1034e42 sp=0x00000079493fd398 mode 0
Event: 35.263 Thread 0x000002571215f850 DEOPT PACKING pc=0x00000256b9c3d476 sp=0x00000079493fdeb0
Event: 35.263 Thread 0x000002571215f850 DEOPT UNPACKING pc=0x00000256c1034e42 sp=0x00000079493fd398 mode 0
Event: 35.263 Thread 0x000002571215f850 DEOPT PACKING pc=0x00000256b9c3d476 sp=0x00000079493fdeb0
Event: 35.263 Thread 0x000002571215f850 DEOPT UNPACKING pc=0x00000256c1034e42 sp=0x00000079493fd398 mode 0
Event: 35.264 Thread 0x000002571215f850 DEOPT PACKING pc=0x00000256b9c3d476 sp=0x00000079493fdeb0
Event: 35.264 Thread 0x000002571215f850 DEOPT UNPACKING pc=0x00000256c1034e42 sp=0x00000079493fd398 mode 0
Event: 37.421 Thread 0x000002571215f850 DEOPT PACKING pc=0x00000256ba02edc0 sp=0x00000079493fe0f0
Event: 37.421 Thread 0x000002571215f850 DEOPT UNPACKING pc=0x00000256c1034e42 sp=0x00000079493fd5a8 mode 0
Event: 38.943 Thread 0x000002571215f850 Uncommon trap: trap_request=0xffffff45 fr.pc=0x00000256c1616568 relative=0x0000000000000aa8
Event: 38.943 Thread 0x000002571215f850 Uncommon trap: reason=unstable_if action=reinterpret pc=0x00000256c1616568 method=jdk.internal.org.objectweb.asm.SymbolTable.put(Ljdk/internal/org/objectweb/asm/SymbolTable$Entry;)Ljdk/internal/org/objectweb/asm/SymbolTable$Entry; @ 13 c2
Event: 38.943 Thread 0x000002571215f850 DEOPT PACKING pc=0x00000256c1616568 sp=0x00000079493fc450
Event: 38.943 Thread 0x000002571215f850 DEOPT UNPACKING pc=0x00000256c10346a2 sp=0x00000079493fc378 mode 2
Event: 40.211 Thread 0x000002571215f850 Uncommon trap: trap_request=0xffffff45 fr.pc=0x00000256c160d910 relative=0x0000000000000070
Event: 40.211 Thread 0x000002571215f850 Uncommon trap: reason=unstable_if action=reinterpret pc=0x00000256c160d910 method=java.lang.ref.ReferenceQueue.poll()Ljava/lang/ref/Reference; @ 4 c2
Event: 40.211 Thread 0x000002571215f850 DEOPT PACKING pc=0x00000256c160d910 sp=0x00000079493fd780
Event: 40.211 Thread 0x000002571215f850 DEOPT UNPACKING pc=0x00000256c10346a2 sp=0x00000079493fd708 mode 2
Event: 40.227 Thread 0x000002571215f850 DEOPT PACKING pc=0x00000256b9c3a0c1 sp=0x00000079493fd660
Event: 40.227 Thread 0x000002571215f850 DEOPT UNPACKING pc=0x00000256c1034e42 sp=0x00000079493fcb60 mode 0

Classes loaded (20 events):
Event: 30.634 Loading class javax/security/auth/login/FailedLoginException
Event: 30.635 Loading class javax/security/auth/login/FailedLoginException done
Event: 30.635 Loading class javax/security/auth/callback/CallbackHandler
Event: 30.636 Loading class javax/security/auth/callback/CallbackHandler done
Event: 30.636 Loading class javax/security/auth/Subject
Event: 30.636 Loading class javax/security/auth/Subject done
Event: 30.789 Loading class com/sun/security/sasl/Provider
Event: 30.793 Loading class com/sun/security/sasl/Provider done
Event: 30.794 Loading class com/sun/security/sasl/Provider$1
Event: 30.794 Loading class com/sun/security/sasl/Provider$1 done
Event: 30.794 Loading class com/sun/security/sasl/Provider$ProviderService
Event: 30.794 Loading class com/sun/security/sasl/Provider$ProviderService done
Event: 30.794 Loading class sun/security/provider/certpath/ldap/JdkLDAP
Event: 30.795 Loading class sun/security/provider/certpath/ldap/JdkLDAP done
Event: 30.797 Loading class sun/security/provider/certpath/ldap/JdkLDAP$ProviderService
Event: 30.798 Loading class sun/security/provider/certpath/ldap/JdkLDAP$ProviderService done
Event: 36.735 Loading class javax/naming/ldap/LdapContext
Event: 36.735 Loading class javax/naming/directory/DirContext
Event: 36.735 Loading class javax/naming/directory/DirContext done
Event: 36.735 Loading class javax/naming/ldap/LdapContext done

Classes unloaded (0 events):
No events

Classes redefined (0 events):
No events

Internal exceptions (20 events):
Event: 22.074 Thread 0x000002571215f850 Exception <a 'java/lang/NoSuchMethodError'{0x00000000c4a95bc8}: 'void java.lang.invoke.DirectMethodHandle$Holder.invokeStaticInit(java.lang.Object, java.lang.Object, java.lang.Object)'> (0x00000000c4a95bc8) 
thrown [s\open\src\hotspot\share\interpreter\linkResolver.cpp, line 773]
Event: 22.301 Thread 0x000002571215f850 Exception <a 'java/lang/NoSuchMethodError'{0x00000000c4ad9868}: 'java.lang.Object java.lang.invoke.DirectMethodHandle$Holder.invokeStatic(java.lang.Object, long, java.lang.Object)'> (0x00000000c4ad9868) 
thrown [s\open\src\hotspot\share\interpreter\linkResolver.cpp, line 773]
Event: 22.302 Thread 0x000002571215f850 Exception <a 'java/lang/NoSuchMethodError'{0x00000000c4adcec0}: 'java.lang.Object java.lang.invoke.DirectMethodHandle$Holder.invokeStaticInit(java.lang.Object, long, java.lang.Object)'> (0x00000000c4adcec0) 
thrown [s\open\src\hotspot\share\interpreter\linkResolver.cpp, line 773]
Event: 22.309 Thread 0x000002571215f850 Exception <a 'java/lang/NoSuchMethodError'{0x00000000c4ae2668}: 'java.lang.Object java.lang.invoke.DirectMethodHandle$Holder.newInvokeSpecial(java.lang.Object, long)'> (0x00000000c4ae2668) 
thrown [s\open\src\hotspot\share\interpreter\linkResolver.cpp, line 773]
Event: 22.501 Thread 0x000002571215f850 Exception <a 'java/lang/NoSuchMethodError'{0x00000000c4935e38}: 'void java.lang.invoke.DirectMethodHandle$Holder.invokeVirtual(java.lang.Object, java.lang.Object, java.lang.Object, java.lang.Object)'> (0x00000000c4935e38) 
thrown [s\open\src\hotspot\share\interpreter\linkResolver.cpp, line 773]
Event: 23.102 Thread 0x000002571215f850 Exception <a 'java/lang/IncompatibleClassChangeError'{0x00000000c48af390}: Found class java.lang.Object, but interface was expected> (0x00000000c48af390) 
thrown [s\open\src\hotspot\share\interpreter\linkResolver.cpp, line 840]
Event: 23.124 Thread 0x000002571215f850 Exception <a 'java/lang/NoSuchMethodError'{0x00000000c48c51e8}: 'java.lang.Object java.lang.invoke.DirectMethodHandle$Holder.invokeStaticInit(java.lang.Object, int)'> (0x00000000c48c51e8) 
thrown [s\open\src\hotspot\share\interpreter\linkResolver.cpp, line 773]
Event: 23.131 Thread 0x000002571215f850 Exception <a 'java/lang/NoSuchMethodError'{0x00000000c48cf328}: 'java.lang.Object java.lang.invoke.DirectMethodHandle$Holder.invokeStatic(java.lang.Object, int, java.lang.Object)'> (0x00000000c48cf328) 
thrown [s\open\src\hotspot\share\interpreter\linkResolver.cpp, line 773]
Event: 23.132 Thread 0x000002571215f850 Exception <a 'java/lang/NoSuchMethodError'{0x00000000c48d2978}: 'java.lang.Object java.lang.invoke.DirectMethodHandle$Holder.invokeStaticInit(java.lang.Object, int, java.lang.Object)'> (0x00000000c48d2978) 
thrown [s\open\src\hotspot\share\interpreter\linkResolver.cpp, line 773]
Event: 23.348 Thread 0x000002571276f460 Exception <a 'java/lang/NoClassDefFoundError'{0x00000000c4741fa8}: jakarta/validation/Validation> (0x00000000c4741fa8) 
thrown [s\open\src\hotspot\share\classfile\systemDictionary.cpp, line 301]
Event: 27.535 Thread 0x000002571276f460 Exception <a 'java/lang/NoSuchMethodError'{0x00000000c4c08dc8}: 'long java.lang.invoke.DirectMethodHandle$Holder.invokeSpecial(java.lang.Object, java.lang.Object)'> (0x00000000c4c08dc8) 
thrown [s\open\src\hotspot\share\interpreter\linkResolver.cpp, line 773]
Event: 27.538 Thread 0x000002571276f460 Exception <a 'java/lang/NoSuchMethodError'{0x00000000c4c12c88}: 'long java.lang.invoke.DirectMethodHandle$Holder.invokeStatic(java.lang.Object, java.lang.Object)'> (0x00000000c4c12c88) 
thrown [s\open\src\hotspot\share\interpreter\linkResolver.cpp, line 773]
Event: 27.539 Thread 0x000002571276f460 Exception <a 'java/lang/NoSuchMethodError'{0x00000000c4c15ff0}: 'long java.lang.invoke.DirectMethodHandle$Holder.invokeStaticInit(java.lang.Object, java.lang.Object)'> (0x00000000c4c15ff0) 
thrown [s\open\src\hotspot\share\interpreter\linkResolver.cpp, line 773]
Event: 27.542 Thread 0x000002571276f460 Exception <a 'java/lang/NoSuchMethodError'{0x00000000c4c22138}: 'long java.lang.invoke.DirectMethodHandle$Holder.invokeInterface(java.lang.Object, java.lang.Object)'> (0x00000000c4c22138) 
thrown [s\open\src\hotspot\share\interpreter\linkResolver.cpp, line 773]
Event: 27.542 Thread 0x000002571276f460 Exception <a 'java/lang/IncompatibleClassChangeError'{0x00000000c4c253e8}: Found class java.lang.Object, but interface was expected> (0x00000000c4c253e8) 
thrown [s\open\src\hotspot\share\interpreter\linkResolver.cpp, line 840]
Event: 27.841 Thread 0x000002571276f460 Exception <a 'java/lang/NoSuchMethodError'{0x00000000c4cf2318}: 'java.lang.Object java.lang.invoke.DirectMethodHandle$Holder.invokeVirtual(java.lang.Object, java.lang.Object, java.lang.Object, java.lang.Object)'> (0x00000000c4cf2318) 
thrown [s\open\src\hotspot\share\interpreter\linkResolver.cpp, line 773]
Event: 28.959 Thread 0x000002571215f850 Exception <a 'java/lang/NoSuchMethodError'{0x00000000c4978908}: 'java.lang.Object java.lang.invoke.DirectMethodHandle$Holder.invokeVirtual(java.lang.Object, java.lang.Object, java.lang.Object)'> (0x00000000c4978908) 
thrown [s\open\src\hotspot\share\interpreter\linkResolver.cpp, line 773]
Event: 28.974 Thread 0x000002571215f850 Exception <a 'java/lang/NoSuchMethodError'{0x00000000c4991e30}: 'int java.lang.invoke.DirectMethodHandle$Holder.invokeSpecial(java.lang.Object, java.lang.Object, java.lang.Object, java.lang.Object, java.lang.Object)'> (0x00000000c4991e30) 
thrown [s\open\src\hotspot\share\interpreter\linkResolver.cpp, line 773]
Event: 29.255 Thread 0x000002571215f850 Exception <a 'java/lang/NoSuchMethodError'{0x00000000c499a260}: 'void java.lang.invoke.DirectMethodHandle$Holder.invokeVirtual(java.lang.Object, java.lang.Object)'> (0x00000000c499a260) 
thrown [s\open\src\hotspot\share\interpreter\linkResolver.cpp, line 773]
Event: 37.285 Thread 0x000002571215f850 Exception <a 'java/lang/IncompatibleClassChangeError'{0x00000000c35a7a20}: Found class java.lang.Object, but interface was expected> (0x00000000c35a7a20) 
thrown [s\open\src\hotspot\share\interpreter\linkResolver.cpp, line 840]

ZGC Phase Switch (0 events):
No events

VM Operations (20 events):
Event: 30.604 Executing VM operation: HandshakeAllThreads (Deoptimize)
Event: 30.604 Executing VM operation: HandshakeAllThreads (Deoptimize) done
Event: 31.622 Executing VM operation: Cleanup
Event: 31.840 Executing VM operation: Cleanup done
Event: 32.861 Executing VM operation: Cleanup
Event: 32.861 Executing VM operation: Cleanup done
Event: 33.874 Executing VM operation: Cleanup
Event: 33.890 Executing VM operation: Cleanup done
Event: 34.904 Executing VM operation: Cleanup
Event: 34.904 Executing VM operation: Cleanup done
Event: 35.911 Executing VM operation: Cleanup
Event: 35.914 Executing VM operation: Cleanup done
Event: 36.914 Executing VM operation: Cleanup
Event: 36.993 Executing VM operation: Cleanup done
Event: 37.999 Executing VM operation: Cleanup
Event: 38.025 Executing VM operation: Cleanup done
Event: 39.026 Executing VM operation: Cleanup
Event: 39.253 Executing VM operation: Cleanup done
Event: 40.145 Executing VM operation: G1CollectForAllocation (G1 Evacuation Pause)
Event: 40.205 Executing VM operation: G1CollectForAllocation (G1 Evacuation Pause) done

Events (17 events):
Event: 0.574 Thread 0x00000256b1674b90 Thread added: 0x00000256b1674b90
Event: 1.285 Thread 0x00000256cc3047c0 Thread added: 0x00000256cc3047c0
Event: 1.285 Thread 0x00000256cc306590 Thread added: 0x00000256cc306590
Event: 1.286 Thread 0x00000256cc3071f0 Thread added: 0x00000256cc3071f0
Event: 1.287 Thread 0x00000256cc309d60 Thread added: 0x00000256cc309d60
Event: 1.287 Thread 0x00000256cc30a7c0 Thread added: 0x00000256cc30a7c0
Event: 1.287 Thread 0x00000256cc30b220 Thread added: 0x00000256cc30b220
Event: 1.288 Thread 0x00000256cc30bfb0 Thread added: 0x00000256cc30bfb0
Event: 1.425 Thread 0x00000256cc3100f0 Thread added: 0x00000256cc3100f0
Event: 4.743 Thread 0x00000256cc551a60 Thread added: 0x00000256cc551a60
Event: 4.834 Thread 0x00000256cc552290 Thread added: 0x00000256cc552290
Event: 14.629 Thread 0x000002571265ca30 Thread added: 0x000002571265ca30
Event: 15.092 Thread 0x000002571215f850 Thread added: 0x000002571215f850
Event: 22.887 Thread 0x000002571276f460 Thread added: 0x000002571276f460
Event: 30.803 Thread 0x000002571276f460 Thread exited: 0x000002571276f460
Event: 35.282 Thread 0x0000025712368710 Thread added: 0x0000025712368710
Event: 37.274 Thread 0x0000025712368710 Thread exited: 0x0000025712368710


Dynamic libraries:
0x00007ff632750000 - 0x00007ff63275e000 	C:\Users\Administrator\.jdks\openjdk-21.0.2\bin\java.exe
0x00007ff916eb0000 - 0x00007ff9170a8000 	C:\Windows\SYSTEM32\ntdll.dll
0x00007ff914f30000 - 0x00007ff914fed000 	C:\Windows\System32\KERNEL32.DLL
0x00007ff914600000 - 0x00007ff9148f6000 	C:\Windows\System32\KERNELBASE.dll
0x00007ff914a90000 - 0x00007ff914b90000 	C:\Windows\System32\ucrtbase.dll
0x00007ff907380000 - 0x00007ff907398000 	C:\Users\Administrator\.jdks\openjdk-21.0.2\bin\jli.dll
0x00007ff915a50000 - 0x00007ff915bee000 	C:\Windows\System32\USER32.dll
0x00007ff914be0000 - 0x00007ff914c02000 	C:\Windows\System32\win32u.dll
0x00007ff915610000 - 0x00007ff91563b000 	C:\Windows\System32\GDI32.dll
0x00007ff914970000 - 0x00007ff914a87000 	C:\Windows\System32\gdi32full.dll
0x00007ff914c10000 - 0x00007ff914cad000 	C:\Windows\System32\msvcp_win.dll
0x00007ff907ea0000 - 0x00007ff907ebb000 	C:\Users\Administrator\.jdks\openjdk-21.0.2\bin\VCRUNTIME140.dll
0x00007ff903620000 - 0x00007ff9038ba000 	C:\Windows\WinSxS\amd64_microsoft.windows.common-controls_6595b64144ccf1df_6.0.19041.3636_none_60b6a03d71f818d5\COMCTL32.dll
0x00007ff916dd0000 - 0x00007ff916e6e000 	C:\Windows\System32\msvcrt.dll
0x00007ff914ef0000 - 0x00007ff914f22000 	C:\Windows\System32\IMM32.DLL
0x00007ff911a10000 - 0x00007ff911a1c000 	C:\Users\Administrator\.jdks\openjdk-21.0.2\bin\vcruntime140_1.dll
0x00007ff8f9100000 - 0x00007ff8f918e000 	C:\Users\Administrator\.jdks\openjdk-21.0.2\bin\msvcp140.dll
0x00007ff8df2d0000 - 0x00007ff8dffe7000 	C:\Users\Administrator\.jdks\openjdk-21.0.2\bin\server\jvm.dll
0x00007ff915460000 - 0x00007ff915513000 	C:\Windows\System32\ADVAPI32.dll
0x00007ff9159a0000 - 0x00007ff915a3f000 	C:\Windows\System32\sechost.dll
0x00007ff916740000 - 0x00007ff916866000 	C:\Windows\System32\RPCRT4.dll
0x00007ff914e10000 - 0x00007ff914e37000 	C:\Windows\System32\bcrypt.dll
0x00007ff9155a0000 - 0x00007ff91560b000 	C:\Windows\System32\WS2_32.dll
0x00007ff913b10000 - 0x00007ff913b5b000 	C:\Windows\SYSTEM32\POWRPROF.dll
0x00007ff8ffd00000 - 0x00007ff8ffd27000 	C:\Windows\SYSTEM32\WINMM.dll
0x00007ff9003f0000 - 0x00007ff9003fa000 	C:\Windows\SYSTEM32\VERSION.dll
0x00007ff913980000 - 0x00007ff913992000 	C:\Windows\SYSTEM32\UMPDC.dll
0x00007ff912600000 - 0x00007ff912612000 	C:\Windows\SYSTEM32\kernel.appcore.dll
0x00007ff90fea0000 - 0x00007ff90feaa000 	C:\Users\Administrator\.jdks\openjdk-21.0.2\bin\jimage.dll
0x00007ff8ff030000 - 0x00007ff8ff214000 	C:\Windows\SYSTEM32\DBGHELP.DLL
0x00007ff900550000 - 0x00007ff900584000 	C:\Windows\SYSTEM32\dbgcore.DLL
0x00007ff914570000 - 0x00007ff9145f2000 	C:\Windows\System32\bcryptPrimitives.dll
0x00007ff907260000 - 0x00007ff90727f000 	C:\Users\Administrator\.jdks\openjdk-21.0.2\bin\java.dll
0x00007ff915cd0000 - 0x00007ff916415000 	C:\Windows\System32\SHELL32.dll
0x00007ff912620000 - 0x00007ff912dbc000 	C:\Windows\SYSTEM32\windows.storage.dll
0x00007ff915640000 - 0x00007ff915994000 	C:\Windows\System32\combase.dll
0x00007ff913fa0000 - 0x00007ff913fce000 	C:\Windows\SYSTEM32\Wldp.dll
0x00007ff916d00000 - 0x00007ff916dcd000 	C:\Windows\System32\OLEAUT32.dll
0x00007ff916420000 - 0x00007ff9164cd000 	C:\Windows\System32\SHCORE.dll
0x00007ff9169b0000 - 0x00007ff916a05000 	C:\Windows\System32\shlwapi.dll
0x00007ff9144a0000 - 0x00007ff9144c5000 	C:\Windows\SYSTEM32\profapi.dll
0x00007ff8ef4d0000 - 0x00007ff8ef5a7000 	C:\Users\Administrator\.jdks\openjdk-21.0.2\bin\jsvml.dll
0x00007ff90fe10000 - 0x00007ff90fe20000 	C:\Users\Administrator\.jdks\openjdk-21.0.2\bin\net.dll
0x00007ff9096e0000 - 0x00007ff9097ea000 	C:\Windows\SYSTEM32\WINHTTP.dll
0x00007ff913d00000 - 0x00007ff913d6a000 	C:\Windows\system32\mswsock.dll
0x00007ff904280000 - 0x00007ff904296000 	C:\Users\Administrator\.jdks\openjdk-21.0.2\bin\nio.dll
0x00007ff904370000 - 0x00007ff904388000 	C:\Users\Administrator\.jdks\openjdk-21.0.2\bin\zip.dll
0x00007ff90e510000 - 0x00007ff90e51a000 	C:\Users\Administrator\.jdks\openjdk-21.0.2\bin\management.dll
0x00007ff907e80000 - 0x00007ff907e8b000 	C:\Users\Administrator\.jdks\openjdk-21.0.2\bin\management_ext.dll
0x00007ff915a40000 - 0x00007ff915a48000 	C:\Windows\System32\PSAPI.DLL
0x00007ff907250000 - 0x00007ff90725e000 	C:\Users\Administrator\.jdks\openjdk-21.0.2\bin\sunmscapi.dll
0x00007ff914cb0000 - 0x00007ff914e0d000 	C:\Windows\System32\CRYPT32.dll
0x00007ff914010000 - 0x00007ff914038000 	C:\Windows\SYSTEM32\ncrypt.dll
0x00007ff913fd0000 - 0x00007ff91400b000 	C:\Windows\SYSTEM32\NTASN1.dll

dbghelp: loaded successfully - version: 4.0.5 - missing functions: none
symbol engine: initialized successfully - sym options: 0x614 - pdb path: .;C:\Users\Administrator\.jdks\openjdk-21.0.2\bin;C:\Windows\SYSTEM32;C:\Windows\WinSxS\amd64_microsoft.windows.common-controls_6595b64144ccf1df_6.0.19041.3636_none_60b6a03d71f818d5;C:\Users\Administrator\.jdks\openjdk-21.0.2\bin\server

VM Arguments:
jvm_args: -Dfile.encoding=x-windows-949 -Duser.country=KR -Duser.language=ko -Duser.variant 
java_command: com.example.todaysbook.TodaysbookApplication
java_class_path (initial): C:\Users\Administrator\Desktop\todaybook\build\classes\java\main;C:\Users\Administrator\Desktop\todaybook\build\resources\main;C:\Users\Administrator\.gradle\caches\modules-2\files-2.1\org.springframework.boot\spring-boot-devtools\3.2.5\33961c12e7dac4bec89012695462906ef8d7605a\spring-boot-devtools-3.2.5.jar;C:\Users\Administrator\.gradle\caches\modules-2\files-2.1\com.googlecode.json-simple\json-simple\1.1.1\c9ad4a0850ab676c5c64461a05ca524cdfff59f1\json-simple-1.1.1.jar;C:\Users\Administrator\.gradle\caches\modules-2\files-2.1\org.springframework.boot\spring-boot-starter-data-jpa\3.2.5\99c1272c135f1c44b0c94ed0b65dca9b201323b7\spring-boot-starter-data-jpa-3.2.5.jar;C:\Users\Administrator\.gradle\caches\modules-2\files-2.1\org.springframework.boot\spring-boot-starter-security\3.2.5\8ce0f176dfcf9a0b3b5d76babd971057f009961d\spring-boot-starter-security-3.2.5.jar;C:\Users\Administrator\.gradle\caches\modules-2\files-2.1\org.springframework.boot\spring-boot-starter-thymeleaf\3.2.5\293a7cb658eba8e0b25cec63609edbebbaa6c4a8\spring-boot-starter-thymeleaf-3.2.5.jar;C:\Users\Administrator\.gradle\caches\modules-2\files-2.1\org.springframework.boot\spring-boot-starter-web\3.2.5\664d75553c6af42122d4db645f4924a95084e382\spring-boot-starter-web-3.2.5.jar;C:\Users\Administrator\.gradle\caches\modules-2\files-2.1\org.mybatis.spring.boot\mybatis-spring-boot-starter\3.0.3\19528356bf8bad2be5f8bf796dfc30bcc4996054\mybatis-spring-boot-starter-3.0.3.jar;C:\Users\Administrator\.gradle\caches\modules-2\files-2.1\org.thymeleaf.extras\thymeleaf-extras-springsecurity6\3.1.2.RELEASE\574c188eb147191e2f162419e9fc780fcf3256d7\thymeleaf-extras-springsecurity6-3.1.2.RELEASE.jar;C:\Users\Administrator\.gradle\caches\modules-2\files-2.1\org.apache.commons\commons-collections4\4.4\62ebe7544cb7164d87e0637a2a6a2bdc981395e8\commons-collections4-4.4.jar;C:\Users\Administrator\.gradle\caches\modules-2\files-2.1\org.apache.mahout\mahout-core\0.9\22a63210e10d39be2edcc01564f5d5f68f91eeb7\mahout-core-0.9.jar;C:\Users\Administrator\.gradle\caches\modules-2\files-2.1\org.apache.commons\commons-lang3\3.14.0\1ed471194b02f2c6cb734a0cd6f6f107c673afae\commons-lang3-3.14.0.jar;C:\Users\Administrator\.gradle\caches\modules-2\files-2.1\org.springframework.boot\spring-boot-starter-webflux\3.2.5\a555a210408e8c7dc085889cd3c7b2404a7137f7\spring-boot-starter-webflux-3.2.5.jar;C:\Users\Administrator\.gradle\caches\modules-2\files-2.1\org.springframework.boot\spring-boot-starter-aop\3.2.5\1c6c5d81e6c7f8b3e255c9e384153e9f52a93d1b\spring-boot-starter-aop-3.2.5.jar;C:\Users\Administrator\.gradle\caches\modules-2\files-2.1\org.springframework.boot\spring-boot-starter-jdbc\3.2.5\2fc156645b02bef43dcd4e697ae6f4ba9388a978\spring-boot-starter-jdbc-3.2.5.jar;C:\Users\Administrator\.gradle\caches\modules-2\files-2.1\org.springframework.boot\spring-boot-starter-json\3.2.5\6df311af4c242eb95c3526f48ab4f31c384a247e\spring-boot-starter-json-3.2.5.jar;C:\Users\Administrator\.gradle\caches\modules-2\files-2.1\org.springframework.boot\spring-boot-starter\3.2.5\a9837a876129cc6fe5f3abf1de5ec0a16faaf003\spring-boot-starter-3.2.5.jar;C:\Users\Administrator\.gradle\caches\modules-2\files-2.1\org.springframework.boot\spring-boot-starter-logging\3.2.5\28cf3a346da7bb624381ccc21d7a27500181de63\spring-boot-starter-logging-3.2.5.jar;C:\Users\Administrator\.gradle\caches\modules-2\files-2.1\ch.qos.logback\logback-classic\1.5.1\2dc0efdaaef2f94fbc3ebf9c24c1937cef50f99\logback-classic-1.5.1.jar;C:\Users\Administrator\.gradle\caches\modules-2\files-2.1\ch.qos.logback\logback-core\1.5.1\69f2cdf08c29a4abe93302afa372d5714df2da68\logback-core-1.5.1.jar;C:\Users\Administrator\.gradle\caches\modules-2\files-2.1\org.springframework.cloud\spring-cloud-starter-aws\2.2.6.RELEASE\9d7c330b3f4aa477df2db27dd875a0e63a49456\spring-cloud-starter-aws-2.2.6.RELEASE.jar;C:\Users\Administrator\.gradle\caches\modules-2\files-2.1\org.apache.mahout\mahout-math\0.13.0\d6df1907d9e0b2df9ec030a1c5cdb8467879cb97\mahout-math-0.13.0.jar;C:\Users\Administrator\.gradle\caches\modules-2\files-2.1\org.springframework.data\spring-data-jpa\3.2.5\f5c674caedc0132c7865b9a2edaa04b8f5351262\spring-data-jpa-3.2.5.jar;C:\Users\Administrator\.gradle\caches\modules-2\files-2.1\org.thymeleaf\thymeleaf-spring6\3.1.2.RELEASE\6030c7b4e260c41336f378e53da6e8531263f24b\thymeleaf-spring6-3.1.2.RELEASE.jar;C:\Users\Administrator\.gradle\caches\modules-2\files-2.1\org.springframework.cloud\spring-cloud-aws-autoconfigure\2.2.6.RELEASE\e443d11a6714e24da9f57c18f55a122836f68483\spring-cloud-aws-autoconfigure-2.2.6.RELEASE.jar;C:\Users\Administrator\.gradle\caches\modules-2\files-2.1\org.springframework.cloud\spring-cloud-aws-context\2.2.6.RELEASE\e26fddbe55135d8ff23e9620e22eda649f5772ea\spring-cloud-aws-context-2.2.6.RELEASE.jar;C:\Users\Administrator\.gradle\caches\modules-2\files-2.1\org.apache.solr\solr-commons-csv\3.5.0\97ba33976975a85568a8bd579b885fe3b47f6c08\solr-commons-csv-3.5.0.jar;C:\Users\Administrator\.gradle\caches\modules-2\files-2.1\com.zaxxer\HikariCP\5.0.1\a74c7f0a37046846e88d54f7cb6ea6d565c65f9c\HikariCP-5.0.1.jar;C:\Users\Administrator\.gradle\caches\modules-2\files-2.1\org.springframework.data\spring-data-commons\3.2.5\d4bb5a08fad512b345ae4077bdf0f50c95eed07\spring-data-commons-3.2.5.jar;C:\Users\Administrator\.gradle\caches\modules-2\files-2.1\org.thymeleaf\thymeleaf\3.1.2.RELEASE\273997509a4c7aef86cee0521750140c587d9be2\thymeleaf-3.1.2.RELEASE.jar;C:\Users\Administrator\.gradle\caches\modules-2\files-2.1\org.springframework.cloud\spring-cloud-aws-core\2.2.6.RELEASE\34b42c1a931b1cb32750a33dfaa19fcbc9828b05\spring-cloud-aws-core-2.2.6.RELEASE.jar;C:\Users\Administrator\.gradle\caches\modules-2\files-2.1\org.apache.logging.log4j\log4j-to-slf4j\2.21.1\d77b2ba81711ed596cd797cc2b5b5bd7409d841c\log4j-to-slf4j-2.21.1.jar;C:\Users\Administrator\.gradle\caches\modules-2\files-2.1\org.slf4j\jul-to-slf4j\2.0.13\a3bcd9d9dd50c71ce69f06b1fd05e40fdeff6ba5\jul-to-slf4j-2.0.13.jar;C:\Users\Administrator\.gradle\caches\modules-2\files-2.1\org.slf4j\slf4j-api\2.0.12\48f109a2a6d8f446c794f3e3fa0d86df0cdfa312\slf4j-api-2.0.12.jar;C:\Users\Administrator\.gradle\caches\modules-2\files-2.1\org.json\json\20231013\e22e0c040fe16f04ffdb85d851d77b07fc05ea52\json-20231013.jar;C:\Users\Administrator\.gradle\caches\modules-2\files-2.1\com.mysql\mysql-connector-j\8.3.0\1cc7fa5d61f4bbc113531a4ba6d85d41cf3d57e1\mysql-connector-j-8.3.0.jar;C:\Users\Administrator\.gradle\caches\modules-2\files-2.1\org.mybatis.spring.boot\mybatis-spring-boot-autoconfigure\3.0.3\b73a2effa4f60a2eeca98aa12ea3437faede0f73\mybatis-spring-boot-autoconfigure-3.0.3.jar;C:\Users\Administrator\.gradle\caches\modules-2\files-2.1\org.springframework.boot\spring-boot-autoconfigure\3.2.5\6385a2c00a03edb896b2833e4bdee2ae53cd69b8\spring-boot-autoconfigure-3.2.5.jar;C:\Users\Administrator\.gradle\caches\modules-2\files-2.1\org.springframework.boot\spring-boot\3.2.5\eec72431f6f56a50c9919129665ba3359ca02104\spring-boot-3.2.5.jar;C:\Users\Administrator\.gradle\caches\modules-2\files-2.1\junit\junit\4.13.2\8ac9e16d933b6fb43bc7f576336b8f4d7eb5ba12\junit-4.13.2.jar;C:\Users\Administrator\.gradle\caches\modules-2\files-2.1\org.hibernate.orm\hibernate-core\6.4.4.Final\5c9decb3c5a70bf7801d41fc32633416c26be069\hibernate-core-6.4.4.Final.jar;C:\Users\Administrator\.gradle\caches\modules-2\files-2.1\org.springframework\spring-aspects\6.1.6\409aba797564c23c08e2307f2df728aed117e914\spring-aspects-6.1.6.jar;C:\Users\Administrator\.gradle\caches\modules-2\files-2.1\org.springframework.security\spring-security-config\6.2.4\ef1f16ce7900f602826b985f15b67bbe60015a08\spring-security-config-6.2.4.jar;C:\Users\Administrator\.gradle\caches\modules-2\files-2.1\org.springframework.security\spring-security-web\6.2.4\b4a436865cf6483e088c986432f44d9e90bab6a3\spring-security-web-6.2.4.jar;C:\Users\Administrator\.gradle\caches\modules-2\files-2.1\org.springframework\spring-webmvc\6.1.6\ef1f76db6d94bac428839cb91fa59235c8356e56\spring-webmvc-6.1.6.jar;C:\Users\Administrator\.gradle\caches\modules-2\files-2.1\org.springframework.security\spring-security-core\6.2.4\b1bb9c66df67cd6ecc5548dec8b37341cef11a80\spring-security-core-6.2.4.jar;C:\Users\Administrator\.gradle\caches\modules-2\files-2.1\org.springframework\spring-context\6.1.6\2be30298638975efaf7fff22f1570d79b2679814\spring-context-6.1.6.jar;C:\Users\Administrator\.gradle\caches\modules-2\files-2.1\org.springframework\spring-aop\6.1.6\4958f52cb9fcb3adf7e836304550de5431a9347e\spring-aop-6.1.6.jar;C:\Users\Administrator\.gradle\caches\modules-2\files-2.1\org.springframework.boot\spring-boot-starter-tomcat\3.2.5\a40ebfa6becb35b419b37e49e33b2822e22cf42a\spring-boot-starter-tomcat-3.2.5.jar;C:\Users\Administrator\.gradle\caches\modules-2\files-2.1\org.springframework\spring-webflux\6.1.6\5d315dbc075c81ec72440de976eea70e082602d0\spring-webflux-6.1.6.jar;C:\Users\Administrator\.gradle\caches\modules-2\files-2.1\org.springframework\spring-web\6.1.6\49a32e3497fe39550da3b280bda5d9933ae2d51d\spring-web-6.1.6.jar;C:\Users\Administrator\.gradle\caches\modules-2\files-2.1\org.mybatis\mybatis\3.5.14\d94d2267d1caf1c31748123e671dcea5ad1a6f8\mybatis-3.5.14.jar;C:\Users\Administrator\.gradle\caches\modules-2\files-2.1\org.mybatis\mybatis-spring\3.0.3\5a4ab31bfb62bca615b39ade93de2a607e9b9403\mybatis-spring-3.0.3.jar;C:\Users\Administrator\.gradle\caches\modules-2\files-2.1\org.springframework.boot\spring-boot-starter-reactor-netty\3.2.5\1bdb8b6f9275dca52937da72234f2650db38c30a\spring-boot-starter-reactor-netty-3.2.5.jar;C:\Users\Administrator\.gradle\caches\modules-2\files-2.1\org.apache.hadoop\hadoop-core\1.2.1\3e5874122a26a735162a380627210779b41bfd59\hadoop-core-1.2.1.jar;C:\Users\Administrator\.gradle\caches\modules-2\files-2.1\com.sun.jersey\jersey-json\1.8\825621478fec59983106efaa032c679f925b4eff\jersey-json-1.8.jar;C:\Users\Administrator\.gradle\caches\modules-2\files-2.1\org.codehaus.jackson\jackson-jaxrs\1.7.1\28dacb717bedc4f6edd9ca088448ef69d4dcd856\jackson-jaxrs-1.7.1.jar;C:\Users\Administrator\.gradle\caches\modules-2\files-2.1\org.codehaus.jackson\jackson-xc\1.7.1\5eb6018a46439ae23afa3699005277ca2a0f7b47\jackson-xc-1.7.1.jar;C:\Users\Administrator\.gradle\caches\modules-2\files-2.1\org.codehaus.jackson\jackson-mapper-asl\1.9.12\8b290aae44213e2f6da00c07af59b0d442068f4d\jackson-mapper-asl-1.9.12.jar;C:\Users\Administrator\.gradle\caches\modules-2\files-2.1\org.codehaus.jackson\jackson-core-asl\1.9.12\ecfc6f73a841c4c3c653b59651a3f9d5f1286469\jackson-core-asl-1.9.12.jar;C:\Users\Administrator\.gradle\caches\modules-2\files-2.1\com.thoughtworks.xstream\xstream\1.4.4\488e9e4a47afc81d2b2dec3c3eb3a4d0f10fe105\xstream-1.4.4.jar;C:\Users\Administrator\.gradle\caches\modules-2\files-2.1\org.apache.lucene\lucene-analyzers-common\4.6.1\4479434def9509c87a26053a074f7534a0f49bfe\lucene-analyzers-common-4.6.1.jar;C:\Users\Administrator\.gradle\caches\modules-2\files-2.1\org.apache.lucene\lucene-core\4.6.1\e5a475ff13409761cef6e74d0997ce69a4184e4e\lucene-core-4.6.1.jar;C:\Users\Administrator\.gradle\caches\modules-2\files-2.1\org.apache.mahout.commons\commons-cli\2.0-mahout\f1df8dc67ae086159ac66bd92c0bb54254776a93\commons-cli-2.0-mahout.jar;C:\Users\Administrator\.gradle\caches\modules-2\files-2.1\org.apache.commons\commons-math3\3.2\ec2544ab27e110d2d431bdad7d538ed509b21e62\commons-math3-3.2.jar;C:\Users\Administrator\.gradle\caches\modules-2\files-2.1\com.google.guava\guava\14.0.1\69e12f4c6aeac392555f1ea86fab82b5e5e31ad4\guava-14.0.1.jar;C:\Users\Administrator\.gradle\caches\modules-2\files-2.1\it.unimi.dsi\fastutil\7.0.12\9d9b3cfcf42706f3300e96c47c8df99194bf8d73\fastutil-7.0.12.jar;C:\Users\Administrator\.gradle\caches\modules-2\files-2.1\com.tdunning\t-digest\3.1\451ed219688aed5821a789428fd5e10426d11312\t-digest-3.1.jar;C:\Users\Administrator\.gradle\caches\modules-2\files-2.1\org.springframework\spring-orm\6.1.6\c8687b15d3ae95769cef73626e62ffc7fff7e0bf\spring-orm-6.1.6.jar;C:\Users\Administrator\.gradle\caches\modules-2\files-2.1\org.springframework\spring-jdbc\6.1.6\3f8a440a49c15264ff438598b715bd00c5a88109\spring-jdbc-6.1.6.jar;C:\Users\Administrator\.gradle\caches\modules-2\files-2.1\org.springframework\spring-tx\6.1.6\4e18554fb6669f266108cc838a4619bbc8f7db8d\spring-tx-6.1.6.jar;C:\Users\Administrator\.gradle\caches\modules-2\files-2.1\org.springframework\spring-beans\6.1.6\332d80ff134420db4ebf7614758e6a02a9bd3c41\spring-beans-6.1.6.jar;C:\Users\Administrator\.gradle\caches\modules-2\files-2.1\org.springframework\spring-expression\6.1.6\9c3d7f0e17a919a4ea9f087e4e2140ad39776bc8\spring-expression-6.1.6.jar;C:\Users\Administrator\.gradle\caches\modules-2\files-2.1\org.springframework\spring-core\6.1.6\dea4b8e110b7b54a02a4907e32dbb0adee8a7168\spring-core-6.1.6.jar;C:\Users\Administrator\.gradle\caches\modules-2\files-2.1\org.hamcrest\hamcrest-core\2.2\3f2bd07716a31c395e2837254f37f21f0f0ab24b\hamcrest-core-2.2.jar;C:\Users\Administrator\.gradle\caches\modules-2\files-2.1\org.aspectj\aspectjweaver\1.9.22\10736ab74a53af5e2e1b07e76335a5391526b6f8\aspectjweaver-1.9.22.jar;C:\Users\Administrator\.gradle\caches\modules-2\files-2.1\jakarta.persistence\jakarta.persistence-api\3.1.0\66901fa1c373c6aff65c13791cc11da72060a8d6\jakarta.persistence-api-3.1.0.jar;C:\Users\Administrator\.gradle\caches\modules-2\files-2.1\jakarta.transaction\jakarta.transaction-api\2.0.1\51a520e3fae406abb84e2e1148e6746ce3f80a1a\jakarta.transaction-api-2.0.1.jar;C:\Users\Administrator\.gradle\caches\modules-2\files-2.1\org.jboss.logging\jboss-logging\3.5.3.Final\c88fc1d8a96d4c3491f55d4317458ccad53ca663\jboss-logging-3.5.3.Final.jar;C:\Users\Administrator\.gradle\caches\modules-2\files-2.1\org.hibernate.common\hibernate-commons-annotations\6.0.6.Final\77a5f94b56d49508e0ee334751db5b78e5ccd50c\hibernate-commons-annotations-6.0.6.Final.jar;C:\Users\Administrator\.gradle\caches\modules-2\files-2.1\io.smallrye\jandex\3.1.2\a6c1c89925c7df06242b03dddb353116ceb9584c\jandex-3.1.2.jar;C:\Users\Administrator\.gradle\caches\modules-2\files-2.1\com.fasterxml\classmate\1.6.0\91affab6f84a2182fce5dd72a8d01bc14346dddd\classmate-1.6.0.jar;C:\Users\Administrator\.gradle\caches\modules-2\files-2.1\net.bytebuddy\byte-buddy\1.14.13\45cf516d9a23485200950549ff72b204c307fc9d\byte-buddy-1.14.13.jar;C:\Users\Administrator\.gradle\caches\modules-2\files-2.1\org.glassfish.jaxb\jaxb-runtime\4.0.5\ca84c2a7169b5293e232b9d00d1e4e36d4c3914a\jaxb-runtime-4.0.5.jar;C:\Users\Administrator\.gradle\caches\modules-2\files-2.1\org.glassfish.jaxb\jaxb-core\4.0.5\7b4b11ea5542eea4ad55e1080b23be436795b3\jaxb-core-4.0.5.jar;C:\Users\Administrator\.gradle\caches\modules-2\files-2.1\com.sun.xml.bind\jaxb-impl\4.0.5\b70ad3db43ee72d7a35ae3c4d1d6d2e08ce7623\jaxb-impl-4.0.5.jar;C:\Users\Administrator\.gradle\caches\modules-2\files-2.1\com.sun.xml.bind\jaxb-core\4.0.5\ad427d8777ae2495bfcb37069d611e8379867e6d\jaxb-core-4.0.5.jar;C:\Users\Administrator\.gradle\caches\modules-2\files-2.1\jakarta.xml.bind\jakarta.xml.bind-api\4.0.2\6cd5a999b834b63238005b7144136379dc36cad2\jakarta.xml.bind-api-4.0.2.jar;C:\Users\Administrator\.gradle\caches\modules-2\files-2.1\jakarta.inject\jakarta.inject-api\2.0.1\4c28afe1991a941d7702fe1362c365f0a8641d1e\jakarta.inject-api-2.0.1.jar;C:\Users\Administrator\.gradle\caches\modules-2\files-2.1\org.antlr\antlr4-runtime\4.13.0\5a02e48521624faaf5ff4d99afc88b01686af655\antlr4-runtime-4.13.0.jar;C:\Users\Administrator\.gradle\caches\modules-2\files-2.1\jakarta.annotation\jakarta.annotation-api\2.1.1\48b9bda22b091b1f48b13af03fe36db3be6e1ae3\jakarta.annotation-api-2.1.1.jar;C:\Users\Administrator\.gradle\caches\modules-2\files-2.1\org.yaml\snakeyaml\2.2\3af797a25458550a16bf89acc8e4ab2b7f2bfce0\snakeyaml-2.2.jar;C:\Users\Administrator\.gradle\caches\modules-2\files-2.1\com.fasterxml.jackson.datatype\jackson-datatype-jsr310\2.15.4\7de629770a4559db57128d35ccae7d2fddd35db3\jackson-datatype-jsr310-2.15.4.jar;C:\Users\Administrator\.gradle\caches\modules-2\files-2.1\com.fasterxml.jackson.module\jackson-module-parameter-names\2.15.4\e654497a08359db2521b69b5f710e00836915d8c\jackson-module-parameter-names-2.15.4.jar;C:\Users\Administrator\.gradle\caches\modules-2\files-2.1\com.fasterxml.jackson.core\jackson-annotations\2.15.4\5223ea5a9bf52cdc9c5e537a0e52f2432eaf208b\jackson-annotations-2.15.4.jar;C:\Users\Administrator\.gradle\caches\modules-2\files-2.1\com.amazonaws\aws-java-sdk-s3\1.11.792\e30d3f0aa9ac2ca0d8c16f94344cbac4b121b3f5\aws-java-sdk-s3-1.11.792.jar;C:\Users\Administrator\.gradle\caches\modules-2\files-2.1\com.amazonaws\aws-java-sdk-ec2\1.11.792\48da18a2cf90a25ccd957730555f675d3c307618\aws-java-sdk-ec2-1.11.792.jar;C:\Users\Administrator\.gradle\caches\modules-2\files-2.1\com.amazonaws\aws-java-sdk-cloudformation\1.11.792\8062fe8b90d491eb6edea432cfcdc12c17ab613d\aws-java-sdk-cloudformation-1.11.792.jar;C:\Users\Administrator\.gradle\caches\modules-2\files-2.1\com.amazonaws\aws-java-sdk-kms\1.11.792\f1be0a48b97061850387a0c25a462a2b21d0fec0\aws-java-sdk-kms-1.11.792.jar;C:\Users\Administrator\.gradle\caches\modules-2\files-2.1\com.amazonaws\aws-java-sdk-core\1.11.792\637fb072aa9c4be658e1d1e2a3df727a25c05b59\aws-java-sdk-core-1.11.792.jar;C:\Users\Administrator\.gradle\caches\modules-2\files-2.1\com.fasterxml.jackson.dataformat\jackson-dataformat-cbor\2.15.4\4416d9cc61bde0c0b11d38e66d219090be4a2b70\jackson-dataformat-cbor-2.15.4.jar;C:\Users\Administrator\.gradle\caches\modules-2\files-2.1\com.fasterxml.jackson.core\jackson-core\2.15.4\aebe84b45360debad94f692a4074c6aceb535fa0\jackson-core-2.15.4.jar;C:\Users\Administrator\.gradle\caches\modules-2\files-2.1\com.fasterxml.jackson.datatype\jackson-datatype-jdk8\2.15.4\694777f182334a21bf1aeab1b04cc4398c801f3f\jackson-datatype-jdk8-2.15.4.jar;C:\Users\Administrator\.gradle\caches\modules-2\files-2.1\com.amazonaws\jmespath-java\1.11.792\5eaebefdfa6ba75713b37cd16988de9c2ffd0ebe\jmespath-java-1.11.792.jar;C:\Users\Administrator\.gradle\caches\modules-2\files-2.1\com.fasterxml.jackson.core\jackson-databind\2.15.4\560309fc381f77d4d15c4a4cdaa0db5025c4fd13\jackson-databind-2.15.4.jar;C:\Users\Administrator\.gradle\caches\modules-2\files-2.1\org.apache.tomcat.embed\tomcat-embed-websocket\10.1.20\21502adffaf9e6e4bc2b63a557e348d7f6c0faf7\tomcat-embed-websocket-10.1.20.jar;C:\Users\Administrator\.gradle\caches\modules-2\files-2.1\org.apache.tomcat.embed\tomcat-embed-core\10.1.20\ba0dc784e12086f83d8e1d5a10443b166abf5780\tomcat-embed-core-10.1.20.jar;C:\Users\Administrator\.gradle\caches\modules-2\files-2.1\org.apache.tomcat.embed\tomcat-embed-el\10.1.20\cc1a42b8228699e92c8eba0187eccf54bf892802\tomcat-embed-el-10.1.20.jar;C:\Users\Administrator\.gradle\caches\modules-2\files-2.1\io.micrometer\micrometer-observation\1.12.5\ee23704259a1aad5c8f503db4d37cdfe5352e766\micrometer-observation-1.12.5.jar;C:\Users\Administrator\.gradle\caches\modules-2\files-2.1\io.projectreactor.netty\reactor-netty-http\1.1.18\ae9b2275856405cc124be851007b3a867bc30f57\reactor-netty-http-1.1.18.jar;C:\Users\Administrator\.gradle\caches\modules-2\files-2.1\io.projectreactor.netty\reactor-netty-core\1.1.18\4b4ac6bcc29261fa3eab6ca924f508ef9613746a\reactor-netty-core-1.1.18.jar;C:\Users\Administrator\.gradle\caches\modules-2\files-2.1\io.projectreactor\reactor-core\3.6.5\2004aaddac35e8b52daca6a8b4d0db7c6f8fca10\reactor-core-3.6.5.jar;C:\Users\Administrator\.gradle\caches\modules-2\files-2.1\xmlpull\xmlpull\1.1.3.1\2b8e230d2ab644e4ecaa94db7cdedbc40c805dfa\xmlpull-1.1.3.1.jar;C:\Users\Administrator\.gradle\caches\modules-2\files-2.1\xpp3\xpp3_min\1.1.4c\19d4e90b43059058f6e056f794f0ea4030d60b86\xpp3_min-1.1.4c.jar;C:\Users\Administrator\.gradle\caches\modules-2\files-2.1\commons-cli\commons-cli\1.2\2bf96b7aa8b611c177d329452af1dc933e14501c\commons-cli-1.2.jar;C:\Users\Administrator\.gradle\caches\modules-2\files-2.1\com.sun.jersey\jersey-server\1.8\6da1231f5e2d7a9f7d194e292fc3695ba7710b2f\jersey-server-1.8.jar;C:\Users\Administrator\.gradle\caches\modules-2\files-2.1\com.sun.jersey\jersey-core\1.8\b6a0553c0eb3da45a9b8947a0a7283b3b9266d0d\jersey-core-1.8.jar;C:\Users\Administrator\.gradle\caches\modules-2\files-2.1\commons-io\commons-io\2.1\fd51f906669f49a4ffd06650666c3b8147a6106e\commons-io-2.1.jar;C:\Users\Administrator\.gradle\caches\modules-2\files-2.1\commons-httpclient\commons-httpclient\3.0.1\d6364bcc1b2b2aa69d008602d36a700453648560\commons-httpclient-3.0.1.jar;C:\Users\Administrator\.gradle\caches\modules-2\files-2.1\org.apache.httpcomponents\httpclient\4.5.9\a25c1be5ce99d0ce99aa43eb982868c796dd0775\httpclient-4.5.9.jar;C:\Users\Administrator\.gradle\caches\modules-2\files-2.1\commons-codec\commons-codec\1.16.1\47bd4d333fba53406f6c6c51884ddbca435c8862\commons-codec-1.16.1.jar;C:\Users\Administrator\.gradle\caches\modules-2\files-2.1\org.apache.commons\commons-math\2.1\b3c4bdc2778ddccceb8da2acec3e37bfa41303e9\commons-math-2.1.jar;C:\Users\Administrator\.gradle\caches\modules-2\files-2.1\commons-configuration\commons-configuration\1.6\32cadde23955d7681b0d94a2715846d20b425235\commons-configuration-1.6.jar;C:\Users\Administrator\.gradle\caches\modules-2\files-2.1\commons-net\commons-net\1.4.1\abb932adb2c10790c1eaa4365d3ac2a1ac7cb700\commons-net-1.4.1.jar;C:\Users\Administrator\.gradle\caches\modules-2\files-2.1\commons-el\commons-el\1.0\1df2c042b3f2de0124750241ac6c886dbfa2cc2c\commons-el-1.0.jar;C:\Users\Administrator\.gradle\caches\modules-2\files-2.1\org.springframework\spring-jcl\6.1.6\84cb19b30b22feca73c2ac005ca849c5890935a3\spring-jcl-6.1.6.jar;C:\Users\Administrator\.gradle\caches\modules-2\files-2.1\org.hamcrest\hamcrest\2.2\1820c0968dba3a11a1b30669bb1f01978a91dedc\hamcrest-2.2.jar;C:\Users\Administrator\.gradle\caches\modules-2\files-2.1\org.eclipse.angus\angus-activation\2.0.2\41f1e0ddd157c856926ed149ab837d110955a9fc\angus-activation-2.0.2.jar;C:\Users\Administrator\.gradle\caches\modules-2\files-2.1\jakarta.activation\jakarta.activation-api\2.1.3\fa165bd70cda600368eee31555222776a46b881f\jakarta.activation-api-2.1.3.jar;C:\Users\Administrator\.gradle\caches\modules-2\files-2.1\org.springframework.security\spring-security-crypto\6.2.4\9583253c66bafe7cbf0f082d069b08675331ce78\spring-security-crypto-6.2.4.jar;C:\Users\Administrator\.gradle\caches\modules-2\files-2.1\org.attoparser\attoparser\2.0.7.RELEASE\e5d0e988d9124139d645bb5872b24dfa23e283cc\attoparser-2.0.7.RELEASE.jar;C:\Users\Administrator\.gradle\caches\modules-2\files-2.1\org.unbescape\unbescape\1.1.6.RELEASE\7b90360afb2b860e09e8347112800d12c12b2a13\unbescape-1.1.6.RELEASE.jar;C:\Users\Administrator\.gradle\caches\modules-2\files-2.1\io.micrometer\micrometer-commons\1.12.5\da45afd81a6a05267df5ddfe10438ea857e0f7d9\micrometer-commons-1.12.5.jar;C:\Users\Administrator\.gradle\caches\modules-2\files-2.1\io.netty\netty-codec-http2\4.1.109.Final\6bd4a54b69a81356393f6e4621bad40754f8a5a2\netty-codec-http2-4.1.109.Final.jar;C:\Users\Administrator\.gradle\caches\modules-2\files-2.1\io.netty\netty-handler-proxy\4.1.109.Final\a77224107f586a7f9e3dc5d12fc0d4d8f0c04803\netty-handler-proxy-4.1.109.Final.jar;C:\Users\Administrator\.gradle\caches\modules-2\files-2.1\io.netty\netty-codec-http\4.1.109.Final\6dca43cedc0b2dc6bf57bdc85fce6ffca3e6b72a\netty-codec-http-4.1.109.Final.jar;C:\Users\Administrator\.gradle\caches\modules-2\files-2.1\io.netty\netty-resolver-dns-native-macos\4.1.109.Final\fd5b9a5723287b292123f2fe6811b68a6a9783b5\netty-resolver-dns-native-macos-4.1.109.Final-osx-x86_64.jar;C:\Users\Administrator\.gradle\caches\modules-2\files-2.1\io.netty\netty-resolver-dns-classes-macos\4.1.109.Final\6badcddb9885324b1a2b396068cb45c9af02163b\netty-resolver-dns-classes-macos-4.1.109.Final.jar;C:\Users\Administrator\.gradle\caches\modules-2\files-2.1\io.netty\netty-resolver-dns\4.1.109.Final\5f4d858234b557b73631a24e562bb89fc5399cad\netty-resolver-dns-4.1.109.Final.jar;C:\Users\Administrator\.gradle\caches\modules-2\files-2.1\io.netty\netty-transport-native-epoll\4.1.109.Final\1f762ef557cf91d16b86bde840f618ddb38e6f81\netty-transport-native-epoll-4.1.109.Final-linux-x86_64.jar;C:\Users\Administrator\.gradle\caches\modules-2\files-2.1\org.reactivestreams\reactive-streams\1.0.4\3864a1320d97d7b045f729a326e1e077661f31b7\reactive-streams-1.0.4.jar;C:\Users\Administrator\.gradle\caches\modules-2\files-2.1\org.codehaus.jettison\jettison\1.1\1a01a2a1218fcf9faa2cc2a6ced025bdea687262\jettison-1.1.jar;C:\Users\Administrator\.gradle\caches\modules-2\files-2.1\asm\asm\3.1\c157def142714c544bdea2e6144645702adf7097\asm-3.1.jar;C:\Users\Administrator\.gradle\caches\modules-2\files-2.1\commons-digester\commons-digester\1.8\dc6a73fdbd1fa3f0944e8497c6c872fa21dca37e\commons-digester-1.8.jar;C:\Users\Administrator\.gradle\caches\modules-2\files-2.1\commons-beanutils\commons-beanutils-core\1.8.0\175dc721f87e4bc5cc0573f990e28c3cf9117508\commons-beanutils-core-1.8.0.jar;C:\Users\Administrator\.gradle\caches\modules-2\files-2.1\commons-beanutils\commons-beanutils\1.7.0\5675fd96b29656504b86029551973d60fb41339b\commons-beanutils-1.7.0.jar;C:\Users\Administrator\.gradle\caches\modules-2\files-2.1\commons-logging\commons-logging\1.1.3\f6f66e966c70a83ffbdb6f17a0919eaf7c8aca7f\commons-logging-1.1.3.jar;C:\Users\Administrator\.gradle\caches\modules-2\files-2.1\commons-collections\commons-collections\3.2.1\761ea405b9b37ced573d2df0d1e3a4e0f9edc668\commons-collections-3.2.1.jar;C:\Users\Administrator\.gradle\caches\modules-2\files-2.1\commons-lang\commons-lang\2.4\16313e02a793435009f1e458fa4af5d879f6fb11\commons-lang-2.4.jar;C:\Users\Administrator\.gradle\caches\modules-2\files-2.1\org.glassfish.jaxb\txw2\4.0.5\f36a4ef12120a9bb06d766d6a0e54b144fd7ed98\txw2-4.0.5.jar;C:\Users\Administrator\.gradle\caches\modules-2\files-2.1\com.sun.istack\istack-commons-runtime\4.1.2\18ec117c85f3ba0ac65409136afa8e42bc74e739\istack-commons-runtime-4.1.2.jar;C:\Users\Administrator\.gradle\caches\modules-2\files-2.1\org.apache.logging.log4j\log4j-api\2.21.1\74c65e87b9ce1694a01524e192d7be989ba70486\log4j-api-2.21.1.jar;C:\Users\Administrator\.gradle\caches\modules-2\files-2.1\software.amazon.ion\ion-java\1.0.2\ee9dacea7726e495f8352b81c12c23834ffbc564\ion-java-1.0.2.jar;C:\Users\Administrator\.gradle\caches\modules-2\files-2.1\joda-time\joda-time\2.8.1\f5bfc718c95a7b1d3c371bb02a188a4df18361a9\joda-time-2.8.1.jar;C:\Users\Administrator\.gradle\caches\modules-2\files-2.1\io.netty\netty-handler\4.1.109.Final\9167863307b3c44cc12262e7b5512de3499b9c4a\netty-handler-4.1.109.Final.jar;C:\Users\Administrator\.gradle\caches\modules-2\files-2.1\io.netty\netty-codec-dns\4.1.109.Final\ee231baee2cc9f1300ecc0d9a1e8bb9b31db02fa\netty-codec-dns-4.1.109.Final.jar;C:\Users\Administrator\.gradle\caches\modules-2\files-2.1\io.netty\netty-codec-socks\4.1.109.Final\7f4f0c0dd54c578af2c613a0db7172bf7dca9c79\netty-codec-socks-4.1.109.Final.jar;C:\Users\Administrator\.gradle\caches\modules-2\files-2.1\io.netty\netty-codec\4.1.109.Final\16e0b2beb49318a549d3ba5d66d707bd5daa8c97\netty-codec-4.1.109.Final.jar;C:\Users\Administrator\.gradle\caches\modules-2\files-2.1\io.netty\netty-transport-classes-epoll\4.1.109.Final\7307c8acbc9b331fce3496750a5112bdc726fd2a\netty-transport-classes-epoll-4.1.109.Final.jar;C:\Users\Administrator\.gradle\caches\modules-2\files-2.1\io.netty\netty-transport-native-unix-common\4.1.109.Final\da7fe1e6943cbab8ee48df2beadc2c8304f347a2\netty-transport-native-unix-common-4.1.109.Final.jar;C:\Users\Administrator\.gradle\caches\modules-2\files-2.1\io.netty\netty-transport\4.1.109.Final\79e3b07d58ef03c7a860d48f932b720675aa8bd3\netty-transport-4.1.109.Final.jar;C:\Users\Administrator\.gradle\caches\modules-2\files-2.1\io.netty\netty-buffer\4.1.109.Final\9d21d602ad7c639fa16b1d26559065d310a34c51\netty-buffer-4.1.109.Final.jar;C:\Users\Administrator\.gradle\caches\modules-2\files-2.1\io.netty\netty-resolver\4.1.109.Final\55485ac976e27c8bb67ee111a8490c58f67b70c\netty-resolver-4.1.109.Final.jar;C:\Users\Administrator\.gradle\caches\modules-2\files-2.1\io.netty\netty-common\4.1.109.Final\da63e54ee1ca69abf4206cb74fadef7f50850911\netty-common-4.1.109.Final.jar;C:\Users\Administrator\.gradle\caches\modules-2\files-2.1\stax\stax-api\1.0.1\49c100caf72d658aca8e58bd74a4ba90fa2b0d70\stax-api-1.0.1.jar;C:\Users\Administrator\.gradle\caches\modules-2\files-2.1\org.apache.httpcomponents\httpcore\4.4.16\51cf043c87253c9f58b539c9f7e44c8894223850\httpcore-4.4.16.jar
Launcher Type: SUN_STANDARD

[Global flags]
     intx CICompilerCount                          = 3                                         {product} {ergonomic}
     uint ConcGCThreads                            = 1                                         {product} {ergonomic}
     uint G1ConcRefinementThreads                  = 4                                         {product} {ergonomic}
   size_t G1HeapRegionSize                         = 1048576                                   {product} {ergonomic}
    uintx GCDrainStackTargetSize                   = 64                                        {product} {ergonomic}
   size_t InitialHeapSize                          = 67108864                                  {product} {ergonomic}
   size_t MarkStackSize                            = 4194304                                   {product} {ergonomic}
   size_t MaxHeapSize                              = 1059061760                                {product} {ergonomic}
   size_t MaxNewSize                               = 635437056                                 {product} {ergonomic}
   size_t MinHeapDeltaBytes                        = 1048576                                   {product} {ergonomic}
   size_t MinHeapSize                              = 8388608                                   {product} {ergonomic}
    uintx NonNMethodCodeHeapSize                   = 5832780                                {pd product} {ergonomic}
    uintx NonProfiledCodeHeapSize                  = 122912730                              {pd product} {ergonomic}
    uintx ProfiledCodeHeapSize                     = 122912730                              {pd product} {ergonomic}
    uintx ReservedCodeCacheSize                    = 251658240                              {pd product} {ergonomic}
     bool SegmentedCodeCache                       = true                                      {product} {ergonomic}
   size_t SoftMaxHeapSize                          = 1059061760                             {manageable} {ergonomic}
     bool UseCompressedOops                        = true                           {product lp64_product} {ergonomic}
     bool UseG1GC                                  = true                                      {product} {ergonomic}
     bool UseLargePagesIndividualAllocation        = false                                  {pd product} {ergonomic}

Logging:
Log output configuration:
 #0: stdout all=warning uptime,level,tags foldmultilines=false
 #1: stderr all=off uptime,level,tags foldmultilines=false

Environment Variables:
PATH=C:\Users\Administrator\.jdks\corretto-17.0.9\bin;C:\Program Files (x86)\Intel\iCLS Client\;C:\Program Files\Intel\iCLS Client\;C:\Windows\system32;C:\Windows;C:\Windows\System32\Wbem;C:\Windows\System32\WindowsPowerShell\v1.0\;C:\Windows\System32\OpenSSH\;C:\Program Files\Git\cmd;C:\Program Files\XVision\Sense Reader;C:\Program Files\MySQL\MySQL Server 8.0\bin;C:\dev\flutter\bin;C:\Users\Administrator\AppData\Local\Microsoft\WindowsApps
USERNAME=Administrator
OS=Windows_NT
PROCESSOR_IDENTIFIER=Intel64 Family 6 Model 69 Stepping 1, GenuineIntel
TMP=C:\Users\ADMINI~1\AppData\Local\Temp
TEMP=C:\Users\ADMINI~1\AppData\Local\Temp




Periodic native trim disabled

---------------  S Y S T E M  ---------------

OS:
 Windows 10 , 64 bit Build 19041 (10.0.19041.3636)
OS uptime: 0 days 6:47 hours

CPU: total 4 (initial active 4) (2 cores per cpu, 2 threads per core) family 6 model 69 stepping 1 microcode 0x25, cx8, cmov, fxsr, ht, mmx, sse, sse2, sse3, ssse3, sse4.1, sse4.2, popcnt, lzcnt, tsc, tscinvbit, avx, avx2, aes, erms, clmul, bmi1, bmi2, fma, vzeroupper, clflush, rdtscp, f16c
Processor Information for all 4 processors :
  Max Mhz: 2001, Current Mhz: 2001, Mhz Limit: 2001

Memory: 4k page, system-wide physical 4036M (67M free)
TotalPageFile size 16324M (AvailPageFile size 4M)
current process WorkingSet (physical memory assigned to process): 132M, peak: 132M
current process commit charge ("private bytes"): 185M, peak: 191M

vm_info: OpenJDK 64-Bit Server VM (21.0.2+13-58) for windows-amd64 JRE (21.0.2+13-58), built on 2024-01-05T18:32:24Z by "mach5one" with MS VC++ 17.1 (VS2022)

END.
